[[1;34mINFO[m] Scanning for projects...
[[1;33mWARNING[m] 
[[1;33mWARNING[m] Some problems were encountered while building the effective model for org.alluxio:alluxio-core-common:jar:2.9.3
[[1;33mWARNING[m] 'build.plugins.plugin.version' for pl.project13.maven:git-commit-id-plugin is missing. @ org.alluxio:alluxio-parent:2.9.3, /home/xinyu/port_ctest_runner/alluxio/pom.xml, line 1167, column 15
[[1;33mWARNING[m] 
[[1;33mWARNING[m] It is highly recommended to fix these problems because they threaten the stability of your build.
[[1;33mWARNING[m] 
[[1;33mWARNING[m] For this reason, future Maven versions might no longer support building such malformed projects.
[[1;33mWARNING[m] 
[[1;34mINFO[m] 
[[1;34mINFO[m] [1m------------------< [0;36morg.alluxio:alluxio-core-common[0;1m >-------------------[m
[[1;34mINFO[m] [1mBuilding Alluxio Core - Common Utilities 2.9.3[m
[[1;34mINFO[m] [1m--------------------------------[ jar ]---------------------------------[m
[[1;34mINFO[m] 
[[1;34mINFO[m] [1m--- [0;32mmaven-surefire-plugin:3.0.0-M5:test[m [1m(default-cli)[m @ [36malluxio-core-common[0;1m ---[m
[[1;34mINFO[m] 
[[1;34mINFO[m] -------------------------------------------------------
[[1;34mINFO[m]  T E S T S
[[1;34mINFO[m] -------------------------------------------------------
[[1;34mINFO[m] Running alluxio.[1mAbstractMasterClientTest[m
[[1;34mINFO[m] Running alluxio.[1mAbstractClientTest[m
[[1;34mINFO[m] [1;32mTests run: [0;1;32m5[m, Failures: 0, Errors: 0, Skipped: 0, Time elapsed: 0.654 s - in alluxio.[1mAbstractClientTest[m
[[1;34mINFO[m] Running alluxio.[1mAlluxioURITest[m
[[1;33mWARNING[m] [1;33mTests [0;1mrun: [0;1m44[m, Failures: 0, Errors: 0, [1;33mSkipped: [0;1;33m3[m, Time elapsed: 0.186 s - in alluxio.[1mAlluxioURITest[m
[[1;34mINFO[m] Running alluxio.[1mAuthenticatedClientUserResourceTest[m
[[1;34mINFO[m] [1;32mTests run: [0;1;32m1[m, Failures: 0, Errors: 0, Skipped: 0, Time elapsed: 0.262 s - in alluxio.[1mAuthenticatedClientUserResourceTest[m
[[1;34mINFO[m] Running alluxio.[1mAuthenticatedUserRuleTest[m
[[1;34mINFO[m] [1;32mTests run: [0;1;32m2[m, Failures: 0, Errors: 0, Skipped: 0, Time elapsed: 0.237 s - in alluxio.[1mAuthenticatedUserRuleTest[m
[[1;34mINFO[m] [1;32mTests run: [0;1;32m4[m, Failures: 0, Errors: 0, Skipped: 0, Time elapsed: 2.283 s - in alluxio.[1mAbstractMasterClientTest[m
[[1;34mINFO[m] Running alluxio.[1mConfigurationRuleTest[m
[[1;34mINFO[m] Running alluxio.[1mSessionInfoTest[m
[[1;34mINFO[m] [1;32mTests run: [0;1;32m4[m, Failures: 0, Errors: 0, Skipped: 0, Time elapsed: 0.046 s - in alluxio.[1mSessionInfoTest[m
[[1;34mINFO[m] [1;32mTests run: [0;1;32m3[m, Failures: 0, Errors: 0, Skipped: 0, Time elapsed: 0.278 s - in alluxio.[1mConfigurationRuleTest[m
[[1;34mINFO[m] Running alluxio.[1mSystemErrRuleTest[m
[[1;34mINFO[m] Running alluxio.[1mSystemOutRuleTest[m
[[1;34mINFO[m] [1;32mTests run: [0;1;32m1[m, Failures: 0, Errors: 0, Skipped: 0, Time elapsed: 0.046 s - in alluxio.[1mSystemErrRuleTest[m
[[1;34mINFO[m] [1;32mTests run: [0;1;32m1[m, Failures: 0, Errors: 0, Skipped: 0, Time elapsed: 0.047 s - in alluxio.[1mSystemOutRuleTest[m
[[1;34mINFO[m] Running alluxio.[1mUnderFileSystemFactoryRegistryRuleTest[m
[[1;34mINFO[m] Running alluxio.[1mTestLoggerRuleTest[m
[[1;34mINFO[m] [1;32mTests run: [0;1;32m2[m, Failures: 0, Errors: 0, Skipped: 0, Time elapsed: 0.132 s - in alluxio.[1mTestLoggerRuleTest[m
[[1;34mINFO[m] Running alluxio.check.[1mUpdateCheckTest[m
[[1;34mINFO[m] [1;32mTests run: [0;1;32m1[m, Failures: 0, Errors: 0, Skipped: 0, Time elapsed: 0.584 s - in alluxio.[1mUnderFileSystemFactoryRegistryRuleTest[m
[[1;34mINFO[m] Running alluxio.cli.[1mAbstractShellTest[m
[[1;31mERROR[m] WARNING: An illegal reflective access operation has occurred
[[1;31mERROR[m] WARNING: Illegal reflective access by org.powermock.reflect.internal.WhiteboxImpl (file:/home/xinyu/.m2/repository/org/powermock/powermock-reflect/2.0.7/powermock-reflect-2.0.7.jar) to method java.lang.Object.clone()
[[1;31mERROR[m] WARNING: Please consider reporting this to the maintainers of org.powermock.reflect.internal.WhiteboxImpl
[[1;31mERROR[m] WARNING: Use --illegal-access=warn to enable warnings of further illegal reflective access operations
[[1;31mERROR[m] WARNING: All illegal access operations will be denied in a future release
[[1;34mINFO[m] [1;32mTests run: [0;1;32m4[m, Failures: 0, Errors: 0, Skipped: 0, Time elapsed: 0.701 s - in alluxio.cli.[1mAbstractShellTest[m
[[1;34mINFO[m] Running alluxio.cli.[1mCommandTest[m
[[1;34mINFO[m] [1;32mTests run: [0;1;32m2[m, Failures: 0, Errors: 0, Skipped: 0, Time elapsed: 0.167 s - in alluxio.cli.[1mCommandTest[m
[[1;34mINFO[m] Running alluxio.client.file.[1mCacheContextTest[m
[[1;34mINFO[m] [1;32mTests run: [0;1;32m2[m, Failures: 0, Errors: 0, Skipped: 0, Time elapsed: 0.055 s - in alluxio.client.file.[1mCacheContextTest[m
[[1;34mINFO[m] [1;32mTests run: [0;1;32m18[m, Failures: 0, Errors: 0, Skipped: 0, Time elapsed: 2.011 s - in alluxio.check.[1mUpdateCheckTest[m
[[1;34mINFO[m] Running alluxio.client.file.[1mURIStatusTest[m
[[1;34mINFO[m] Running alluxio.client.quota.[1mCacheScopeTest[m
[[1;34mINFO[m] [1;32mTests run: [0;1;32m3[m, Failures: 0, Errors: 0, Skipped: 0, Time elapsed: 0.142 s - in alluxio.client.file.[1mURIStatusTest[m
[[1;34mINFO[m] [1;32mTests run: [0;1;32m3[m, Failures: 0, Errors: 0, Skipped: 0, Time elapsed: 0.055 s - in alluxio.client.quota.[1mCacheScopeTest[m
[[1;34mINFO[m] Running alluxio.collections.[1mBuiltinBitSetTest[m
[[1;34mINFO[m] Running alluxio.collections.[1mConcurrentIdentityHashMapTest[m
[[1;34mINFO[m] [1;32mTests run: [0;1;32m1[m, Failures: 0, Errors: 0, Skipped: 0, Time elapsed: 0.047 s - in alluxio.collections.[1mBuiltinBitSetTest[m
[[1;34mINFO[m] [1;32mTests run: [0;1;32m7[m, Failures: 0, Errors: 0, Skipped: 0, Time elapsed: 0.055 s - in alluxio.collections.[1mConcurrentIdentityHashMapTest[m
[[1;34mINFO[m] Running alluxio.collections.[1mDirectedAcyclicGraphTest[m
[[1;34mINFO[m] Running alluxio.collections.[1mIndexedSetConcurrencyTest[m
[[1;34mINFO[m] [1;32mTests run: [0;1;32m2[m, Failures: 0, Errors: 0, Skipped: 0, Time elapsed: 0.047 s - in alluxio.collections.[1mDirectedAcyclicGraphTest[m
[[1;34mINFO[m] Running alluxio.collections.[1mIndexedSetTest[m
[[1;34mINFO[m] [1;32mTests run: [0;1;32m13[m, Failures: 0, Errors: 0, Skipped: 0, Time elapsed: 0.106 s - in alluxio.collections.[1mIndexedSetTest[m
[[1;34mINFO[m] Running alluxio.collections.[1mLockPoolTest[m
[[1;34mINFO[m] [1;32mTests run: [0;1;32m3[m, Failures: 0, Errors: 0, Skipped: 0, Time elapsed: 0.481 s - in alluxio.collections.[1mLockPoolTest[m
[[1;34mINFO[m] Running alluxio.collections.[1mPairTest[m
[[1;34mINFO[m] [1;32mTests run: [0;1;32m1[m, Failures: 0, Errors: 0, Skipped: 0, Time elapsed: 0.1 s - in alluxio.collections.[1mPairTest[m
[[1;34mINFO[m] Running alluxio.collections.[1mPrefixListTest[m
[[1;34mINFO[m] [1;32mTests run: [0;1;32m4[m, Failures: 0, Errors: 0, Skipped: 0, Time elapsed: 0.115 s - in alluxio.collections.[1mPrefixListTest[m
[[1;34mINFO[m] Running alluxio.collections.[1mUnmodifiableArrayListTest[m
[[1;34mINFO[m] [1;32mTests run: [0;1;32m11[m, Failures: 0, Errors: 0, Skipped: 0, Time elapsed: 0.158 s - in alluxio.collections.[1mUnmodifiableArrayListTest[m
[[1;34mINFO[m] Running alluxio.concurrent.[1mClientRWLockTest[m
[[1;34mINFO[m] [1;32mTests run: [0;1;32m5[m, Failures: 0, Errors: 0, Skipped: 0, Time elapsed: 0.14 s - in alluxio.concurrent.[1mClientRWLockTest[m
[[1;34mINFO[m] Running alluxio.concurrent.[1mCountingLatchTest[m
[[1;34mINFO[m] [1;32mTests run: [0;1;32m8[m, Failures: 0, Errors: 0, Skipped: 0, Time elapsed: 5.133 s - in alluxio.concurrent.[1mCountingLatchTest[m
[[1;34mINFO[m] Running alluxio.conf.[1mAlluxioPropertiesTest[m
[[1;34mINFO[m] [1;32mTests run: [0;1;32m12[m, Failures: 0, Errors: 0, Skipped: 0, Time elapsed: 0.538 s - in alluxio.conf.[1mAlluxioPropertiesTest[m
[[1;34mINFO[m] Running alluxio.conf.[1mCredentialConfigItemsTest[m
[[1;34mINFO[m] [1;32mTests run: [0;1;32m2[m, Failures: 0, Errors: 0, Skipped: 0, Time elapsed: 0.38 s - in alluxio.conf.[1mCredentialConfigItemsTest[m
[[1;34mINFO[m] Running alluxio.conf.[1mInstancedConfigurationTest[m
[[1;34mINFO[m] [1;32mTests run: [0;1;32m95[m, Failures: 0, Errors: 0, Skipped: 0, Time elapsed: 0.86 s - in alluxio.conf.[1mInstancedConfigurationTest[m
[[1;34mINFO[m] Running alluxio.conf.[1mPropertyKeyTest[m
[[1;34mINFO[m] [1;32mTests run: [0;1;32m26[m, Failures: 0, Errors: 0, Skipped: 0, Time elapsed: 0.451 s - in alluxio.conf.[1mPropertyKeyTest[m
[[1;34mINFO[m] Running alluxio.conf.[1mSourceTest[m
[[1;34mINFO[m] [1;32mTests run: [0;1;32m2[m, Failures: 0, Errors: 0, Skipped: 0, Time elapsed: 0.107 s - in alluxio.conf.[1mSourceTest[m
[[1;34mINFO[m] Running alluxio.conf.path.[1mPrefixPathMatcherTest[m
[[1;34mINFO[m] [1;32mTests run: [0;1;32m4[m, Failures: 0, Errors: 0, Skipped: 0, Time elapsed: 0.136 s - in alluxio.conf.path.[1mPrefixPathMatcherTest[m
[[1;34mINFO[m] Running alluxio.conf.path.[1mTrieNodeTest[m
[[1;34mINFO[m] [1;32mTests run: [0;1;32m9[m, Failures: 0, Errors: 0, Skipped: 0, Time elapsed: 0.132 s - in alluxio.conf.path.[1mTrieNodeTest[m
[[1;34mINFO[m] Running alluxio.grpc.[1mGrpcChannelPoolTest[m
[[1;34mINFO[m] [1;32mTests run: [0;1;32m5[m, Failures: 0, Errors: 0, Skipped: 0, Time elapsed: 2.697 s - in alluxio.grpc.[1mGrpcChannelPoolTest[m
[[1;34mINFO[m] Running alluxio.grpc.[1mGrpcUtilsTest[m
[[1;34mINFO[m] [1;32mTests run: [0;1;32m1[m, Failures: 0, Errors: 0, Skipped: 0, Time elapsed: 0.06 s - in alluxio.grpc.[1mGrpcUtilsTest[m
[[1;34mINFO[m] Running alluxio.grpc.[1mReadResponseMarshallerTest[m
[[1;34mINFO[m] [1;32mTests run: [0;1;32m5[m, Failures: 0, Errors: 0, Skipped: 0, Time elapsed: 0.211 s - in alluxio.grpc.[1mReadResponseMarshallerTest[m
[[1;34mINFO[m] Running alluxio.grpc.[1mWriteRequestMarshallerTest[m
[[1;34mINFO[m] [1;32mTests run: [0;1;32m1[m, Failures: 0, Errors: 0, Skipped: 0, Time elapsed: 0.247 s - in alluxio.grpc.[1mWriteRequestMarshallerTest[m
[[1;34mINFO[m] Running alluxio.heartbeat.[1mHeartbeatContextTest[m
[[1;34mINFO[m] [1;32mTests run: [0;1;32m2[m, Failures: 0, Errors: 0, Skipped: 0, Time elapsed: 0.085 s - in alluxio.heartbeat.[1mHeartbeatContextTest[m
[[1;34mINFO[m] Running alluxio.heartbeat.[1mHeartbeatThreadTest[m
[[1;34mINFO[m] [1;32mTests run: [0;1;32m2[m, Failures: 0, Errors: 0, Skipped: 0, Time elapsed: 1.148 s - in alluxio.heartbeat.[1mHeartbeatThreadTest[m
[[1;34mINFO[m] Running alluxio.heartbeat.[1mSleepingTimerTest[m
[[1;34mINFO[m] [1;32mTests run: [0;1;32m3[m, Failures: 0, Errors: 0, Skipped: 0, Time elapsed: 0.724 s - in alluxio.heartbeat.[1mSleepingTimerTest[m
[[1;34mINFO[m] Running alluxio.master.[1mMasterInquireClientTest[m
[[1;34mINFO[m] [1;32mTests run: [0;1;32m3[m, Failures: 0, Errors: 0, Skipped: 0, Time elapsed: 0.496 s - in alluxio.master.[1mMasterInquireClientTest[m
[[1;34mINFO[m] Running alluxio.master.[1mPollingMasterInquireClientTest[m
[[1;34mINFO[m] [1;32mTests run: [0;1;32m4[m, Failures: 0, Errors: 0, Skipped: 0, Time elapsed: 23.724 s - in alluxio.collections.[1mIndexedSetConcurrencyTest[m
[[1;34mINFO[m] [1;32mTests run: [0;1;32m1[m, Failures: 0, Errors: 0, Skipped: 0, Time elapsed: 1.085 s - in alluxio.master.[1mPollingMasterInquireClientTest[m
[[1;34mINFO[m] Running alluxio.master.[1mPortReservationRuleTest[m
[[1;34mINFO[m] [1;32mTests run: [0;1;32m2[m, Failures: 0, Errors: 0, Skipped: 0, Time elapsed: 0.055 s - in alluxio.master.[1mPortReservationRuleTest[m
[[1;34mINFO[m] Running alluxio.master.[1mZkMasterInquireClientTest[m
[[1;34mINFO[m] Running alluxio.master.block.[1mBlockIdTest[m
[[1;34mINFO[m] [1;32mTests run: [0;1;32m5[m, Failures: 0, Errors: 0, Skipped: 0, Time elapsed: 0.049 s - in alluxio.master.block.[1mBlockIdTest[m
[[1;34mINFO[m] Running alluxio.metrics.[1mMetricTest[m
[[1;34mINFO[m] [1;32mTests run: [0;1;32m3[m, Failures: 0, Errors: 0, Skipped: 0, Time elapsed: 0.19 s - in alluxio.metrics.[1mMetricTest[m
[[1;34mINFO[m] Running alluxio.metrics.[1mMetricsConfigTest[m
[[1;34mINFO[m] [1;32mTests run: [0;1;32m2[m, Failures: 0, Errors: 0, Skipped: 0, Time elapsed: 0.112 s - in alluxio.metrics.[1mMetricsConfigTest[m
[[1;34mINFO[m] Running alluxio.metrics.[1mMetricsSystemTest[m
[[1;34mINFO[m] [1;32mTests run: [0;1;32m9[m, Failures: 0, Errors: 0, Skipped: 0, Time elapsed: 2.422 s - in alluxio.metrics.[1mMetricsSystemTest[m
[[1;34mINFO[m] Running alluxio.network.protocol.databuffer.[1mRefCountedNioByteBufTest[m
[[1;34mINFO[m] [1;32mTests run: [0;1;32m375[m, Failures: 0, Errors: 0, Skipped: 0, Time elapsed: 3.2 s - in alluxio.network.protocol.databuffer.[1mRefCountedNioByteBufTest[m
[[1;34mINFO[m] Running alluxio.refresh.[1mTimeoutRefreshTest[m
[[1;34mINFO[m] [1;32mTests run: [0;1;32m1[m, Failures: 0, Errors: 0, Skipped: 0, Time elapsed: 0.831 s - in alluxio.refresh.[1mTimeoutRefreshTest[m
[[1;34mINFO[m] Running alluxio.resource.[1mCloseableIteratorTest[m
[[1;34mINFO[m] [1;32mTests run: [0;1;32m3[m, Failures: 0, Errors: 0, Skipped: 0, Time elapsed: 0.243 s - in alluxio.resource.[1mCloseableIteratorTest[m
[[1;34mINFO[m] Running alluxio.resource.[1mDynamicResourcePoolTest[m
[[1;34mINFO[m] [1;32mTests run: [0;1;32m8[m, Failures: 0, Errors: 0, Skipped: 0, Time elapsed: 8.297 s - in alluxio.resource.[1mDynamicResourcePoolTest[m
[[1;34mINFO[m] Running alluxio.resource.[1mLockResourceTest[m
[[1;34mINFO[m] [1;32mTests run: [0;1;32m3[m, Failures: 0, Errors: 0, Skipped: 0, Time elapsed: 0.268 s - in alluxio.resource.[1mLockResourceTest[m
[[1;34mINFO[m] Running alluxio.resource.[1mResourcePoolTest[m
[[1;34mINFO[m] [1;32mTests run: [0;1;32m3[m, Failures: 0, Errors: 0, Skipped: 0, Time elapsed: 5.256 s - in alluxio.resource.[1mResourcePoolTest[m
[[1;34mINFO[m] Running alluxio.retry.[1mCountingRetryTest[m
[[1;34mINFO[m] [1;32mTests run: [0;1;32m1[m, Failures: 0, Errors: 0, Skipped: 0, Time elapsed: 0.042 s - in alluxio.retry.[1mCountingRetryTest[m
[[1;34mINFO[m] Running alluxio.retry.[1mExponentialBackoffRetryTest[m
[[1;34mINFO[m] [1;32mTests run: [0;1;32m1[m, Failures: 0, Errors: 0, Skipped: 0, Time elapsed: 0.044 s - in alluxio.retry.[1mExponentialBackoffRetryTest[m
[[1;34mINFO[m] Running alluxio.retry.[1mExponentialTimeBoundedRetryTest[m
[[1;34mINFO[m] [1;32mTests run: [0;1;32m1[m, Failures: 0, Errors: 0, Skipped: 0, Time elapsed: 0.096 s - in alluxio.retry.[1mExponentialTimeBoundedRetryTest[m
[[1;34mINFO[m] Running alluxio.retry.[1mRetryUtilsTest[m
[[1;34mINFO[m] [1;32mTests run: [0;1;32m2[m, Failures: 0, Errors: 0, Skipped: 0, Time elapsed: 0.112 s - in alluxio.retry.[1mRetryUtilsTest[m
[[1;34mINFO[m] Running alluxio.retry.[1mTimeoutRetryTest[m
[[1;34mINFO[m] [1;32mTests run: [0;1;32m1[m, Failures: 0, Errors: 0, Skipped: 0, Time elapsed: 0.193 s - in alluxio.retry.[1mTimeoutRetryTest[m
[[1;34mINFO[m] Running alluxio.security.[1mUserTest[m
[[1;34mINFO[m] [1;32mTests run: [0;1;32m2[m, Failures: 0, Errors: 0, Skipped: 0, Time elapsed: 0.049 s - in alluxio.security.[1mUserTest[m
[[1;34mINFO[m] Running alluxio.security.authentication.[1mCustomAuthenticationProviderTest[m
[[1;34mINFO[m] [1;32mTests run: [0;1;32m2[m, Failures: 0, Errors: 0, Skipped: 0, Time elapsed: 0.122 s - in alluxio.security.authentication.[1mCustomAuthenticationProviderTest[m
[[1;34mINFO[m] Running alluxio.security.authentication.[1mPlainSaslClientCallbackHandlerTest[m
[[1;34mINFO[m] [1;32mTests run: [0;1;32m5[m, Failures: 0, Errors: 0, Skipped: 0, Time elapsed: 0.048 s - in alluxio.security.authentication.[1mPlainSaslClientCallbackHandlerTest[m
[[1;34mINFO[m] Running alluxio.security.authentication.[1mPlainSaslServerCallbackHandlerTest[m
[[1;34mINFO[m] [1;32mTests run: [0;1;32m3[m, Failures: 0, Errors: 0, Skipped: 0, Time elapsed: 0.261 s - in alluxio.security.authentication.[1mPlainSaslServerCallbackHandlerTest[m
[[1;34mINFO[m] Running alluxio.security.authentication.[1mPlainSaslServerProviderTest[m
[[1;34mINFO[m] [1;32mTests run: [0;1;32m2[m, Failures: 0, Errors: 0, Skipped: 0, Time elapsed: 0.088 s - in alluxio.security.authentication.[1mPlainSaslServerProviderTest[m
[[1;34mINFO[m] Running alluxio.security.authentication.[1mPlainSaslServerTest[m
[[1;34mINFO[m] [1;32mTests run: [0;1;32m5[m, Failures: 0, Errors: 0, Skipped: 0, Time elapsed: 0.058 s - in alluxio.security.authentication.[1mPlainSaslServerTest[m
[[1;34mINFO[m] Running alluxio.security.authentication.[1mSaslHandlersTest[m
[[1;34mINFO[m] [1;32mTests run: [0;1;32m4[m, Failures: 0, Errors: 0, Skipped: 0, Time elapsed: 0.28 s - in alluxio.security.authentication.[1mSaslHandlersTest[m
[[1;34mINFO[m] Running alluxio.security.authentication.[1mSimpleAuthenticationProviderTest[m
[[1;34mINFO[m] [1;32mTests run: [0;1;32m1[m, Failures: 0, Errors: 0, Skipped: 0, Time elapsed: 0.04 s - in alluxio.security.authentication.[1mSimpleAuthenticationProviderTest[m
[[1;34mINFO[m] Running alluxio.security.authorization.[1mAccessControlListTest[m
[[1;34mINFO[m] [1;32mTests run: [0;1;32m8[m, Failures: 0, Errors: 0, Skipped: 0, Time elapsed: 0.066 s - in alluxio.security.authorization.[1mAccessControlListTest[m
[[1;34mINFO[m] Running alluxio.security.authorization.[1mAclActionsTest[m
[[1;34mINFO[m] [1;32mTests run: [0;1;32m5[m, Failures: 0, Errors: 0, Skipped: 0, Time elapsed: 0.047 s - in alluxio.security.authorization.[1mAclActionsTest[m
[[1;34mINFO[m] Running alluxio.security.authorization.[1mAclEntryTest[m
[[1;34mINFO[m] [1;32mTests run: [0;1;32m8[m, Failures: 0, Errors: 0, Skipped: 0, Time elapsed: 0.047 s - in alluxio.security.authorization.[1mAclEntryTest[m
[[1;34mINFO[m] Running alluxio.security.authorization.[1mModeBitsTest[m
[[1;34mINFO[m] [1;32mTests run: [0;1;32m6[m, Failures: 0, Errors: 0, Skipped: 0, Time elapsed: 0.046 s - in alluxio.security.authorization.[1mModeBitsTest[m
[[1;34mINFO[m] Running alluxio.security.authorization.[1mModeParserTest[m
[[1;34mINFO[m] [1;32mTests run: [0;1;32m11[m, Failures: 0, Errors: 0, Skipped: 0, Time elapsed: 0.062 s - in alluxio.security.authorization.[1mModeParserTest[m
[[1;34mINFO[m] Running alluxio.security.authorization.[1mModeTest[m
[[1;34mINFO[m] [1;32mTests run: [0;1;32m14[m, Failures: 0, Errors: 0, Skipped: 0, Time elapsed: 0.248 s - in alluxio.security.authorization.[1mModeTest[m
[[1;34mINFO[m] Running alluxio.security.group.[1mGroupMappingServiceTest[m
[[1;34mINFO[m] [1;32mTests run: [0;1;32m1[m, Failures: 0, Errors: 0, Skipped: 0, Time elapsed: 0.259 s - in alluxio.security.group.[1mGroupMappingServiceTest[m
[[1;34mINFO[m] Running alluxio.security.group.[1mIdentityUserGroupsMappingTest[m
[[1;34mINFO[m] [1;32mTests run: [0;1;32m1[m, Failures: 0, Errors: 0, Skipped: 0, Time elapsed: 0.046 s - in alluxio.security.group.[1mIdentityUserGroupsMappingTest[m
[[1;34mINFO[m] Running alluxio.security.group.[1mShellBasedUnixGroupsMappingTest[m
[[1;31mERROR[m] WARNING: An illegal reflective access operation has occurred
[[1;31mERROR[m] WARNING: Illegal reflective access by org.powermock.reflect.internal.WhiteboxImpl (file:/home/xinyu/.m2/repository/org/powermock/powermock-reflect/2.0.7/powermock-reflect-2.0.7.jar) to method java.lang.Object.clone()
[[1;31mERROR[m] WARNING: Please consider reporting this to the maintainers of org.powermock.reflect.internal.WhiteboxImpl
[[1;31mERROR[m] WARNING: Use --illegal-access=warn to enable warnings of further illegal reflective access operations
[[1;31mERROR[m] WARNING: All illegal access operations will be denied in a future release
[[1;34mINFO[m] [1;32mTests run: [0;1;32m1[m, Failures: 0, Errors: 0, Skipped: 0, Time elapsed: 1.219 s - in alluxio.security.group.[1mShellBasedUnixGroupsMappingTest[m
[[1;34mINFO[m] Running alluxio.security.login.[1mLoginModuleTest[m
[[1;34mINFO[m] [1;32mTests run: [0;1;32m2[m, Failures: 0, Errors: 0, Skipped: 0, Time elapsed: 0.133 s - in alluxio.security.login.[1mLoginModuleTest[m
[[1;34mINFO[m] Running alluxio.security.user.[1mUserStateTest[m
[[1;34mINFO[m] [1;32mTests run: [0;1;32m8[m, Failures: 0, Errors: 0, Skipped: 0, Time elapsed: 0.253 s - in alluxio.security.user.[1mUserStateTest[m
[[1;34mINFO[m] Running alluxio.shell.[1mShellCommandTest[m
[[1;34mINFO[m] [1;32mTests run: [0;1;32m5[m, Failures: 0, Errors: 0, Skipped: 0, Time elapsed: 0.138 s - in alluxio.shell.[1mShellCommandTest[m
[[1;34mINFO[m] Running alluxio.test.util.[1mCommonTestUtilsTest[m
[[1;31mERROR[m] WARNING: An illegal reflective access operation has occurred
[[1;31mERROR[m] WARNING: Illegal reflective access by org.powermock.reflect.internal.WhiteboxImpl (file:/home/xinyu/.m2/repository/org/powermock/powermock-reflect/2.0.7/powermock-reflect-2.0.7.jar) to method java.lang.Object.clone()
[[1;31mERROR[m] WARNING: Please consider reporting this to the maintainers of org.powermock.reflect.internal.WhiteboxImpl
[[1;31mERROR[m] WARNING: Use --illegal-access=warn to enable warnings of further illegal reflective access operations
[[1;31mERROR[m] WARNING: All illegal access operations will be denied in a future release
[[1;34mINFO[m] [1;32mTests run: [0;1;32m5[m, Failures: 0, Errors: 0, Skipped: 0, Time elapsed: 1.046 s - in alluxio.test.util.[1mCommonTestUtilsTest[m
[[1;34mINFO[m] Running alluxio.time.[1mExponentialTimerTest[m
[[1;34mINFO[m] [1;32mTests run: [0;1;32m4[m, Failures: 0, Errors: 0, Skipped: 0, Time elapsed: 36.066 s - in alluxio.master.[1mZkMasterInquireClientTest[m
[[1;34mINFO[m] Running alluxio.time.[1mManualSleeperTest[m
[[1;34mINFO[m] [1;32mTests run: [0;1;32m2[m, Failures: 0, Errors: 0, Skipped: 0, Time elapsed: 0.049 s - in alluxio.time.[1mManualSleeperTest[m
[[1;34mINFO[m] Running alluxio.underfs.[1mFingerprintTest[m
[[1;34mINFO[m] [1;32mTests run: [0;1;32m6[m, Failures: 0, Errors: 0, Skipped: 0, Time elapsed: 0.133 s - in alluxio.underfs.[1mFingerprintTest[m
[[1;34mINFO[m] [1;32mTests run: [0;1;32m2[m, Failures: 0, Errors: 0, Skipped: 0, Time elapsed: 1.687 s - in alluxio.time.[1mExponentialTimerTest[m
[[1;34mINFO[m] Running alluxio.underfs.[1mObjectUnderFileSystemTest[m
[[1;34mINFO[m] Running alluxio.underfs.[1mUfsDirectoryStatusTest[m
[[1;34mINFO[m] [1;32mTests run: [0;1;32m2[m, Failures: 0, Errors: 0, Skipped: 0, Time elapsed: 0.051 s - in alluxio.underfs.[1mUfsDirectoryStatusTest[m
[[1;34mINFO[m] Running alluxio.underfs.[1mUfsFileStatusTest[m
[[1;34mINFO[m] [1;32mTests run: [0;1;32m2[m, Failures: 0, Errors: 0, Skipped: 0, Time elapsed: 0.122 s - in alluxio.underfs.[1mUfsFileStatusTest[m
[[1;34mINFO[m] [1;32mTests run: [0;1;32m1[m, Failures: 0, Errors: 0, Skipped: 0, Time elapsed: 0.663 s - in alluxio.underfs.[1mObjectUnderFileSystemTest[m
[[1;34mINFO[m] Running alluxio.underfs.[1mUnderFileSystemConfigurationTest[m
[[1;34mINFO[m] Running alluxio.underfs.[1mUnderFileSystemTest[m
[[1;34mINFO[m] [1;32mTests run: [0;1;32m6[m, Failures: 0, Errors: 0, Skipped: 0, Time elapsed: 0.264 s - in alluxio.underfs.[1mUnderFileSystemConfigurationTest[m
[[1;33mWARNING[m] [1;33mTests [0;1mrun: [0;1m2[m, Failures: 0, Errors: 0, [1;33mSkipped: [0;1;33m1[m, Time elapsed: 0.286 s - in alluxio.underfs.[1mUnderFileSystemTest[m
[[1;34mINFO[m] Running alluxio.underfs.options.[1mCreateOptionsTest[m
[[1;34mINFO[m] Running alluxio.underfs.options.[1mDeleteOptionsTest[m
[[1;34mINFO[m] [1;32mTests run: [0;1;32m4[m, Failures: 0, Errors: 0, Skipped: 0, Time elapsed: 0.276 s - in alluxio.underfs.options.[1mCreateOptionsTest[m
[[1;34mINFO[m] Running alluxio.underfs.options.[1mFileLocationOptionsTest[m
[[1;34mINFO[m] [1;32mTests run: [0;1;32m3[m, Failures: 0, Errors: 0, Skipped: 0, Time elapsed: 0.066 s - in alluxio.underfs.options.[1mFileLocationOptionsTest[m
[[1;34mINFO[m] Running alluxio.underfs.options.[1mListOptionsTest[m
[[1;34mINFO[m] [1;32mTests run: [0;1;32m3[m, Failures: 0, Errors: 0, Skipped: 0, Time elapsed: 0.066 s - in alluxio.underfs.options.[1mListOptionsTest[m
[[1;31mERROR[m] WARNING: An illegal reflective access operation has occurred
[[1;31mERROR[m] WARNING: Illegal reflective access by org.powermock.reflect.internal.WhiteboxImpl (file:/home/xinyu/.m2/repository/org/powermock/powermock-reflect/2.0.7/powermock-reflect-2.0.7.jar) to method java.lang.Object.clone()
[[1;31mERROR[m] WARNING: Please consider reporting this to the maintainers of org.powermock.reflect.internal.WhiteboxImpl
[[1;31mERROR[m] WARNING: Use --illegal-access=warn to enable warnings of further illegal reflective access operations
[[1;31mERROR[m] WARNING: All illegal access operations will be denied in a future release
[[1;34mINFO[m] [1;32mTests run: [0;1;32m3[m, Failures: 0, Errors: 0, Skipped: 0, Time elapsed: 0.805 s - in alluxio.underfs.options.[1mDeleteOptionsTest[m
[[1;34mINFO[m] Running alluxio.underfs.options.[1mMkdirsOptionsTest[m
[[1;34mINFO[m] Running alluxio.underfs.options.[1mOpenOptionsTest[m
[[1;34mINFO[m] [1;32mTests run: [0;1;32m4[m, Failures: 0, Errors: 0, Skipped: 0, Time elapsed: 0.273 s - in alluxio.underfs.options.[1mMkdirsOptionsTest[m
[[1;34mINFO[m] Running alluxio.uri.[1mAuthorityTest[m
[[1;34mINFO[m] [1;32mTests run: [0;1;32m7[m, Failures: 0, Errors: 0, Skipped: 0, Time elapsed: 0.132 s - in alluxio.uri.[1mAuthorityTest[m
[[1;31mERROR[m] WARNING: An illegal reflective access operation has occurred
[[1;31mERROR[m] WARNING: Illegal reflective access by org.powermock.reflect.internal.WhiteboxImpl (file:/home/xinyu/.m2/repository/org/powermock/powermock-reflect/2.0.7/powermock-reflect-2.0.7.jar) to method java.lang.Object.clone()
[[1;31mERROR[m] WARNING: Please consider reporting this to the maintainers of org.powermock.reflect.internal.WhiteboxImpl
[[1;31mERROR[m] WARNING: Use --illegal-access=warn to enable warnings of further illegal reflective access operations
[[1;31mERROR[m] WARNING: All illegal access operations will be denied in a future release
[[1;34mINFO[m] Running alluxio.util.[1mBucketCounterTest[m
[[1;34mINFO[m] [1;32mTests run: [0;1;32m3[m, Failures: 0, Errors: 0, Skipped: 0, Time elapsed: 0.802 s - in alluxio.underfs.options.[1mOpenOptionsTest[m
[[1;34mINFO[m] [1;32mTests run: [0;1;32m1[m, Failures: 0, Errors: 0, Skipped: 0, Time elapsed: 0.047 s - in alluxio.util.[1mBucketCounterTest[m
[[1;34mINFO[m] Running alluxio.util.[1mCommonUtilsTest[m
[[1;34mINFO[m] Running alluxio.util.[1mConfigurationUtilsTest[m
[[1;34mINFO[m] [1;32mTests run: [0;1;32m11[m, Failures: 0, Errors: 0, Skipped: 0, Time elapsed: 0.324 s - in alluxio.util.[1mConfigurationUtilsTest[m
[[1;34mINFO[m] Running alluxio.util.[1mExceptionUtilsTest[m
[[1;34mINFO[m] [1;32mTests run: [0;1;32m2[m, Failures: 0, Errors: 0, Skipped: 0, Time elapsed: 0.088 s - in alluxio.util.[1mExceptionUtilsTest[m
[[1;34mINFO[m] Running alluxio.util.[1mFormatUtilsTest[m
[[1;31mERROR[m] WARNING: An illegal reflective access operation has occurred
[[1;31mERROR[m] WARNING: Illegal reflective access by org.powermock.reflect.internal.WhiteboxImpl (file:/home/xinyu/.m2/repository/org/powermock/powermock-reflect/2.0.7/powermock-reflect-2.0.7.jar) to method java.lang.Object.clone()
[[1;31mERROR[m] WARNING: Please consider reporting this to the maintainers of org.powermock.reflect.internal.WhiteboxImpl
[[1;31mERROR[m] WARNING: Use --illegal-access=warn to enable warnings of further illegal reflective access operations
[[1;31mERROR[m] WARNING: All illegal access operations will be denied in a future release
[[1;34mINFO[m] [1;32mTests run: [0;1;32m9[m, Failures: 0, Errors: 0, Skipped: 0, Time elapsed: 0.427 s - in alluxio.util.[1mFormatUtilsTest[m
[[1;34mINFO[m] Running alluxio.util.[1mHFSUtilsTest[m
[[1;34mINFO[m] [1;32mTests run: [0;1;32m8[m, Failures: 0, Errors: 0, Skipped: 0, Time elapsed: 0.052 s - in alluxio.util.[1mHFSUtilsTest[m
[[1;34mINFO[m] Running alluxio.util.[1mIdUtilsTest[m
[[1;34mINFO[m] [1;32mTests run: [0;1;32m3[m, Failures: 0, Errors: 0, Skipped: 0, Time elapsed: 0.123 s - in alluxio.util.[1mIdUtilsTest[m
[[1;34mINFO[m] [1;32mTests run: [0;1;32m28[m, Failures: 0, Errors: 0, Skipped: 0, Time elapsed: 2.334 s - in alluxio.util.[1mCommonUtilsTest[m
[[1;34mINFO[m] Running alluxio.util.[1mJvmPauseMonitorTest[m
[[1;34mINFO[m] Running alluxio.util.[1mLogUtilsTest[m
[[1;34mINFO[m] [1;32mTests run: [0;1;32m5[m, Failures: 0, Errors: 0, Skipped: 0, Time elapsed: 0.152 s - in alluxio.util.[1mLogUtilsTest[m
[[1;34mINFO[m] Running alluxio.util.[1mObjectSizeCalculatorTest[m
[[1;31mERROR[m] WARNING: An illegal reflective access operation has occurred
[[1;31mERROR[m] WARNING: Illegal reflective access by alluxio.util.ObjectSizeCalculator$ClassSizeInfo (file:/home/xinyu/port_ctest_runner/alluxio/core/common/target/classes/) to field java.util.concurrent.ConcurrentHashMap.table
[[1;31mERROR[m] WARNING: Please consider reporting this to the maintainers of alluxio.util.ObjectSizeCalculator$ClassSizeInfo
[[1;31mERROR[m] WARNING: Use --illegal-access=warn to enable warnings of further illegal reflective access operations
[[1;31mERROR[m] WARNING: All illegal access operations will be denied in a future release
[[1;34mINFO[m] [1;32mTests run: [0;1;32m15[m, Failures: 0, Errors: 0, Skipped: 0, Time elapsed: 0.177 s - in alluxio.util.[1mObjectSizeCalculatorTest[m
[[1;34mINFO[m] Running alluxio.util.[1mSecurityUtilsTest[m
[[1;34mINFO[m] [1;32mTests run: [0;1;32m2[m, Failures: 0, Errors: 0, Skipped: 0, Time elapsed: 0.256 s - in alluxio.util.[1mSecurityUtilsTest[m
[[1;34mINFO[m] Running alluxio.util.[1mShellUtilsTest[m
[[1;34mINFO[m] [1;32mTests run: [0;1;32m9[m, Failures: 0, Errors: 0, Skipped: 0, Time elapsed: 0.164 s - in alluxio.util.[1mShellUtilsTest[m
[[1;34mINFO[m] Running alluxio.util.[1mUnderFileSystemUtilsTest[m
[[1;34mINFO[m] [1;32mTests run: [0;1;32m1[m, Failures: 0, Errors: 0, Skipped: 0, Time elapsed: 0.115 s - in alluxio.util.[1mUnderFileSystemUtilsTest[m
[[1;34mINFO[m] Running alluxio.util.[1mWaitForOptionsTest[m
[[1;34mINFO[m] [1;32mTests run: [0;1;32m3[m, Failures: 0, Errors: 0, Skipped: 0, Time elapsed: 0.062 s - in alluxio.util.[1mWaitForOptionsTest[m
[[1;34mINFO[m] Running alluxio.util.executor.[1mControllableSchedulerTest[m
[[1;34mINFO[m] [1;32mTests run: [0;1;32m4[m, Failures: 0, Errors: 0, Skipped: 0, Time elapsed: 0.685 s - in alluxio.util.executor.[1mControllableSchedulerTest[m
[[1;34mINFO[m] [1;32mTests run: [0;1;32m7[m, Failures: 0, Errors: 0, Skipped: 0, Time elapsed: 3.376 s - in alluxio.util.[1mJvmPauseMonitorTest[m
[[1;34mINFO[m] Running alluxio.util.executor.[1mUniqueBlockingQueueTest[m
[[1;34mINFO[m] [1;32mTests run: [0;1;32m2[m, Failures: 0, Errors: 0, Skipped: 0, Time elapsed: 0.05 s - in alluxio.util.executor.[1mUniqueBlockingQueueTest[m
[[1;34mINFO[m] Running alluxio.util.io.[1mBufferUtilsTest[m
[[1;34mINFO[m] Running alluxio.util.io.[1mByteIOUtilsTest[m
[[1;34mINFO[m] [1;32mTests run: [0;1;32m4[m, Failures: 0, Errors: 0, Skipped: 0, Time elapsed: 0.047 s - in alluxio.util.io.[1mByteIOUtilsTest[m
[[1;34mINFO[m] Running alluxio.util.io.[1mFileUtilsTest[m
[[1;34mINFO[m] [1;32mTests run: [0;1;32m15[m, Failures: 0, Errors: 0, Skipped: 0, Time elapsed: 0.368 s - in alluxio.util.io.[1mFileUtilsTest[m
[[1;34mINFO[m] Running alluxio.util.io.[1mPathUtilsTest[m
[[1;34mINFO[m] [1;32mTests run: [0;1;32m11[m, Failures: 0, Errors: 0, Skipped: 0, Time elapsed: 1.053 s - in alluxio.util.io.[1mBufferUtilsTest[m
[[1;34mINFO[m] [1;32mTests run: [0;1;32m20[m, Failures: 0, Errors: 0, Skipped: 0, Time elapsed: 0.261 s - in alluxio.util.io.[1mPathUtilsTest[m
[[1;34mINFO[m] Running alluxio.util.logging.[1mSamplingLoggerTest[m
[[1;34mINFO[m] Running alluxio.util.network.[1mGetMasterWorkerAddressTest[m
[[1;34mINFO[m] [1;32mTests run: [0;1;32m1[m, Failures: 0, Errors: 0, Skipped: 0, Time elapsed: 0.274 s - in alluxio.util.network.[1mGetMasterWorkerAddressTest[m
[[1;34mINFO[m] [1;32mTests run: [0;1;32m3[m, Failures: 0, Errors: 0, Skipped: 0, Time elapsed: 0.505 s - in alluxio.util.logging.[1mSamplingLoggerTest[m
[[1;34mINFO[m] Running alluxio.util.network.[1mNetworkAddressUtilsTest[m
[[1;34mINFO[m] Running alluxio.util.proto.[1mBlockLocationUtilsTest[m
[[1;34mINFO[m] [1;32mTests run: [0;1;32m2[m, Failures: 0, Errors: 0, Skipped: 0, Time elapsed: 0.131 s - in alluxio.util.proto.[1mBlockLocationUtilsTest[m
[[1;34mINFO[m] [1;32mTests run: [0;1;32m17[m, Failures: 0, Errors: 0, Skipped: 0, Time elapsed: 0.376 s - in alluxio.util.network.[1mNetworkAddressUtilsTest[m
[[1;34mINFO[m] Running alluxio.wire.[1mAlluxioMasterInfoTest[m
[[1;34mINFO[m] Running alluxio.wire.[1mAlluxioProxyInfoTest[m
[[1;34mINFO[m] [1;32mTests run: [0;1;32m2[m, Failures: 0, Errors: 0, Skipped: 0, Time elapsed: 0.643 s - in alluxio.wire.[1mAlluxioProxyInfoTest[m
[[1;34mINFO[m] [1;32mTests run: [0;1;32m2[m, Failures: 0, Errors: 0, Skipped: 0, Time elapsed: 0.89 s - in alluxio.wire.[1mAlluxioMasterInfoTest[m
[[1;34mINFO[m] Running alluxio.wire.[1mAlluxioWorkerInfoTest[m
[[1;34mINFO[m] Running alluxio.wire.[1mBlockInfoTest[m
[[1;34mINFO[m] [1;32mTests run: [0;1;32m2[m, Failures: 0, Errors: 0, Skipped: 0, Time elapsed: 0.342 s - in alluxio.wire.[1mBlockInfoTest[m
[[1;34mINFO[m] Running alluxio.wire.[1mBlockLocationTest[m
[[1;34mINFO[m] [1;32mTests run: [0;1;32m2[m, Failures: 0, Errors: 0, Skipped: 0, Time elapsed: 0.717 s - in alluxio.wire.[1mAlluxioWorkerInfoTest[m
[[1;34mINFO[m] Running alluxio.wire.[1mBlockMasterInfoTest[m
[[1;34mINFO[m] [1;32mTests run: [0;1;32m2[m, Failures: 0, Errors: 0, Skipped: 0, Time elapsed: 0.319 s - in alluxio.wire.[1mBlockLocationTest[m
[[1;34mINFO[m] Running alluxio.wire.[1mCapacityTest[m
[[1;34mINFO[m] [1;32mTests run: [0;1;32m2[m, Failures: 0, Errors: 0, Skipped: 0, Time elapsed: 0.318 s - in alluxio.wire.[1mBlockMasterInfoTest[m
[[1;34mINFO[m] Running alluxio.wire.[1mFileBlockInfoTest[m
[[1;34mINFO[m] [1;32mTests run: [0;1;32m2[m, Failures: 0, Errors: 0, Skipped: 0, Time elapsed: 0.665 s - in alluxio.wire.[1mCapacityTest[m
[[1;34mINFO[m] [1;32mTests run: [0;1;32m2[m, Failures: 0, Errors: 0, Skipped: 0, Time elapsed: 0.366 s - in alluxio.wire.[1mFileBlockInfoTest[m
[[1;34mINFO[m] Running alluxio.wire.[1mFileInfoTest[m
[[1;34mINFO[m] Running alluxio.wire.[1mInconsistentPropertyTest[m
[[1;34mINFO[m] [1;32mTests run: [0;1;32m2[m, Failures: 0, Errors: 0, Skipped: 0, Time elapsed: 0.162 s - in alluxio.wire.[1mInconsistentPropertyTest[m
[[1;34mINFO[m] Running alluxio.wire.[1mMasterInfoTest[m
[[1;34mINFO[m] [1;32mTests run: [0;1;32m3[m, Failures: 0, Errors: 0, Skipped: 0, Time elapsed: 0.504 s - in alluxio.wire.[1mFileInfoTest[m
[[1;34mINFO[m] Running alluxio.wire.[1mMountPointInfoTest[m
[[1;34mINFO[m] [1;32mTests run: [0;1;32m1[m, Failures: 0, Errors: 0, Skipped: 0, Time elapsed: 0.434 s - in alluxio.wire.[1mMasterInfoTest[m
[[1;34mINFO[m] [1;32mTests run: [0;1;32m2[m, Failures: 0, Errors: 0, Skipped: 0, Time elapsed: 0.353 s - in alluxio.wire.[1mMountPointInfoTest[m
[[1;34mINFO[m] Running alluxio.wire.[1mTieredIdentityTest[m
[[1;34mINFO[m] Running alluxio.wire.[1mWorkerInfoTest[m
[[1;34mINFO[m] [1;32mTests run: [0;1;32m5[m, Failures: 0, Errors: 0, Skipped: 0, Time elapsed: 0.427 s - in alluxio.wire.[1mTieredIdentityTest[m
[[1;34mINFO[m] [1;32mTests run: [0;1;32m3[m, Failures: 0, Errors: 0, Skipped: 0, Time elapsed: 0.389 s - in alluxio.wire.[1mWorkerInfoTest[m
[[1;34mINFO[m] Running alluxio.wire.[1mWorkerNetAddressTest[m
[[1;34mINFO[m] Running alluxio.worker.block.io.[1mLocalFileBlockReaderTest[m
[[1;34mINFO[m] [1;32mTests run: [0;1;32m2[m, Failures: 0, Errors: 0, Skipped: 0, Time elapsed: 0.328 s - in alluxio.wire.[1mWorkerNetAddressTest[m
[[1;34mINFO[m] [1;32mTests run: [0;1;32m6[m, Failures: 0, Errors: 0, Skipped: 0, Time elapsed: 0.31 s - in alluxio.worker.block.io.[1mLocalFileBlockReaderTest[m
[[1;34mINFO[m] Running alluxio.worker.block.io.[1mLocalFileBlockWriterTest[m
[[1;34mINFO[m] [1;32mTests run: [0;1;32m3[m, Failures: 0, Errors: 0, Skipped: 0, Time elapsed: 0.185 s - in alluxio.worker.block.io.[1mLocalFileBlockWriterTest[m
[[1;34mINFO[m] 
[[1;34mINFO[m] Results:
[[1;34mINFO[m] 
[[1;33mWARNING[m] [1;33mTests run: 1131, Failures: 0, Errors: 0, Skipped: 4[m
[[1;34mINFO[m] 
[[1;34mINFO[m] [1m------------------------------------------------------------------------[m
[[1;34mINFO[m] [1;32mBUILD SUCCESS[m
[[1;34mINFO[m] [1m------------------------------------------------------------------------[m
[[1;34mINFO[m] Total time:  01:26 min
[[1;34mINFO[m] Finished at: 2023-12-26T15:50:39-06:00
[[1;34mINFO[m] [1m------------------------------------------------------------------------[m
