[[1;34mINFO[m] Scanning for projects...
[[1;34mINFO[m] 
[[1;34mINFO[m] [1m--------------------< [0;36morg.apache.hive:hive-common[0;1m >---------------------[m
[[1;34mINFO[m] [1mBuilding Hive Common 3.1.3[m
[[1;34mINFO[m] [1m--------------------------------[ jar ]---------------------------------[m
[[1;34mINFO[m] 
[[1;34mINFO[m] [1m--- [0;32mmaven-surefire-plugin:2.21.0:test[m [1m(default-cli)[m @ [36mhive-common[0;1m ---[m
[[1;34mINFO[m] 
[[1;34mINFO[m] -------------------------------------------------------
[[1;34mINFO[m]  T E S T S
[[1;34mINFO[m] -------------------------------------------------------
[[1;34mINFO[m] Running org.apache.hive.common.util.[1mTestDateParser[m
[[1;34mINFO[m] [1;32mTests run: [0;1;32m2[m, Failures: 0, Errors: 0, Skipped: 0, Time elapsed: 0.032 s - in org.apache.hive.common.util.[1mTestDateParser[m
[[1;34mINFO[m] Running org.apache.hive.common.util.[1mTestHiveStringUtils[m
[[1;34mINFO[m] [1;32mTests run: [0;1;32m3[m, Failures: 0, Errors: 0, Skipped: 0, Time elapsed: 0.046 s - in org.apache.hive.common.util.[1mTestHiveStringUtils[m
[[1;34mINFO[m] Running org.apache.hive.common.util.[1mTestACLConfigurationParser[m
[[1;34mINFO[m] [1;32mTests run: [0;1;32m1[m, Failures: 0, Errors: 0, Skipped: 0, Time elapsed: 0.622 s - in org.apache.hive.common.util.[1mTestACLConfigurationParser[m
[[1;34mINFO[m] Running org.apache.hive.common.util.[1mTestRetryUtilities[m
[[1;34mINFO[m] [1;32mTests run: [0;1;32m8[m, Failures: 0, Errors: 0, Skipped: 0, Time elapsed: 0.564 s - in org.apache.hive.common.util.[1mTestRetryUtilities[m
[[1;34mINFO[m] Running org.apache.hive.common.util.[1mTestFixedSizedObjectPool[m
[[1;34mINFO[m] [1;32mTests run: [0;1;32m7[m, Failures: 0, Errors: 0, Skipped: 0, Time elapsed: 0.759 s - in org.apache.hive.common.util.[1mTestFixedSizedObjectPool[m
[[1;34mINFO[m] Running org.apache.hive.common.util.[1mTestShutdownHookManager[m
[[1;34mINFO[m] [1;32mTests run: [0;1;32m1[m, Failures: 0, Errors: 0, Skipped: 0, Time elapsed: 0.564 s - in org.apache.hive.common.util.[1mTestShutdownHookManager[m
[[1;34mINFO[m] Running org.apache.hive.common.util.[1mTestTimestampParser[m
[[1;34mINFO[m] [1;32mTests run: [0;1;32m4[m, Failures: 0, Errors: 0, Skipped: 0, Time elapsed: 0.071 s - in org.apache.hive.common.util.[1mTestTimestampParser[m
[[1;34mINFO[m] Running org.apache.hadoop.hive.common.metrics.metrics2.[1mTestCodahaleMetrics[m
[[1;34mINFO[m] [1;32mTests run: [0;1;32m6[m, Failures: 0, Errors: 0, Skipped: 0, Time elapsed: 1.875 s - in org.apache.hadoop.hive.common.metrics.metrics2.[1mTestCodahaleMetrics[m
[[1;34mINFO[m] Running org.apache.hadoop.hive.common.metrics.metrics2.[1mTestCodahaleReportersConf[m
[[1;34mINFO[m] [1;32mTests run: [0;1;32m3[m, Failures: 0, Errors: 0, Skipped: 0, Time elapsed: 3.161 s - in org.apache.hadoop.hive.common.metrics.metrics2.[1mTestCodahaleReportersConf[m
[[1;34mINFO[m] Running org.apache.hadoop.hive.common.metrics.metrics2.[1mTestMetricVariableRatioGauge[m
[[1;34mINFO[m] [1;32mTests run: [0;1;32m6[m, Failures: 0, Errors: 0, Skipped: 0, Time elapsed: 1.283 s - in org.apache.hadoop.hive.common.metrics.metrics2.[1mTestMetricVariableRatioGauge[m
[[1;34mINFO[m] Running org.apache.hadoop.hive.common.metrics.[1mTestLegacyMetrics[m
[[1;34mINFO[m] [1;32mTests run: [0;1;32m4[m, Failures: 0, Errors: 0, Skipped: 0, Time elapsed: 1.303 s - in org.apache.hadoop.hive.common.metrics.[1mTestLegacyMetrics[m
[[1;34mINFO[m] Running org.apache.hadoop.hive.common.[1mTestTezJsonParser[m
[[1;34mINFO[m] [1;32mTests run: [0;1;32m1[m, Failures: 0, Errors: 0, Skipped: 0, Time elapsed: 0.584 s - in org.apache.hadoop.hive.common.[1mTestTezJsonParser[m
[[1;34mINFO[m] Running org.apache.hadoop.hive.common.type.[1mTestHiveIntervalDayTime[m
[[1;34mINFO[m] [1;32mTests run: [0;1;32m5[m, Failures: 0, Errors: 0, Skipped: 0, Time elapsed: 0.269 s - in org.apache.hadoop.hive.common.type.[1mTestHiveIntervalDayTime[m
[[1;34mINFO[m] Running org.apache.hadoop.hive.common.type.[1mTestSignedInt128[m
[[1;34mINFO[m] [1;32mTests run: [0;1;32m16[m, Failures: 0, Errors: 0, Skipped: 0, Time elapsed: 0.045 s - in org.apache.hadoop.hive.common.type.[1mTestSignedInt128[m
[[1;34mINFO[m] Running org.apache.hadoop.hive.common.type.[1mTestUnsignedInt128[m
[[1;34mINFO[m] [1;32mTests run: [0;1;32m19[m, Failures: 0, Errors: 0, Skipped: 0, Time elapsed: 0.047 s - in org.apache.hadoop.hive.common.type.[1mTestUnsignedInt128[m
[[1;34mINFO[m] Running org.apache.hadoop.hive.common.type.[1mTestDecimal128[m
[[1;34mINFO[m] [1;32mTests run: [0;1;32m26[m, Failures: 0, Errors: 0, Skipped: 0, Time elapsed: 1.439 s - in org.apache.hadoop.hive.common.type.[1mTestDecimal128[m
[[1;34mINFO[m] Running org.apache.hadoop.hive.common.type.[1mTestHiveIntervalYearMonth[m
[[1;34mINFO[m] [1;32mTests run: [0;1;32m5[m, Failures: 0, Errors: 0, Skipped: 0, Time elapsed: 0.235 s - in org.apache.hadoop.hive.common.type.[1mTestHiveIntervalYearMonth[m
[[1;34mINFO[m] Running org.apache.hadoop.hive.common.type.[1mTestHiveBaseChar[m
[[1;34mINFO[m] [1;32mTests run: [0;1;32m2[m, Failures: 0, Errors: 0, Skipped: 0, Time elapsed: 0.026 s - in org.apache.hadoop.hive.common.type.[1mTestHiveBaseChar[m
[[1;34mINFO[m] Running org.apache.hadoop.hive.common.type.[1mTestHiveChar[m
[[1;34mINFO[m] [1;32mTests run: [0;1;32m3[m, Failures: 0, Errors: 0, Skipped: 0, Time elapsed: 0.131 s - in org.apache.hadoop.hive.common.type.[1mTestHiveChar[m
[[1;34mINFO[m] Running org.apache.hadoop.hive.common.type.[1mTestHiveVarchar[m
[[1;34mINFO[m] [1;32mTests run: [0;1;32m2[m, Failures: 0, Errors: 0, Skipped: 0, Time elapsed: 0.118 s - in org.apache.hadoop.hive.common.type.[1mTestHiveVarchar[m
[[1;34mINFO[m] Running org.apache.hadoop.hive.common.type.[1mTestTimestampTZ[m
[[1;34mINFO[m] [1;32mTests run: [0;1;32m8[m, Failures: 0, Errors: 0, Skipped: 0, Time elapsed: 0.567 s - in org.apache.hadoop.hive.common.type.[1mTestTimestampTZ[m
[[1;34mINFO[m] Running org.apache.hadoop.hive.common.type.[1mTestSqlMathUtil[m
[[1;34mINFO[m] [1;32mTests run: [0;1;32m1[m, Failures: 0, Errors: 0, Skipped: 0, Time elapsed: 0.034 s - in org.apache.hadoop.hive.common.type.[1mTestSqlMathUtil[m
[[1;34mINFO[m] Running org.apache.hadoop.hive.common.type.[1mTestHiveDecimalOrcSerializationUtils[m
[[1;34mINFO[m] [1;32mTests run: [0;1;32m8[m, Failures: 0, Errors: 0, Skipped: 0, Time elapsed: 0.228 s - in org.apache.hadoop.hive.common.type.[1mTestHiveDecimalOrcSerializationUtils[m
[[1;34mINFO[m] Running org.apache.hadoop.hive.common.jsonexplain.[1mTestVertex[m
[[1;34mINFO[m] [1;32mTests run: [0;1;32m5[m, Failures: 0, Errors: 0, Skipped: 0, Time elapsed: 0.548 s - in org.apache.hadoop.hive.common.jsonexplain.[1mTestVertex[m
[[1;34mINFO[m] Running org.apache.hadoop.hive.common.jsonexplain.[1mTestStage[m
[[1;34mINFO[m] [1;32mTests run: [0;1;32m9[m, Failures: 0, Errors: 0, Skipped: 0, Time elapsed: 0.553 s - in org.apache.hadoop.hive.common.jsonexplain.[1mTestStage[m
[[1;34mINFO[m] Running org.apache.hadoop.hive.common.jsonexplain.tez.[1mTestTezJsonParser[m
[[1;34mINFO[m] [1;32mTests run: [0;1;32m1[m, Failures: 0, Errors: 0, Skipped: 0, Time elapsed: 0.547 s - in org.apache.hadoop.hive.common.jsonexplain.tez.[1mTestTezJsonParser[m
[[1;34mINFO[m] Running org.apache.hadoop.hive.common.jsonexplain.[1mTestOp[m
[[1;34mINFO[m] [1;32mTests run: [0;1;32m1[m, Failures: 0, Errors: 0, Skipped: 0, Time elapsed: 0.651 s - in org.apache.hadoop.hive.common.jsonexplain.[1mTestOp[m
[[1;34mINFO[m] Running org.apache.hadoop.hive.common.[1mTestFileUtils[m
[[1;34mINFO[m] [1;32mTests run: [0;1;32m12[m, Failures: 0, Errors: 0, Skipped: 0, Time elapsed: 1.265 s - in org.apache.hadoop.hive.common.[1mTestFileUtils[m
[[1;34mINFO[m] Running org.apache.hadoop.hive.common.[1mTestBlobStorageUtils[m
[[1;34mINFO[m] [1;32mTests run: [0;1;32m3[m, Failures: 0, Errors: 0, Skipped: 0, Time elapsed: 0.761 s - in org.apache.hadoop.hive.common.[1mTestBlobStorageUtils[m
[[1;34mINFO[m] Running org.apache.hadoop.hive.common.[1mTestLogUtils[m
[[1;34mINFO[m] [1;32mTests run: [0;1;32m1[m, Failures: 0, Errors: 0, Skipped: 0, Time elapsed: 0.556 s - in org.apache.hadoop.hive.common.[1mTestLogUtils[m
[[1;34mINFO[m] Running org.apache.hadoop.hive.conf.[1mTestSystemVariables[m
[[1;34mINFO[m] [1;32mTests run: [0;1;32m4[m, Failures: 0, Errors: 0, Skipped: 0, Time elapsed: 0.58 s - in org.apache.hadoop.hive.conf.[1mTestSystemVariables[m
[[1;34mINFO[m] Running org.apache.hadoop.hive.conf.[1mTestHiveConf[m
[[1;34mINFO[m] [1;32mTests run: [0;1;32m8[m, Failures: 0, Errors: 0, Skipped: 0, Time elapsed: 1.178 s - in org.apache.hadoop.hive.conf.[1mTestHiveConf[m
[[1;34mINFO[m] Running org.apache.hadoop.hive.conf.[1mTestHiveLogging[m
[[1;34mINFO[m] [1;32mTests run: [0;1;32m1[m, Failures: 0, Errors: 0, Skipped: 0, Time elapsed: 1.015 s - in org.apache.hadoop.hive.conf.[1mTestHiveLogging[m
[[1;34mINFO[m] Running org.apache.hadoop.hive.conf.[1mTestHiveConfUtil[m
[[1;34mINFO[m] [1;32mTests run: [0;1;32m3[m, Failures: 0, Errors: 0, Skipped: 0, Time elapsed: 0.969 s - in org.apache.hadoop.hive.conf.[1mTestHiveConfUtil[m
[[1;34mINFO[m] Running org.apache.hadoop.hive.conf.[1mTestHiveAsyncLogging[m
[[1;34mINFO[m] [1;32mTests run: [0;1;32m1[m, Failures: 0, Errors: 0, Skipped: 0, Time elapsed: 0.983 s - in org.apache.hadoop.hive.conf.[1mTestHiveAsyncLogging[m
[[1;34mINFO[m] Running org.apache.hadoop.hive.conf.[1mTestHiveConfRestrictList[m
[[1;34mINFO[m] [1;32mTests run: [0;1;32m4[m, Failures: 0, Errors: 0, Skipped: 0, Time elapsed: 1.016 s - in org.apache.hadoop.hive.conf.[1mTestHiveConfRestrictList[m
[[1;34mINFO[m] Running org.apache.hadoop.hive.conf.[1mTestVariableSubstitution[m
[[1;34mINFO[m] [1;32mTests run: [0;1;32m1[m, Failures: 0, Errors: 0, Skipped: 0, Time elapsed: 0.927 s - in org.apache.hadoop.hive.conf.[1mTestVariableSubstitution[m
[[1;34mINFO[m] 
[[1;34mINFO[m] Results:
[[1;34mINFO[m] 
[[1;34mINFO[m] [1;32mTests run: 195, Failures: 0, Errors: 0, Skipped: 0[m
[[1;34mINFO[m] 
[[1;34mINFO[m] [1m------------------------------------------------------------------------[m
[[1;34mINFO[m] [1;32mBUILD SUCCESS[m
[[1;34mINFO[m] [1m------------------------------------------------------------------------[m
[[1;34mINFO[m] Total time:  51.123 s
[[1;34mINFO[m] Finished at: 2023-12-26T14:40:36-06:00
[[1;34mINFO[m] [1m------------------------------------------------------------------------[m
