/home/ctestrunner/hadoop/hadoop-mapreduce-project/hadoop-mapreduce-client/hadoop-mapreduce-client-core
Note: checking out 'rel/release-3.3.6'.

You are in 'detached HEAD' state. You can look around, make experimental
changes and commit them, and you can discard any commits you make in this
state without impacting any branches by performing another checkout.

If you want to create a new branch to retain commits you create, you may
do so (now or later) by using -b with the checkout command again. Example:

  git checkout -b <new-branch-name>

HEAD is now at 1be78238728 3.3.6 Release LICENSE file update.
Picked up _JAVA_OPTIONS: -Xmx7g
[INFO] Scanning for projects...
[INFO] ------------------------------------------------------------------------
[INFO] Detecting the operating system and CPU architecture
[INFO] ------------------------------------------------------------------------
[INFO] os.detected.name: linux
[INFO] os.detected.arch: x86_64
[INFO] os.detected.bitness: 64
[INFO] os.detected.version: 5.15
[INFO] os.detected.version.major: 5
[INFO] os.detected.version.minor: 15
[INFO] os.detected.release: ubuntu
[INFO] os.detected.release.version: 18.04
[INFO] os.detected.release.like.ubuntu: true
[INFO] os.detected.release.like.debian: true
[INFO] os.detected.classifier: linux-x86_64
[INFO] 
[INFO] -----------< org.apache.hadoop:hadoop-mapreduce-client-core >-----------
[INFO] Building Apache Hadoop MapReduce Core 3.3.6
[INFO] --------------------------------[ jar ]---------------------------------
[INFO] 
[INFO] --- maven-clean-plugin:3.1.0:clean (default-clean) @ hadoop-mapreduce-client-core ---
[INFO] Deleting /home/ctestrunner/hadoop/hadoop-mapreduce-project/hadoop-mapreduce-client/hadoop-mapreduce-client-core/target
[INFO] Deleting /home/ctestrunner/hadoop/hadoop-mapreduce-project/hadoop-mapreduce-client/hadoop-mapreduce-client-core/src/site/resources (includes = [configuration.xsl, mapred-default.xml], excludes = [])
[INFO] 
[INFO] --- maven-antrun-plugin:1.7:run (create-testdirs) @ hadoop-mapreduce-client-core ---
[INFO] Executing tasks

main:
    [mkdir] Created dir: /home/ctestrunner/hadoop/hadoop-mapreduce-project/hadoop-mapreduce-client/hadoop-mapreduce-client-core/target/test-dir
[INFO] Executed tasks
[INFO] 
[INFO] --- avro-maven-plugin:1.7.7:protocol (default) @ hadoop-mapreduce-client-core ---
[INFO] 
[INFO] --- maven-enforcer-plugin:3.0.0-M1:enforce (banned-illegal-imports) @ hadoop-mapreduce-client-core ---
[INFO] 
[INFO] --- replacer:1.5.3:replace (replace-generated-sources) @ hadoop-mapreduce-client-core ---
[INFO] Skipping
[INFO] 
[INFO] --- replacer:1.5.3:replace (replace-sources) @ hadoop-mapreduce-client-core ---
[INFO] Skipping
[INFO] 
[INFO] --- replacer:1.5.3:replace (replace-guava) @ hadoop-mapreduce-client-core ---
[INFO] Replacement run on 627 files.
[INFO] 
[INFO] --- maven-resources-plugin:2.6:resources (default-resources) @ hadoop-mapreduce-client-core ---
[INFO] Using 'UTF-8' encoding to copy filtered resources.
[INFO] Copying 8 resources
[INFO] 
[INFO] --- maven-compiler-plugin:3.1:compile (default-compile) @ hadoop-mapreduce-client-core ---
[INFO] Compiling 564 source files to /home/ctestrunner/hadoop/hadoop-mapreduce-project/hadoop-mapreduce-client/hadoop-mapreduce-client-core/target/classes
[WARNING] /home/ctestrunner/hadoop/hadoop-mapreduce-project/hadoop-mapreduce-client/hadoop-mapreduce-client-core/src/main/java/org/apache/hadoop/mapred/Mapper.java: Some input files use or override a deprecated API.
[WARNING] /home/ctestrunner/hadoop/hadoop-mapreduce-project/hadoop-mapreduce-client/hadoop-mapreduce-client-core/src/main/java/org/apache/hadoop/mapred/Mapper.java: Recompile with -Xlint:deprecation for details.
[WARNING] /home/ctestrunner/hadoop/hadoop-mapreduce-project/hadoop-mapreduce-client/hadoop-mapreduce-client-core/target/generated-sources/avro/org/apache/hadoop/mapreduce/jobhistory/MapAttemptFinished.java: Some input files use unchecked or unsafe operations.
[WARNING] /home/ctestrunner/hadoop/hadoop-mapreduce-project/hadoop-mapreduce-client/hadoop-mapreduce-client-core/target/generated-sources/avro/org/apache/hadoop/mapreduce/jobhistory/MapAttemptFinished.java: Recompile with -Xlint:unchecked for details.
[INFO] 
[INFO] --- replacer:1.5.3:replace (replace-test-sources) @ hadoop-mapreduce-client-core ---
[INFO] Skipping
[INFO] 
[INFO] --- maven-resources-plugin:2.6:testResources (default-testResources) @ hadoop-mapreduce-client-core ---
[INFO] Using 'UTF-8' encoding to copy filtered resources.
[INFO] Copying 11 resources
[INFO] 
[INFO] --- replacer:1.5.3:replace (replace-generated-test-sources) @ hadoop-mapreduce-client-core ---
[INFO] Skipping
[INFO] 
[INFO] --- maven-compiler-plugin:3.1:testCompile (default-testCompile) @ hadoop-mapreduce-client-core ---
[INFO] Compiling 87 source files to /home/ctestrunner/hadoop/hadoop-mapreduce-project/hadoop-mapreduce-client/hadoop-mapreduce-client-core/target/test-classes
[WARNING] /home/ctestrunner/hadoop/hadoop-mapreduce-project/hadoop-mapreduce-client/hadoop-mapreduce-client-core/src/test/java/org/apache/hadoop/mapreduce/task/reduce/TestMergeManager.java: Some input files use or override a deprecated API.
[WARNING] /home/ctestrunner/hadoop/hadoop-mapreduce-project/hadoop-mapreduce-client/hadoop-mapreduce-client-core/src/test/java/org/apache/hadoop/mapreduce/task/reduce/TestMergeManager.java: Recompile with -Xlint:deprecation for details.
[INFO] 
[INFO] --- maven-jar-plugin:2.5:test-jar (default) @ hadoop-mapreduce-client-core ---
[INFO] Building jar: /home/ctestrunner/hadoop/hadoop-mapreduce-project/hadoop-mapreduce-client/hadoop-mapreduce-client-core/target/hadoop-mapreduce-client-core-3.3.6-tests.jar
[INFO] 
[INFO] --- maven-surefire-plugin:3.0.0-M1:test (default-test) @ hadoop-mapreduce-client-core ---
[INFO] Tests are skipped.
[INFO] 
[INFO] --- maven-jar-plugin:2.5:jar (default-jar) @ hadoop-mapreduce-client-core ---
[INFO] Building jar: /home/ctestrunner/hadoop/hadoop-mapreduce-project/hadoop-mapreduce-client/hadoop-mapreduce-client-core/target/hadoop-mapreduce-client-core-3.3.6.jar
[INFO] 
[INFO] --- maven-site-plugin:3.9.1:attach-descriptor (attach-descriptor) @ hadoop-mapreduce-client-core ---
[INFO] Skipping because packaging 'jar' is not pom.
[INFO] 
[INFO] --- maven-enforcer-plugin:3.0.0-M1:enforce (depcheck) @ hadoop-mapreduce-client-core ---
[INFO] 
[INFO] --- maven-install-plugin:2.5.1:install (default-install) @ hadoop-mapreduce-client-core ---
[INFO] Installing /home/ctestrunner/hadoop/hadoop-mapreduce-project/hadoop-mapreduce-client/hadoop-mapreduce-client-core/target/hadoop-mapreduce-client-core-3.3.6.jar to /root/.m2/repository/org/apache/hadoop/hadoop-mapreduce-client-core/3.3.6/hadoop-mapreduce-client-core-3.3.6.jar
[INFO] Installing /home/ctestrunner/hadoop/hadoop-mapreduce-project/hadoop-mapreduce-client/hadoop-mapreduce-client-core/pom.xml to /root/.m2/repository/org/apache/hadoop/hadoop-mapreduce-client-core/3.3.6/hadoop-mapreduce-client-core-3.3.6.pom
[INFO] Installing /home/ctestrunner/hadoop/hadoop-mapreduce-project/hadoop-mapreduce-client/hadoop-mapreduce-client-core/target/hadoop-mapreduce-client-core-3.3.6-tests.jar to /root/.m2/repository/org/apache/hadoop/hadoop-mapreduce-client-core/3.3.6/hadoop-mapreduce-client-core-3.3.6-tests.jar
[INFO] ------------------------------------------------------------------------
[INFO] BUILD SUCCESS
[INFO] ------------------------------------------------------------------------
[INFO] Total time:  5.705 s
[INFO] Finished at: 2023-12-24T17:04:41Z
[INFO] ------------------------------------------------------------------------
Picked up _JAVA_OPTIONS: -Xmx7g
[INFO] Scanning for projects...
[INFO] ------------------------------------------------------------------------
[INFO] Detecting the operating system and CPU architecture
[INFO] ------------------------------------------------------------------------
[INFO] os.detected.name: linux
[INFO] os.detected.arch: x86_64
[INFO] os.detected.bitness: 64
[INFO] os.detected.version: 5.15
[INFO] os.detected.version.major: 5
[INFO] os.detected.version.minor: 15
[INFO] os.detected.release: ubuntu
[INFO] os.detected.release.version: 18.04
[INFO] os.detected.release.like.ubuntu: true
[INFO] os.detected.release.like.debian: true
[INFO] os.detected.classifier: linux-x86_64
[INFO] 
[INFO] -----------< org.apache.hadoop:hadoop-mapreduce-client-core >-----------
[INFO] Building Apache Hadoop MapReduce Core 3.3.6
[INFO] --------------------------------[ jar ]---------------------------------
[INFO] 
[INFO] --- maven-surefire-plugin:3.0.0-M1:test (default-cli) @ hadoop-mapreduce-client-core ---
[INFO] 
[INFO] -------------------------------------------------------
[INFO]  T E S T S
[INFO] -------------------------------------------------------
[INFO] Running org.apache.hadoop.mapreduce.checkpoint.TestFSCheckpointService
[INFO] Tests run: 3, Failures: 0, Errors: 0, Skipped: 0, Time elapsed: 0.402 s - in org.apache.hadoop.mapreduce.checkpoint.TestFSCheckpointService
[INFO] Running org.apache.hadoop.mapreduce.checkpoint.TestFSCheckpointID
[INFO] Tests run: 1, Failures: 0, Errors: 0, Skipped: 0, Time elapsed: 0.075 s - in org.apache.hadoop.mapreduce.checkpoint.TestFSCheckpointID
[INFO] Running org.apache.hadoop.mapreduce.TestJobMonitorAndPrint
[INFO] Tests run: 1, Failures: 0, Errors: 0, Skipped: 0, Time elapsed: 0.447 s - in org.apache.hadoop.mapreduce.TestJobMonitorAndPrint
[INFO] Running org.apache.hadoop.mapreduce.filecache.TestClientDistributedCacheManager
[INFO] Tests run: 2, Failures: 0, Errors: 0, Skipped: 0, Time elapsed: 0.311 s - in org.apache.hadoop.mapreduce.filecache.TestClientDistributedCacheManager
[INFO] Running org.apache.hadoop.mapreduce.filecache.TestDistributedCache
[INFO] Tests run: 1, Failures: 0, Errors: 0, Skipped: 0, Time elapsed: 0.184 s - in org.apache.hadoop.mapreduce.filecache.TestDistributedCache
[INFO] Running org.apache.hadoop.mapreduce.split.TestJobSplitWriter
[INFO] Tests run: 2, Failures: 0, Errors: 0, Skipped: 0, Time elapsed: 0.245 s - in org.apache.hadoop.mapreduce.split.TestJobSplitWriter
[INFO] Running org.apache.hadoop.mapreduce.split.TestJobSplitWriterWithEC
[INFO] Tests run: 2, Failures: 0, Errors: 0, Skipped: 0, Time elapsed: 6.313 s - in org.apache.hadoop.mapreduce.split.TestJobSplitWriterWithEC
[INFO] Running org.apache.hadoop.mapreduce.lib.input.TestLineRecordReaderBZip2
[INFO] Tests run: 15, Failures: 0, Errors: 0, Skipped: 0, Time elapsed: 5.324 s - in org.apache.hadoop.mapreduce.lib.input.TestLineRecordReaderBZip2
[INFO] Running org.apache.hadoop.mapreduce.lib.input.TestFileInputFormat
[INFO] Tests run: 18, Failures: 0, Errors: 0, Skipped: 0, Time elapsed: 0.654 s - in org.apache.hadoop.mapreduce.lib.input.TestFileInputFormat
[INFO] Running org.apache.hadoop.mapreduce.lib.input.TestLineRecordReader
[INFO] Tests run: 12, Failures: 0, Errors: 0, Skipped: 0, Time elapsed: 13.324 s - in org.apache.hadoop.mapreduce.lib.input.TestLineRecordReader
[INFO] Running org.apache.hadoop.mapreduce.lib.input.TestCombineFileRecordReader
[INFO] Tests run: 1, Failures: 0, Errors: 0, Skipped: 0, Time elapsed: 0.42 s - in org.apache.hadoop.mapreduce.lib.input.TestCombineFileRecordReader
[INFO] Running org.apache.hadoop.mapreduce.lib.db.TestDbClasses
[INFO] Tests run: 4, Failures: 0, Errors: 0, Skipped: 0, Time elapsed: 0.484 s - in org.apache.hadoop.mapreduce.lib.db.TestDbClasses
[INFO] Running org.apache.hadoop.mapreduce.lib.db.TestSplitters
[INFO] Tests run: 5, Failures: 0, Errors: 0, Skipped: 0, Time elapsed: 0.357 s - in org.apache.hadoop.mapreduce.lib.db.TestSplitters
[INFO] Running org.apache.hadoop.mapreduce.lib.output.committer.manifest.TestTaskManifestFileIO
[INFO] Tests run: 6, Failures: 0, Errors: 0, Skipped: 0, Time elapsed: 0.446 s - in org.apache.hadoop.mapreduce.lib.output.committer.manifest.TestTaskManifestFileIO
[INFO] Running org.apache.hadoop.mapreduce.lib.output.committer.manifest.TestLoadManifestsStage
[INFO] Tests run: 1, Failures: 0, Errors: 0, Skipped: 0, Time elapsed: 5.255 s - in org.apache.hadoop.mapreduce.lib.output.committer.manifest.TestLoadManifestsStage
[INFO] Running org.apache.hadoop.mapreduce.lib.output.committer.manifest.impl.TestEntryFileIO
[INFO] Tests run: 7, Failures: 0, Errors: 0, Skipped: 0, Time elapsed: 0.643 s - in org.apache.hadoop.mapreduce.lib.output.committer.manifest.impl.TestEntryFileIO
[INFO] Running org.apache.hadoop.mapreduce.lib.output.committer.manifest.TestRenameStageFailure
[INFO] Tests run: 5, Failures: 0, Errors: 0, Skipped: 0, Time elapsed: 0.738 s - in org.apache.hadoop.mapreduce.lib.output.committer.manifest.TestRenameStageFailure
[INFO] Running org.apache.hadoop.mapreduce.lib.output.committer.manifest.TestJobThroughManifestCommitter
[INFO] Tests run: 20, Failures: 0, Errors: 0, Skipped: 0, Time elapsed: 1.457 s - in org.apache.hadoop.mapreduce.lib.output.committer.manifest.TestJobThroughManifestCommitter
[INFO] Running org.apache.hadoop.mapreduce.lib.output.committer.manifest.TestCreateOutputDirectoriesStage
[INFO] Tests run: 2, Failures: 0, Errors: 0, Skipped: 0, Time elapsed: 0.467 s - in org.apache.hadoop.mapreduce.lib.output.committer.manifest.TestCreateOutputDirectoriesStage
[INFO] Running org.apache.hadoop.mapreduce.lib.output.committer.manifest.TestCommitTaskStage
[INFO] Tests run: 2, Failures: 0, Errors: 0, Skipped: 0, Time elapsed: 0.501 s - in org.apache.hadoop.mapreduce.lib.output.committer.manifest.TestCommitTaskStage
[INFO] Running org.apache.hadoop.mapreduce.lib.output.committer.manifest.TestCleanupStage
[INFO] Tests run: 5, Failures: 0, Errors: 0, Skipped: 0, Time elapsed: 0.627 s - in org.apache.hadoop.mapreduce.lib.output.committer.manifest.TestCleanupStage
[INFO] Running org.apache.hadoop.mapreduce.lib.output.committer.manifest.TestManifestCommitProtocol
[INFO] Tests run: 17, Failures: 0, Errors: 0, Skipped: 0, Time elapsed: 1.425 s - in org.apache.hadoop.mapreduce.lib.output.committer.manifest.TestManifestCommitProtocol
[INFO] Running org.apache.hadoop.mapreduce.lib.output.TestPathOutputCommitter
[INFO] Tests run: 2, Failures: 0, Errors: 0, Skipped: 0, Time elapsed: 0.075 s - in org.apache.hadoop.mapreduce.lib.output.TestPathOutputCommitter
[INFO] Running org.apache.hadoop.mapreduce.lib.output.TestMapFileOutputFormat
[INFO] Tests run: 1, Failures: 0, Errors: 0, Skipped: 0, Time elapsed: 0.241 s - in org.apache.hadoop.mapreduce.lib.output.TestMapFileOutputFormat
[INFO] Running org.apache.hadoop.mapreduce.lib.output.TestFileOutputFormat
[INFO] Tests run: 2, Failures: 0, Errors: 0, Skipped: 0, Time elapsed: 0.229 s - in org.apache.hadoop.mapreduce.lib.output.TestFileOutputFormat
[INFO] Running org.apache.hadoop.mapreduce.lib.output.TestPreemptableFileOutputCommitter
[INFO] Tests run: 1, Failures: 0, Errors: 0, Skipped: 0, Time elapsed: 0.421 s - in org.apache.hadoop.mapreduce.lib.output.TestPreemptableFileOutputCommitter
[INFO] Running org.apache.hadoop.mapreduce.lib.output.TestFileOutputCommitter
[INFO] Tests run: 22, Failures: 0, Errors: 0, Skipped: 0, Time elapsed: 1.08 s - in org.apache.hadoop.mapreduce.lib.output.TestFileOutputCommitter
[INFO] Running org.apache.hadoop.mapreduce.lib.output.TestPathOutputCommitterFactory
[INFO] Tests run: 16, Failures: 0, Errors: 0, Skipped: 0, Time elapsed: 0.438 s - in org.apache.hadoop.mapreduce.lib.output.TestPathOutputCommitterFactory
[INFO] Running org.apache.hadoop.mapreduce.lib.partition.TestRehashPartitioner
[INFO] Tests run: 1, Failures: 0, Errors: 0, Skipped: 0, Time elapsed: 0.074 s - in org.apache.hadoop.mapreduce.lib.partition.TestRehashPartitioner
[INFO] Running org.apache.hadoop.mapreduce.lib.jobcontrol.TestJobControl
[INFO] Tests run: 1, Failures: 0, Errors: 0, Skipped: 0, Time elapsed: 0.179 s - in org.apache.hadoop.mapreduce.lib.jobcontrol.TestJobControl
[INFO] Running org.apache.hadoop.mapreduce.TestJobSubmissionFiles
[INFO] Tests run: 5, Failures: 0, Errors: 0, Skipped: 0, Time elapsed: 1.995 s - in org.apache.hadoop.mapreduce.TestJobSubmissionFiles
[INFO] Running org.apache.hadoop.mapreduce.TestJobResourceUploader
[INFO] Tests run: 21, Failures: 0, Errors: 0, Skipped: 0, Time elapsed: 0.774 s - in org.apache.hadoop.mapreduce.TestJobResourceUploader
[INFO] Running org.apache.hadoop.mapreduce.jobhistory.TestHistoryViewerPrinter
[INFO] Tests run: 6, Failures: 0, Errors: 0, Skipped: 0, Time elapsed: 0.161 s - in org.apache.hadoop.mapreduce.jobhistory.TestHistoryViewerPrinter
[INFO] Running org.apache.hadoop.mapreduce.TestTaskID
[INFO] Tests run: 14, Failures: 0, Errors: 0, Skipped: 0, Time elapsed: 0.082 s - in org.apache.hadoop.mapreduce.TestTaskID
[INFO] Running org.apache.hadoop.mapreduce.security.TestTokenCache
[INFO] Tests run: 6, Failures: 0, Errors: 0, Skipped: 0, Time elapsed: 0.654 s - in org.apache.hadoop.mapreduce.security.TestTokenCache
[INFO] Running org.apache.hadoop.mapreduce.TestJobResourceUploaderWithSharedCache
[INFO] Tests run: 4, Failures: 0, Errors: 0, Skipped: 0, Time elapsed: 4.797 s - in org.apache.hadoop.mapreduce.TestJobResourceUploaderWithSharedCache
[INFO] Running org.apache.hadoop.mapreduce.TestCluster
[INFO] Tests run: 1, Failures: 0, Errors: 0, Skipped: 0, Time elapsed: 0.349 s - in org.apache.hadoop.mapreduce.TestCluster
[INFO] Running org.apache.hadoop.mapreduce.TestContextFactory
[INFO] Tests run: 2, Failures: 0, Errors: 0, Skipped: 0, Time elapsed: 0.177 s - in org.apache.hadoop.mapreduce.TestContextFactory
[INFO] Running org.apache.hadoop.mapreduce.task.reduce.TestShuffleScheduler
[INFO] Tests run: 4, Failures: 0, Errors: 0, Skipped: 0, Time elapsed: 0.53 s - in org.apache.hadoop.mapreduce.task.reduce.TestShuffleScheduler
[INFO] Running org.apache.hadoop.mapreduce.task.reduce.TestShuffleClientMetrics
[INFO] Tests run: 1, Failures: 0, Errors: 0, Skipped: 0, Time elapsed: 0.466 s - in org.apache.hadoop.mapreduce.task.reduce.TestShuffleClientMetrics
[INFO] Running org.apache.hadoop.mapreduce.task.reduce.TestMerger
[INFO] Tests run: 4, Failures: 0, Errors: 0, Skipped: 0, Time elapsed: 0.512 s - in org.apache.hadoop.mapreduce.task.reduce.TestMerger
[INFO] Running org.apache.hadoop.mapreduce.task.reduce.TestEventFetcher
[INFO] Tests run: 1, Failures: 0, Errors: 0, Skipped: 0, Time elapsed: 0.253 s - in org.apache.hadoop.mapreduce.task.reduce.TestEventFetcher
[INFO] Running org.apache.hadoop.mapreduce.task.reduce.TestMergeManager
[INFO] Tests run: 5, Failures: 0, Errors: 0, Skipped: 0, Time elapsed: 0.571 s - in org.apache.hadoop.mapreduce.task.reduce.TestMergeManager
[INFO] Running org.apache.hadoop.mapreduce.task.reduce.TestFetcher
[INFO] Tests run: 16, Failures: 0, Errors: 0, Skipped: 0, Time elapsed: 0.797 s - in org.apache.hadoop.mapreduce.task.reduce.TestFetcher
[INFO] Running org.apache.hadoop.mapreduce.TestShufflePlugin
[INFO] Tests run: 3, Failures: 0, Errors: 0, Skipped: 0, Time elapsed: 0.592 s - in org.apache.hadoop.mapreduce.TestShufflePlugin
[INFO] Running org.apache.hadoop.mapreduce.TestJob
[INFO] Tests run: 3, Failures: 0, Errors: 0, Skipped: 0, Time elapsed: 0.403 s - in org.apache.hadoop.mapreduce.TestJob
[INFO] Running org.apache.hadoop.mapreduce.tools.TestCLI
[INFO] Tests run: 7, Failures: 0, Errors: 0, Skipped: 0, Time elapsed: 20.504 s - in org.apache.hadoop.mapreduce.tools.TestCLI
[INFO] Running org.apache.hadoop.mapred.TestSkipBadRecords
[INFO] Tests run: 1, Failures: 0, Errors: 0, Skipped: 0, Time elapsed: 0.135 s - in org.apache.hadoop.mapred.TestSkipBadRecords
[INFO] Running org.apache.hadoop.mapred.TestLineRecordReaderBZip2
[INFO] Tests run: 15, Failures: 0, Errors: 0, Skipped: 0, Time elapsed: 5.248 s - in org.apache.hadoop.mapred.TestLineRecordReaderBZip2
[INFO] Running org.apache.hadoop.mapred.TestQueue
[INFO] Tests run: 3, Failures: 0, Errors: 0, Skipped: 0, Time elapsed: 0.425 s - in org.apache.hadoop.mapred.TestQueue
[INFO] Running org.apache.hadoop.mapred.TestIndexCache
[INFO] Tests run: 5, Failures: 0, Errors: 0, Skipped: 0, Time elapsed: 0.389 s - in org.apache.hadoop.mapred.TestIndexCache
[INFO] Running org.apache.hadoop.mapred.TestClock
[INFO] Tests run: 1, Failures: 0, Errors: 0, Skipped: 0, Time elapsed: 0.022 s - in org.apache.hadoop.mapred.TestClock
[INFO] Running org.apache.hadoop.mapred.TestLocatedFileStatusFetcher
[INFO] Tests run: 1, Failures: 0, Errors: 0, Skipped: 0, Time elapsed: 0.21 s - in org.apache.hadoop.mapred.TestLocatedFileStatusFetcher
[INFO] Running org.apache.hadoop.mapred.TestTaskLog
[INFO] Tests run: 2, Failures: 0, Errors: 0, Skipped: 0, Time elapsed: 0.433 s - in org.apache.hadoop.mapred.TestTaskLog
[INFO] Running org.apache.hadoop.mapred.lib.db.TestDBInputFormat
[INFO] Tests run: 3, Failures: 0, Errors: 0, Skipped: 0, Time elapsed: 0.602 s - in org.apache.hadoop.mapred.lib.db.TestDBInputFormat
[INFO] Running org.apache.hadoop.mapred.lib.TestCombineFileRecordReader
[INFO] Tests run: 1, Failures: 0, Errors: 0, Skipped: 0, Time elapsed: 0.39 s - in org.apache.hadoop.mapred.lib.TestCombineFileRecordReader
[INFO] Running org.apache.hadoop.mapred.TestCounters
[INFO] Tests run: 13, Failures: 0, Errors: 0, Skipped: 0, Time elapsed: 0.163 s - in org.apache.hadoop.mapred.TestCounters
[INFO] Running org.apache.hadoop.mapred.TestTask
[INFO] Tests run: 2, Failures: 0, Errors: 0, Skipped: 0, Time elapsed: 0.322 s - in org.apache.hadoop.mapred.TestTask
[INFO] Running org.apache.hadoop.mapred.TestJobEndNotifier
[INFO] Tests run: 3, Failures: 0, Errors: 0, Skipped: 0, Time elapsed: 16.503 s - in org.apache.hadoop.mapred.TestJobEndNotifier
[INFO] Running org.apache.hadoop.mapred.TestMapTask
[INFO] Tests run: 1, Failures: 0, Errors: 0, Skipped: 0, Time elapsed: 0.477 s - in org.apache.hadoop.mapred.TestMapTask
[INFO] Running org.apache.hadoop.mapred.TestMapFileOutputFormat
[INFO] Tests run: 1, Failures: 0, Errors: 0, Skipped: 0, Time elapsed: 0.244 s - in org.apache.hadoop.mapred.TestMapFileOutputFormat
[INFO] Running org.apache.hadoop.mapred.TestJobAclsManager
[INFO] Tests run: 4, Failures: 0, Errors: 0, Skipped: 0, Time elapsed: 0.191 s - in org.apache.hadoop.mapred.TestJobAclsManager
[INFO] Running org.apache.hadoop.mapred.TestFileInputFormat
[INFO] Tests run: 14, Failures: 0, Errors: 0, Skipped: 0, Time elapsed: 0.564 s - in org.apache.hadoop.mapred.TestFileInputFormat
[INFO] Running org.apache.hadoop.mapred.TestJobInfo
[INFO] Tests run: 2, Failures: 0, Errors: 0, Skipped: 0, Time elapsed: 0.144 s - in org.apache.hadoop.mapred.TestJobInfo
[INFO] Running org.apache.hadoop.mapred.TestTaskLogAppender
[INFO] Tests run: 1, Failures: 0, Errors: 0, Skipped: 0, Time elapsed: 0.099 s - in org.apache.hadoop.mapred.TestTaskLogAppender
[INFO] Running org.apache.hadoop.mapred.TestMaster
[INFO] Tests run: 1, Failures: 0, Errors: 0, Skipped: 0, Time elapsed: 0.162 s - in org.apache.hadoop.mapred.TestMaster
[INFO] Running org.apache.hadoop.mapred.TestLineRecordReader
[INFO] Tests run: 14, Failures: 0, Errors: 0, Skipped: 0, Time elapsed: 9.789 s - in org.apache.hadoop.mapred.TestLineRecordReader
[INFO] Running org.apache.hadoop.mapred.TestJobConf
[INFO] Tests run: 12, Failures: 0, Errors: 0, Skipped: 0, Time elapsed: 0.343 s - in org.apache.hadoop.mapred.TestJobConf
[INFO] Running org.apache.hadoop.mapred.TestClusterStatus
[INFO] Tests run: 2, Failures: 0, Errors: 0, Skipped: 0, Time elapsed: 0.026 s - in org.apache.hadoop.mapred.TestClusterStatus
[INFO] Running org.apache.hadoop.mapred.TestFileOutputCommitter
[INFO] Tests run: 17, Failures: 0, Errors: 0, Skipped: 0, Time elapsed: 0.564 s - in org.apache.hadoop.mapred.TestFileOutputCommitter
[INFO] Running org.apache.hadoop.mapred.TestJobQueueClient
[INFO] Tests run: 1, Failures: 0, Errors: 0, Skipped: 0, Time elapsed: 0.023 s - in org.apache.hadoop.mapred.TestJobQueueClient
[INFO] Running org.apache.hadoop.mapred.TestTaskProgressReporter
[INFO] Tests run: 4, Failures: 0, Errors: 0, Skipped: 0, Time elapsed: 44.428 s - in org.apache.hadoop.mapred.TestTaskProgressReporter
[INFO] Running org.apache.hadoop.mapred.TestOldMethodsJobID
[INFO] Tests run: 6, Failures: 0, Errors: 0, Skipped: 0, Time elapsed: 0.102 s - in org.apache.hadoop.mapred.TestOldMethodsJobID
[INFO] 
[INFO] Results:
[INFO] 
[INFO] Tests run: 411, Failures: 0, Errors: 0, Skipped: 0
[INFO] 
[INFO] ------------------------------------------------------------------------
[INFO] BUILD SUCCESS
[INFO] ------------------------------------------------------------------------
[INFO] Total time:  03:20 min
[INFO] Finished at: 2023-12-24T17:08:02Z
[INFO] ------------------------------------------------------------------------
Previous HEAD position was 1be78238728 3.3.6 Release LICENSE file update.
Switched to branch 'ctest-eval'
Your branch is up to date with 'origin/ctest-eval'.
[CTEST-RUNNER-EVAL] [VANILLA-RND] Checkout to branch rel/release-3.3.6
[CTEST-RUNNER-EVAL] [CHECKOUT] Checkout to branch rel/release-3.3.6
[CTEST-RUNNER-EVAL] [VANILLA-RND] mvn clean and build
[CTEST-RUNNER-EVAL] [VANILLA-RND] Run the test
[CTEST-RUNNER-EVAL] [ANNOTATION] Checkout to branch ctest-eval
[CTEST-RUNNER-EVAL] [CHECKOUT] Checkout to branch ctest-eval
[CTEST-RUNNER-EVAL] [ANNOTATION] Add annotation
<<<ctest-runner-script>>> ======================================================================
<<<ctest-runner-script>>> project: mapreduce
<<<ctest-runner-script>>> change working directory: /home/ctestrunner/hadoop/hadoop-mapreduce-project/hadoop-mapreduce-client/hadoop-mapreduce-client-core -> /home/ctestrunner/hadoop/hadoop-mapreduce-project/hadoop-mapreduce-client/hadoop-mapreduce-client-core
<<<ctest-runner-script>>> add import and runwith to all test classes
<<<ctest-runner-script>>> add import information and @RunWith in /home/ctestrunner/hadoop/hadoop-mapreduce-project/hadoop-mapreduce-client/hadoop-mapreduce-client-core/src/test
<<<ctest-runner-script>>> normal import and @RunWith added for /home/ctestrunner/hadoop/hadoop-mapreduce-project/hadoop-mapreduce-client/hadoop-mapreduce-client-core/src/test/java/org/apache/hadoop/mapreduce/TestCluster.java
<<<ctest-runner-script>>> normal import and @RunWith added for /home/ctestrunner/hadoop/hadoop-mapreduce-project/hadoop-mapreduce-client/hadoop-mapreduce-client-core/src/test/java/org/apache/hadoop/mapreduce/TestJob.java
<<<ctest-runner-script>>> normal import and @RunWith added for /home/ctestrunner/hadoop/hadoop-mapreduce-project/hadoop-mapreduce-client/hadoop-mapreduce-client-core/src/test/java/org/apache/hadoop/mapreduce/TestJobMonitorAndPrint.java
<<<ctest-runner-script>>> normal import and @RunWith added for /home/ctestrunner/hadoop/hadoop-mapreduce-project/hadoop-mapreduce-client/hadoop-mapreduce-client-core/src/test/java/org/apache/hadoop/mapreduce/TestJobSubmissionFiles.java
<<<ctest-runner-script>>> normal import and @RunWith added for /home/ctestrunner/hadoop/hadoop-mapreduce-project/hadoop-mapreduce-client/hadoop-mapreduce-client-core/src/test/java/org/apache/hadoop/mapreduce/TestJobResourceUploaderWithSharedCache.java
<<<ctest-runner-script>>> normal import and @RunWith added for /home/ctestrunner/hadoop/hadoop-mapreduce-project/hadoop-mapreduce-client/hadoop-mapreduce-client-core/src/test/java/org/apache/hadoop/mapreduce/TestContextFactory.java
<<<ctest-runner-script>>> normal import and @RunWith added for /home/ctestrunner/hadoop/hadoop-mapreduce-project/hadoop-mapreduce-client/hadoop-mapreduce-client-core/src/test/java/org/apache/hadoop/mapreduce/TestJobResourceUploader.java
<<<ctest-runner-script>>> normal import and @RunWith added for /home/ctestrunner/hadoop/hadoop-mapreduce-project/hadoop-mapreduce-client/hadoop-mapreduce-client-core/src/test/java/org/apache/hadoop/mapreduce/TestTaskID.java
<<<ctest-runner-script>>> normal import and @RunWith added for /home/ctestrunner/hadoop/hadoop-mapreduce-project/hadoop-mapreduce-client/hadoop-mapreduce-client-core/src/test/java/org/apache/hadoop/mapreduce/TestShufflePlugin.java
<<<ctest-runner-script>>> normal import and @RunWith added for /home/ctestrunner/hadoop/hadoop-mapreduce-project/hadoop-mapreduce-client/hadoop-mapreduce-client-core/src/test/java/org/apache/hadoop/mapreduce/checkpoint/TestFSCheckpointService.java
<<<ctest-runner-script>>> normal import and @RunWith added for /home/ctestrunner/hadoop/hadoop-mapreduce-project/hadoop-mapreduce-client/hadoop-mapreduce-client-core/src/test/java/org/apache/hadoop/mapreduce/checkpoint/TestFSCheckpointID.java
<<<ctest-runner-script>>> normal import and @RunWith added for /home/ctestrunner/hadoop/hadoop-mapreduce-project/hadoop-mapreduce-client/hadoop-mapreduce-client-core/src/test/java/org/apache/hadoop/mapreduce/filecache/TestDistributedCache.java
<<<ctest-runner-script>>> normal import and @RunWith added for /home/ctestrunner/hadoop/hadoop-mapreduce-project/hadoop-mapreduce-client/hadoop-mapreduce-client-core/src/test/java/org/apache/hadoop/mapreduce/filecache/TestClientDistributedCacheManager.java
<<<ctest-runner-script>>> normal import and @RunWith added for /home/ctestrunner/hadoop/hadoop-mapreduce-project/hadoop-mapreduce-client/hadoop-mapreduce-client-core/src/test/java/org/apache/hadoop/mapreduce/split/TestJobSplitWriter.java
<<<ctest-runner-script>>> normal import and @RunWith added for /home/ctestrunner/hadoop/hadoop-mapreduce-project/hadoop-mapreduce-client/hadoop-mapreduce-client-core/src/test/java/org/apache/hadoop/mapreduce/split/TestJobSplitWriterWithEC.java
<<<ctest-runner-script>>> normal import and @RunWith added for /home/ctestrunner/hadoop/hadoop-mapreduce-project/hadoop-mapreduce-client/hadoop-mapreduce-client-core/src/test/java/org/apache/hadoop/mapreduce/lib/input/TestCombineFileRecordReader.java
<<<ctest-runner-script>>> normal import and @RunWith added for /home/ctestrunner/hadoop/hadoop-mapreduce-project/hadoop-mapreduce-client/hadoop-mapreduce-client-core/src/test/java/org/apache/hadoop/mapreduce/lib/input/TestLineRecordReader.java
<<<ctest-runner-script>>> normal import and @RunWith added for /home/ctestrunner/hadoop/hadoop-mapreduce-project/hadoop-mapreduce-client/hadoop-mapreduce-client-core/src/test/java/org/apache/hadoop/mapreduce/lib/db/TestSplitters.java
<<<ctest-runner-script>>> normal import and @RunWith added for /home/ctestrunner/hadoop/hadoop-mapreduce-project/hadoop-mapreduce-client/hadoop-mapreduce-client-core/src/test/java/org/apache/hadoop/mapreduce/lib/db/TestDbClasses.java
<<<ctest-runner-script>>> normal import and @RunWith added for /home/ctestrunner/hadoop/hadoop-mapreduce-project/hadoop-mapreduce-client/hadoop-mapreduce-client-core/src/test/java/org/apache/hadoop/mapreduce/lib/output/TestMapFileOutputFormat.java
<<<ctest-runner-script>>> normal import and @RunWith added for /home/ctestrunner/hadoop/hadoop-mapreduce-project/hadoop-mapreduce-client/hadoop-mapreduce-client-core/src/test/java/org/apache/hadoop/mapreduce/lib/output/TestPathOutputCommitterFactory.java
<<<ctest-runner-script>>> normal import and @RunWith added for /home/ctestrunner/hadoop/hadoop-mapreduce-project/hadoop-mapreduce-client/hadoop-mapreduce-client-core/src/test/java/org/apache/hadoop/mapreduce/lib/output/TestFileOutputFormat.java
<<<ctest-runner-script>>> normal import and @RunWith added for /home/ctestrunner/hadoop/hadoop-mapreduce-project/hadoop-mapreduce-client/hadoop-mapreduce-client-core/src/test/java/org/apache/hadoop/mapreduce/lib/output/TestPathOutputCommitter.java
<<<ctest-runner-script>>> normal import and @RunWith added for /home/ctestrunner/hadoop/hadoop-mapreduce-project/hadoop-mapreduce-client/hadoop-mapreduce-client-core/src/test/java/org/apache/hadoop/mapreduce/lib/output/TestPreemptableFileOutputCommitter.java
<<<ctest-runner-script>>> normal import and @RunWith added for /home/ctestrunner/hadoop/hadoop-mapreduce-project/hadoop-mapreduce-client/hadoop-mapreduce-client-core/src/test/java/org/apache/hadoop/mapreduce/lib/output/TestFileOutputCommitter.java
<<<ctest-runner-script>>> normal import and @RunWith added for /home/ctestrunner/hadoop/hadoop-mapreduce-project/hadoop-mapreduce-client/hadoop-mapreduce-client-core/src/test/java/org/apache/hadoop/mapreduce/lib/output/committer/manifest/TestManifestCommitProtocol.java
<<<ctest-runner-script>>> normal import and @RunWith added for /home/ctestrunner/hadoop/hadoop-mapreduce-project/hadoop-mapreduce-client/hadoop-mapreduce-client-core/src/test/java/org/apache/hadoop/mapreduce/lib/output/committer/manifest/TestCreateOutputDirectoriesStage.java
<<<ctest-runner-script>>> normal import and @RunWith added for /home/ctestrunner/hadoop/hadoop-mapreduce-project/hadoop-mapreduce-client/hadoop-mapreduce-client-core/src/test/java/org/apache/hadoop/mapreduce/lib/output/committer/manifest/TestCleanupStage.java
<<<ctest-runner-script>>> normal import and @RunWith added for /home/ctestrunner/hadoop/hadoop-mapreduce-project/hadoop-mapreduce-client/hadoop-mapreduce-client-core/src/test/java/org/apache/hadoop/mapreduce/lib/output/committer/manifest/TestCommitTaskStage.java
<<<ctest-runner-script>>> normal import and @RunWith added for /home/ctestrunner/hadoop/hadoop-mapreduce-project/hadoop-mapreduce-client/hadoop-mapreduce-client-core/src/test/java/org/apache/hadoop/mapreduce/lib/output/committer/manifest/TestRenameStageFailure.java
<<<ctest-runner-script>>> normal import and @RunWith added for /home/ctestrunner/hadoop/hadoop-mapreduce-project/hadoop-mapreduce-client/hadoop-mapreduce-client-core/src/test/java/org/apache/hadoop/mapreduce/lib/output/committer/manifest/TestLoadManifestsStage.java
<<<ctest-runner-script>>> normal import and @RunWith added for /home/ctestrunner/hadoop/hadoop-mapreduce-project/hadoop-mapreduce-client/hadoop-mapreduce-client-core/src/test/java/org/apache/hadoop/mapreduce/lib/output/committer/manifest/TestTaskManifestFileIO.java
<<<ctest-runner-script>>> normal import and @RunWith added for /home/ctestrunner/hadoop/hadoop-mapreduce-project/hadoop-mapreduce-client/hadoop-mapreduce-client-core/src/test/java/org/apache/hadoop/mapreduce/lib/output/committer/manifest/impl/TestEntryFileIO.java
<<<ctest-runner-script>>> normal import and @RunWith added for /home/ctestrunner/hadoop/hadoop-mapreduce-project/hadoop-mapreduce-client/hadoop-mapreduce-client-core/src/test/java/org/apache/hadoop/mapreduce/lib/partition/TestRehashPartitioner.java
<<<ctest-runner-script>>> normal import and @RunWith added for /home/ctestrunner/hadoop/hadoop-mapreduce-project/hadoop-mapreduce-client/hadoop-mapreduce-client-core/src/test/java/org/apache/hadoop/mapreduce/lib/jobcontrol/TestJobControl.java
<<<ctest-runner-script>>> normal import and @RunWith added for /home/ctestrunner/hadoop/hadoop-mapreduce-project/hadoop-mapreduce-client/hadoop-mapreduce-client-core/src/test/java/org/apache/hadoop/mapreduce/jobhistory/TestHistoryViewerPrinter.java
<<<ctest-runner-script>>> normal import and @RunWith added for /home/ctestrunner/hadoop/hadoop-mapreduce-project/hadoop-mapreduce-client/hadoop-mapreduce-client-core/src/test/java/org/apache/hadoop/mapreduce/security/TestTokenCache.java
<<<ctest-runner-script>>> normal import and @RunWith added for /home/ctestrunner/hadoop/hadoop-mapreduce-project/hadoop-mapreduce-client/hadoop-mapreduce-client-core/src/test/java/org/apache/hadoop/mapreduce/task/reduce/TestShuffleScheduler.java
<<<ctest-runner-script>>> normal import and @RunWith added for /home/ctestrunner/hadoop/hadoop-mapreduce-project/hadoop-mapreduce-client/hadoop-mapreduce-client-core/src/test/java/org/apache/hadoop/mapreduce/task/reduce/TestMergeManager.java
<<<ctest-runner-script>>> normal import and @RunWith added for /home/ctestrunner/hadoop/hadoop-mapreduce-project/hadoop-mapreduce-client/hadoop-mapreduce-client-core/src/test/java/org/apache/hadoop/mapreduce/task/reduce/TestShuffleClientMetrics.java
<<<ctest-runner-script>>> normal import and @RunWith added for /home/ctestrunner/hadoop/hadoop-mapreduce-project/hadoop-mapreduce-client/hadoop-mapreduce-client-core/src/test/java/org/apache/hadoop/mapreduce/task/reduce/TestEventFetcher.java
<<<ctest-runner-script>>> normal import and @RunWith added for /home/ctestrunner/hadoop/hadoop-mapreduce-project/hadoop-mapreduce-client/hadoop-mapreduce-client-core/src/test/java/org/apache/hadoop/mapreduce/task/reduce/TestMerger.java
<<<ctest-runner-script>>> normal import and @RunWith added for /home/ctestrunner/hadoop/hadoop-mapreduce-project/hadoop-mapreduce-client/hadoop-mapreduce-client-core/src/test/java/org/apache/hadoop/mapreduce/task/reduce/TestFetcher.java
<<<ctest-runner-script>>> normal import and @RunWith added for /home/ctestrunner/hadoop/hadoop-mapreduce-project/hadoop-mapreduce-client/hadoop-mapreduce-client-core/src/test/java/org/apache/hadoop/mapreduce/tools/TestCLI.java
<<<ctest-runner-script>>> normal import and @RunWith added for /home/ctestrunner/hadoop/hadoop-mapreduce-project/hadoop-mapreduce-client/hadoop-mapreduce-client-core/src/test/java/org/apache/hadoop/mapred/TestMapFileOutputFormat.java
<<<ctest-runner-script>>> normal import and @RunWith added for /home/ctestrunner/hadoop/hadoop-mapreduce-project/hadoop-mapreduce-client/hadoop-mapreduce-client-core/src/test/java/org/apache/hadoop/mapred/TestJobQueueClient.java
<<<ctest-runner-script>>> normal import and @RunWith added for /home/ctestrunner/hadoop/hadoop-mapreduce-project/hadoop-mapreduce-client/hadoop-mapreduce-client-core/src/test/java/org/apache/hadoop/mapred/TestTaskProgressReporter.java
<<<ctest-runner-script>>> normal import and @RunWith added for /home/ctestrunner/hadoop/hadoop-mapreduce-project/hadoop-mapreduce-client/hadoop-mapreduce-client-core/src/test/java/org/apache/hadoop/mapred/TestJobConf.java
<<<ctest-runner-script>>> normal import and @RunWith added for /home/ctestrunner/hadoop/hadoop-mapreduce-project/hadoop-mapreduce-client/hadoop-mapreduce-client-core/src/test/java/org/apache/hadoop/mapred/TestTaskLogAppender.java
<<<ctest-runner-script>>> normal import and @RunWith added for /home/ctestrunner/hadoop/hadoop-mapreduce-project/hadoop-mapreduce-client/hadoop-mapreduce-client-core/src/test/java/org/apache/hadoop/mapred/TestOldMethodsJobID.java
<<<ctest-runner-script>>> normal import and @RunWith added for /home/ctestrunner/hadoop/hadoop-mapreduce-project/hadoop-mapreduce-client/hadoop-mapreduce-client-core/src/test/java/org/apache/hadoop/mapred/TestTaskLog.java
<<<ctest-runner-script>>> normal import and @RunWith added for /home/ctestrunner/hadoop/hadoop-mapreduce-project/hadoop-mapreduce-client/hadoop-mapreduce-client-core/src/test/java/org/apache/hadoop/mapred/TestJobInfo.java
<<<ctest-runner-script>>> normal import and @RunWith added for /home/ctestrunner/hadoop/hadoop-mapreduce-project/hadoop-mapreduce-client/hadoop-mapreduce-client-core/src/test/java/org/apache/hadoop/mapred/TestCounters.java
<<<ctest-runner-script>>> normal import and @RunWith added for /home/ctestrunner/hadoop/hadoop-mapreduce-project/hadoop-mapreduce-client/hadoop-mapreduce-client-core/src/test/java/org/apache/hadoop/mapred/TestFileOutputCommitter.java
<<<ctest-runner-script>>> normal import and @RunWith added for /home/ctestrunner/hadoop/hadoop-mapreduce-project/hadoop-mapreduce-client/hadoop-mapreduce-client-core/src/test/java/org/apache/hadoop/mapred/TestMapTask.java
<<<ctest-runner-script>>> normal import and @RunWith added for /home/ctestrunner/hadoop/hadoop-mapreduce-project/hadoop-mapreduce-client/hadoop-mapreduce-client-core/src/test/java/org/apache/hadoop/mapred/TestQueue.java
<<<ctest-runner-script>>> normal import and @RunWith added for /home/ctestrunner/hadoop/hadoop-mapreduce-project/hadoop-mapreduce-client/hadoop-mapreduce-client-core/src/test/java/org/apache/hadoop/mapred/TestJobEndNotifier.java
<<<ctest-runner-script>>> normal import and @RunWith added for /home/ctestrunner/hadoop/hadoop-mapreduce-project/hadoop-mapreduce-client/hadoop-mapreduce-client-core/src/test/java/org/apache/hadoop/mapred/TestIndexCache.java
<<<ctest-runner-script>>> normal import and @RunWith added for /home/ctestrunner/hadoop/hadoop-mapreduce-project/hadoop-mapreduce-client/hadoop-mapreduce-client-core/src/test/java/org/apache/hadoop/mapred/TestLocatedFileStatusFetcher.java
<<<ctest-runner-script>>> normal import and @RunWith added for /home/ctestrunner/hadoop/hadoop-mapreduce-project/hadoop-mapreduce-client/hadoop-mapreduce-client-core/src/test/java/org/apache/hadoop/mapred/TestClock.java
<<<ctest-runner-script>>> normal import and @RunWith added for /home/ctestrunner/hadoop/hadoop-mapreduce-project/hadoop-mapreduce-client/hadoop-mapreduce-client-core/src/test/java/org/apache/hadoop/mapred/TestLineRecordReader.java
<<<ctest-runner-script>>> normal import and @RunWith added for /home/ctestrunner/hadoop/hadoop-mapreduce-project/hadoop-mapreduce-client/hadoop-mapreduce-client-core/src/test/java/org/apache/hadoop/mapred/TestClusterStatus.java
<<<ctest-runner-script>>> normal import and @RunWith added for /home/ctestrunner/hadoop/hadoop-mapreduce-project/hadoop-mapreduce-client/hadoop-mapreduce-client-core/src/test/java/org/apache/hadoop/mapred/TestSkipBadRecords.java
<<<ctest-runner-script>>> normal import and @RunWith added for /home/ctestrunner/hadoop/hadoop-mapreduce-project/hadoop-mapreduce-client/hadoop-mapreduce-client-core/src/test/java/org/apache/hadoop/mapred/TestMaster.java
<<<ctest-runner-script>>> normal import and @RunWith added for /home/ctestrunner/hadoop/hadoop-mapreduce-project/hadoop-mapreduce-client/hadoop-mapreduce-client-core/src/test/java/org/apache/hadoop/mapred/TestJobAclsManager.javaPicked up _JAVA_OPTIONS: -Xmx7g
[INFO] Scanning for projects...
[INFO] ------------------------------------------------------------------------
[INFO] Detecting the operating system and CPU architecture
[INFO] ------------------------------------------------------------------------
[INFO] os.detected.name: linux
[INFO] os.detected.arch: x86_64
[INFO] os.detected.bitness: 64
[INFO] os.detected.version: 5.15
[INFO] os.detected.version.major: 5
[INFO] os.detected.version.minor: 15
[INFO] os.detected.release: ubuntu
[INFO] os.detected.release.version: 18.04
[INFO] os.detected.release.like.ubuntu: true
[INFO] os.detected.release.like.debian: true
[INFO] os.detected.classifier: linux-x86_64
[INFO] 
[INFO] -----------< org.apache.hadoop:hadoop-mapreduce-client-core >-----------
[INFO] Building Apache Hadoop MapReduce Core 3.3.6
[INFO] --------------------------------[ jar ]---------------------------------
[INFO] 
[INFO] --- maven-clean-plugin:3.1.0:clean (default-clean) @ hadoop-mapreduce-client-core ---
[INFO] Deleting /home/ctestrunner/hadoop/hadoop-mapreduce-project/hadoop-mapreduce-client/hadoop-mapreduce-client-core/target
[INFO] Deleting /home/ctestrunner/hadoop/hadoop-mapreduce-project/hadoop-mapreduce-client/hadoop-mapreduce-client-core/src/site/resources (includes = [configuration.xsl, mapred-default.xml], excludes = [])
[INFO] 
[INFO] --- maven-antrun-plugin:1.7:run (create-testdirs) @ hadoop-mapreduce-client-core ---
[INFO] Executing tasks

main:
    [mkdir] Created dir: /home/ctestrunner/hadoop/hadoop-mapreduce-project/hadoop-mapreduce-client/hadoop-mapreduce-client-core/target/test-dir
[INFO] Executed tasks
[INFO] 
[INFO] --- avro-maven-plugin:1.7.7:protocol (default) @ hadoop-mapreduce-client-core ---
[INFO] 
[INFO] --- maven-enforcer-plugin:3.0.0-M1:enforce (banned-illegal-imports) @ hadoop-mapreduce-client-core ---
[INFO] 
[INFO] --- replacer:1.5.3:replace (replace-generated-sources) @ hadoop-mapreduce-client-core ---
[INFO] Skipping
[INFO] 
[INFO] --- replacer:1.5.3:replace (replace-sources) @ hadoop-mapreduce-client-core ---
[INFO] Skipping
[INFO] 
[INFO] --- replacer:1.5.3:replace (replace-guava) @ hadoop-mapreduce-client-core ---
[INFO] Replacement run on 627 files.
[INFO] 
[INFO] --- maven-resources-plugin:2.6:resources (default-resources) @ hadoop-mapreduce-client-core ---
[INFO] Using 'UTF-8' encoding to copy filtered resources.
[INFO] Copying 8 resources
[INFO] 
[INFO] --- maven-compiler-plugin:3.1:compile (default-compile) @ hadoop-mapreduce-client-core ---
[INFO] Compiling 564 source files to /home/ctestrunner/hadoop/hadoop-mapreduce-project/hadoop-mapreduce-client/hadoop-mapreduce-client-core/target/classes
[WARNING] /home/ctestrunner/hadoop/hadoop-mapreduce-project/hadoop-mapreduce-client/hadoop-mapreduce-client-core/src/main/java/org/apache/hadoop/mapred/Mapper.java: Some input files use or override a deprecated API.
[WARNING] /home/ctestrunner/hadoop/hadoop-mapreduce-project/hadoop-mapreduce-client/hadoop-mapreduce-client-core/src/main/java/org/apache/hadoop/mapred/Mapper.java: Recompile with -Xlint:deprecation for details.
[WARNING] /home/ctestrunner/hadoop/hadoop-mapreduce-project/hadoop-mapreduce-client/hadoop-mapreduce-client-core/target/generated-sources/avro/org/apache/hadoop/mapreduce/jobhistory/MapAttemptFinished.java: Some input files use unchecked or unsafe operations.
[WARNING] /home/ctestrunner/hadoop/hadoop-mapreduce-project/hadoop-mapreduce-client/hadoop-mapreduce-client-core/target/generated-sources/avro/org/apache/hadoop/mapreduce/jobhistory/MapAttemptFinished.java: Recompile with -Xlint:unchecked for details.
[INFO] 
[INFO] --- replacer:1.5.3:replace (replace-test-sources) @ hadoop-mapreduce-client-core ---
[INFO] Skipping
[INFO] 
[INFO] --- maven-resources-plugin:2.6:testResources (default-testResources) @ hadoop-mapreduce-client-core ---
[INFO] Using 'UTF-8' encoding to copy filtered resources.
[INFO] Copying 11 resources
[INFO] 
[INFO] --- replacer:1.5.3:replace (replace-generated-test-sources) @ hadoop-mapreduce-client-core ---
[INFO] Skipping
[INFO] 
[INFO] --- maven-compiler-plugin:3.1:testCompile (default-testCompile) @ hadoop-mapreduce-client-core ---
[INFO] Compiling 87 source files to /home/ctestrunner/hadoop/hadoop-mapreduce-project/hadoop-mapreduce-client/hadoop-mapreduce-client-core/target/test-classes
[WARNING] /home/ctestrunner/hadoop/hadoop-mapreduce-project/hadoop-mapreduce-client/hadoop-mapreduce-client-core/src/test/java/org/apache/hadoop/mapreduce/task/reduce/TestMergeManager.java: Some input files use or override a deprecated API.
[WARNING] /home/ctestrunner/hadoop/hadoop-mapreduce-project/hadoop-mapreduce-client/hadoop-mapreduce-client-core/src/test/java/org/apache/hadoop/mapreduce/task/reduce/TestMergeManager.java: Recompile with -Xlint:deprecation for details.
[INFO] 
[INFO] --- maven-jar-plugin:2.5:test-jar (default) @ hadoop-mapreduce-client-core ---
[INFO] Building jar: /home/ctestrunner/hadoop/hadoop-mapreduce-project/hadoop-mapreduce-client/hadoop-mapreduce-client-core/target/hadoop-mapreduce-client-core-3.3.6-tests.jar
[INFO] 
[INFO] --- maven-surefire-plugin:3.0.0-M1:test (default-test) @ hadoop-mapreduce-client-core ---
[INFO] Tests are skipped.
[INFO] 
[INFO] --- maven-jar-plugin:2.5:jar (default-jar) @ hadoop-mapreduce-client-core ---
[INFO] Building jar: /home/ctestrunner/hadoop/hadoop-mapreduce-project/hadoop-mapreduce-client/hadoop-mapreduce-client-core/target/hadoop-mapreduce-client-core-3.3.6.jar
[INFO] 
[INFO] --- maven-site-plugin:3.9.1:attach-descriptor (attach-descriptor) @ hadoop-mapreduce-client-core ---
[INFO] Skipping because packaging 'jar' is not pom.
[INFO] 
[INFO] --- maven-enforcer-plugin:3.0.0-M1:enforce (depcheck) @ hadoop-mapreduce-client-core ---
[INFO] 
[INFO] --- maven-install-plugin:2.5.1:install (default-install) @ hadoop-mapreduce-client-core ---
[INFO] Installing /home/ctestrunner/hadoop/hadoop-mapreduce-project/hadoop-mapreduce-client/hadoop-mapreduce-client-core/target/hadoop-mapreduce-client-core-3.3.6.jar to /root/.m2/repository/org/apache/hadoop/hadoop-mapreduce-client-core/3.3.6/hadoop-mapreduce-client-core-3.3.6.jar
[INFO] Installing /home/ctestrunner/hadoop/hadoop-mapreduce-project/hadoop-mapreduce-client/hadoop-mapreduce-client-core/pom.xml to /root/.m2/repository/org/apache/hadoop/hadoop-mapreduce-client-core/3.3.6/hadoop-mapreduce-client-core-3.3.6.pom
[INFO] Installing /home/ctestrunner/hadoop/hadoop-mapreduce-project/hadoop-mapreduce-client/hadoop-mapreduce-client-core/target/hadoop-mapreduce-client-core-3.3.6-tests.jar to /root/.m2/repository/org/apache/hadoop/hadoop-mapreduce-client-core/3.3.6/hadoop-mapreduce-client-core-3.3.6-tests.jar
[INFO] ------------------------------------------------------------------------
[INFO] BUILD SUCCESS
[INFO] ------------------------------------------------------------------------
[INFO] Total time:  5.525 s
[INFO] Finished at: 2023-12-24T17:08:08Z
[INFO] ------------------------------------------------------------------------
Picked up _JAVA_OPTIONS: -Xmx7g
[INFO] Scanning for projects...
[INFO] ------------------------------------------------------------------------
[INFO] Detecting the operating system and CPU architecture
[INFO] ------------------------------------------------------------------------
[INFO] os.detected.name: linux
[INFO] os.detected.arch: x86_64
[INFO] os.detected.bitness: 64
[INFO] os.detected.version: 5.15
[INFO] os.detected.version.major: 5
[INFO] os.detected.version.minor: 15
[INFO] os.detected.release: ubuntu
[INFO] os.detected.release.version: 18.04
[INFO] os.detected.release.like.ubuntu: true
[INFO] os.detected.release.like.debian: true
[INFO] os.detected.classifier: linux-x86_64
[INFO] 
[INFO] -----------< org.apache.hadoop:hadoop-mapreduce-client-core >-----------
[INFO] Building Apache Hadoop MapReduce Core 3.3.6
[INFO] --------------------------------[ jar ]---------------------------------
[INFO] 
[INFO] --- maven-surefire-plugin:3.0.0-M1:test (default-cli) @ hadoop-mapreduce-client-core ---
[INFO] 
[INFO] -------------------------------------------------------
[INFO]  T E S T S
[INFO] -------------------------------------------------------
[INFO] Running org.apache.hadoop.mapreduce.checkpoint.TestFSCheckpointService
[INFO] Tests run: 3, Failures: 0, Errors: 0, Skipped: 0, Time elapsed: 0.422 s - in org.apache.hadoop.mapreduce.checkpoint.TestFSCheckpointService
[INFO] Running org.apache.hadoop.mapreduce.checkpoint.TestFSCheckpointID
[INFO] Tests run: 1, Failures: 0, Errors: 0, Skipped: 0, Time elapsed: 0.093 s - in org.apache.hadoop.mapreduce.checkpoint.TestFSCheckpointID
[INFO] Running org.apache.hadoop.mapreduce.TestJobMonitorAndPrint
[INFO] Tests run: 1, Failures: 0, Errors: 0, Skipped: 0, Time elapsed: 0.462 s - in org.apache.hadoop.mapreduce.TestJobMonitorAndPrint
[INFO] Running org.apache.hadoop.mapreduce.filecache.TestClientDistributedCacheManager
[INFO] Tests run: 2, Failures: 0, Errors: 0, Skipped: 0, Time elapsed: 0.318 s - in org.apache.hadoop.mapreduce.filecache.TestClientDistributedCacheManager
[INFO] Running org.apache.hadoop.mapreduce.filecache.TestDistributedCache
[INFO] Tests run: 1, Failures: 0, Errors: 0, Skipped: 0, Time elapsed: 0.189 s - in org.apache.hadoop.mapreduce.filecache.TestDistributedCache
[INFO] Running org.apache.hadoop.mapreduce.split.TestJobSplitWriter
[INFO] Tests run: 2, Failures: 0, Errors: 0, Skipped: 0, Time elapsed: 0.266 s - in org.apache.hadoop.mapreduce.split.TestJobSplitWriter
[INFO] Running org.apache.hadoop.mapreduce.split.TestJobSplitWriterWithEC
[INFO] Tests run: 2, Failures: 0, Errors: 0, Skipped: 0, Time elapsed: 6.435 s - in org.apache.hadoop.mapreduce.split.TestJobSplitWriterWithEC
[INFO] Running org.apache.hadoop.mapreduce.lib.input.TestLineRecordReaderBZip2
[INFO] Tests run: 15, Failures: 0, Errors: 0, Skipped: 0, Time elapsed: 5.316 s - in org.apache.hadoop.mapreduce.lib.input.TestLineRecordReaderBZip2
[INFO] Running org.apache.hadoop.mapreduce.lib.input.TestFileInputFormat
[INFO] Tests run: 18, Failures: 0, Errors: 0, Skipped: 0, Time elapsed: 0.624 s - in org.apache.hadoop.mapreduce.lib.input.TestFileInputFormat
[INFO] Running org.apache.hadoop.mapreduce.lib.input.TestLineRecordReader
[INFO] Tests run: 12, Failures: 0, Errors: 0, Skipped: 0, Time elapsed: 13.12 s - in org.apache.hadoop.mapreduce.lib.input.TestLineRecordReader
[INFO] Running org.apache.hadoop.mapreduce.lib.input.TestCombineFileRecordReader
[INFO] Tests run: 1, Failures: 0, Errors: 0, Skipped: 0, Time elapsed: 0.425 s - in org.apache.hadoop.mapreduce.lib.input.TestCombineFileRecordReader
[INFO] Running org.apache.hadoop.mapreduce.lib.db.TestDbClasses
[INFO] Tests run: 4, Failures: 0, Errors: 0, Skipped: 0, Time elapsed: 0.483 s - in org.apache.hadoop.mapreduce.lib.db.TestDbClasses
[INFO] Running org.apache.hadoop.mapreduce.lib.db.TestSplitters
[INFO] Tests run: 5, Failures: 0, Errors: 0, Skipped: 0, Time elapsed: 0.353 s - in org.apache.hadoop.mapreduce.lib.db.TestSplitters
[INFO] Running org.apache.hadoop.mapreduce.lib.output.committer.manifest.TestTaskManifestFileIO
[INFO] Tests run: 6, Failures: 0, Errors: 0, Skipped: 0, Time elapsed: 0.456 s - in org.apache.hadoop.mapreduce.lib.output.committer.manifest.TestTaskManifestFileIO
[INFO] Running org.apache.hadoop.mapreduce.lib.output.committer.manifest.TestLoadManifestsStage
[INFO] Tests run: 1, Failures: 0, Errors: 0, Skipped: 0, Time elapsed: 5.256 s - in org.apache.hadoop.mapreduce.lib.output.committer.manifest.TestLoadManifestsStage
[INFO] Running org.apache.hadoop.mapreduce.lib.output.committer.manifest.impl.TestEntryFileIO
[INFO] Tests run: 7, Failures: 0, Errors: 0, Skipped: 0, Time elapsed: 0.634 s - in org.apache.hadoop.mapreduce.lib.output.committer.manifest.impl.TestEntryFileIO
[INFO] Running org.apache.hadoop.mapreduce.lib.output.committer.manifest.TestRenameStageFailure
[INFO] Tests run: 5, Failures: 0, Errors: 0, Skipped: 0, Time elapsed: 0.755 s - in org.apache.hadoop.mapreduce.lib.output.committer.manifest.TestRenameStageFailure
[INFO] Running org.apache.hadoop.mapreduce.lib.output.committer.manifest.TestJobThroughManifestCommitter
[INFO] Tests run: 20, Failures: 0, Errors: 0, Skipped: 0, Time elapsed: 1.43 s - in org.apache.hadoop.mapreduce.lib.output.committer.manifest.TestJobThroughManifestCommitter
[INFO] Running org.apache.hadoop.mapreduce.lib.output.committer.manifest.TestCreateOutputDirectoriesStage
[INFO] Tests run: 2, Failures: 0, Errors: 0, Skipped: 0, Time elapsed: 0.505 s - in org.apache.hadoop.mapreduce.lib.output.committer.manifest.TestCreateOutputDirectoriesStage
[INFO] Running org.apache.hadoop.mapreduce.lib.output.committer.manifest.TestCommitTaskStage
[INFO] Tests run: 2, Failures: 0, Errors: 0, Skipped: 0, Time elapsed: 0.518 s - in org.apache.hadoop.mapreduce.lib.output.committer.manifest.TestCommitTaskStage
[INFO] Running org.apache.hadoop.mapreduce.lib.output.committer.manifest.TestCleanupStage
[INFO] Tests run: 5, Failures: 0, Errors: 0, Skipped: 0, Time elapsed: 0.66 s - in org.apache.hadoop.mapreduce.lib.output.committer.manifest.TestCleanupStage
[INFO] Running org.apache.hadoop.mapreduce.lib.output.committer.manifest.TestManifestCommitProtocol
[INFO] Tests run: 17, Failures: 0, Errors: 0, Skipped: 0, Time elapsed: 1.41 s - in org.apache.hadoop.mapreduce.lib.output.committer.manifest.TestManifestCommitProtocol
[INFO] Running org.apache.hadoop.mapreduce.lib.output.TestPathOutputCommitter
[INFO] Tests run: 2, Failures: 0, Errors: 0, Skipped: 0, Time elapsed: 0.085 s - in org.apache.hadoop.mapreduce.lib.output.TestPathOutputCommitter
[INFO] Running org.apache.hadoop.mapreduce.lib.output.TestMapFileOutputFormat
[INFO] Tests run: 1, Failures: 0, Errors: 0, Skipped: 0, Time elapsed: 0.252 s - in org.apache.hadoop.mapreduce.lib.output.TestMapFileOutputFormat
[INFO] Running org.apache.hadoop.mapreduce.lib.output.TestFileOutputFormat
[INFO] Tests run: 2, Failures: 0, Errors: 0, Skipped: 0, Time elapsed: 0.239 s - in org.apache.hadoop.mapreduce.lib.output.TestFileOutputFormat
[INFO] Running org.apache.hadoop.mapreduce.lib.output.TestPreemptableFileOutputCommitter
[INFO] Tests run: 1, Failures: 0, Errors: 0, Skipped: 0, Time elapsed: 0.418 s - in org.apache.hadoop.mapreduce.lib.output.TestPreemptableFileOutputCommitter
[INFO] Running org.apache.hadoop.mapreduce.lib.output.TestFileOutputCommitter
[INFO] Tests run: 22, Failures: 0, Errors: 0, Skipped: 0, Time elapsed: 1.089 s - in org.apache.hadoop.mapreduce.lib.output.TestFileOutputCommitter
[INFO] Running org.apache.hadoop.mapreduce.lib.output.TestPathOutputCommitterFactory
[INFO] Tests run: 16, Failures: 0, Errors: 0, Skipped: 0, Time elapsed: 0.441 s - in org.apache.hadoop.mapreduce.lib.output.TestPathOutputCommitterFactory
[INFO] Running org.apache.hadoop.mapreduce.lib.partition.TestRehashPartitioner
[INFO] Tests run: 1, Failures: 0, Errors: 0, Skipped: 0, Time elapsed: 0.089 s - in org.apache.hadoop.mapreduce.lib.partition.TestRehashPartitioner
[INFO] Running org.apache.hadoop.mapreduce.lib.jobcontrol.TestJobControl
[INFO] Tests run: 1, Failures: 0, Errors: 0, Skipped: 0, Time elapsed: 0.188 s - in org.apache.hadoop.mapreduce.lib.jobcontrol.TestJobControl
[INFO] Running org.apache.hadoop.mapreduce.TestJobSubmissionFiles
[INFO] Tests run: 5, Failures: 0, Errors: 0, Skipped: 0, Time elapsed: 1.998 s - in org.apache.hadoop.mapreduce.TestJobSubmissionFiles
[INFO] Running org.apache.hadoop.mapreduce.TestJobResourceUploader
[INFO] Tests run: 21, Failures: 0, Errors: 0, Skipped: 0, Time elapsed: 0.769 s - in org.apache.hadoop.mapreduce.TestJobResourceUploader
[INFO] Running org.apache.hadoop.mapreduce.jobhistory.TestHistoryViewerPrinter
[INFO] Tests run: 6, Failures: 0, Errors: 0, Skipped: 0, Time elapsed: 0.171 s - in org.apache.hadoop.mapreduce.jobhistory.TestHistoryViewerPrinter
[INFO] Running org.apache.hadoop.mapreduce.TestTaskID
[INFO] Tests run: 14, Failures: 0, Errors: 0, Skipped: 0, Time elapsed: 0.089 s - in org.apache.hadoop.mapreduce.TestTaskID
[INFO] Running org.apache.hadoop.mapreduce.security.TestTokenCache
[INFO] Tests run: 6, Failures: 0, Errors: 0, Skipped: 0, Time elapsed: 0.666 s - in org.apache.hadoop.mapreduce.security.TestTokenCache
[INFO] Running org.apache.hadoop.mapreduce.TestJobResourceUploaderWithSharedCache
[INFO] Tests run: 4, Failures: 0, Errors: 0, Skipped: 0, Time elapsed: 6.027 s - in org.apache.hadoop.mapreduce.TestJobResourceUploaderWithSharedCache
[INFO] Running org.apache.hadoop.mapreduce.TestCluster
[INFO] Tests run: 1, Failures: 0, Errors: 0, Skipped: 0, Time elapsed: 0.36 s - in org.apache.hadoop.mapreduce.TestCluster
[INFO] Running org.apache.hadoop.mapreduce.TestContextFactory
[INFO] Tests run: 2, Failures: 0, Errors: 0, Skipped: 0, Time elapsed: 0.186 s - in org.apache.hadoop.mapreduce.TestContextFactory
[INFO] Running org.apache.hadoop.mapreduce.task.reduce.TestShuffleScheduler
[INFO] Tests run: 4, Failures: 0, Errors: 0, Skipped: 0, Time elapsed: 0.53 s - in org.apache.hadoop.mapreduce.task.reduce.TestShuffleScheduler
[INFO] Running org.apache.hadoop.mapreduce.task.reduce.TestShuffleClientMetrics
[INFO] Tests run: 1, Failures: 0, Errors: 0, Skipped: 0, Time elapsed: 0.479 s - in org.apache.hadoop.mapreduce.task.reduce.TestShuffleClientMetrics
[INFO] Running org.apache.hadoop.mapreduce.task.reduce.TestMerger
[INFO] Tests run: 4, Failures: 0, Errors: 0, Skipped: 0, Time elapsed: 0.508 s - in org.apache.hadoop.mapreduce.task.reduce.TestMerger
[INFO] Running org.apache.hadoop.mapreduce.task.reduce.TestEventFetcher
[INFO] Tests run: 1, Failures: 0, Errors: 0, Skipped: 0, Time elapsed: 0.267 s - in org.apache.hadoop.mapreduce.task.reduce.TestEventFetcher
[INFO] Running org.apache.hadoop.mapreduce.task.reduce.TestMergeManager
[INFO] Tests run: 5, Failures: 0, Errors: 0, Skipped: 0, Time elapsed: 0.587 s - in org.apache.hadoop.mapreduce.task.reduce.TestMergeManager
[INFO] Running org.apache.hadoop.mapreduce.task.reduce.TestFetcher
[INFO] Tests run: 16, Failures: 0, Errors: 0, Skipped: 0, Time elapsed: 0.804 s - in org.apache.hadoop.mapreduce.task.reduce.TestFetcher
[INFO] Running org.apache.hadoop.mapreduce.TestShufflePlugin
[INFO] Tests run: 3, Failures: 0, Errors: 0, Skipped: 0, Time elapsed: 0.588 s - in org.apache.hadoop.mapreduce.TestShufflePlugin
[INFO] Running org.apache.hadoop.mapreduce.TestJob
[INFO] Tests run: 3, Failures: 0, Errors: 0, Skipped: 0, Time elapsed: 0.412 s - in org.apache.hadoop.mapreduce.TestJob
[INFO] Running org.apache.hadoop.mapreduce.tools.TestCLI
[INFO] Tests run: 7, Failures: 0, Errors: 0, Skipped: 0, Time elapsed: 20.505 s - in org.apache.hadoop.mapreduce.tools.TestCLI
[INFO] Running org.apache.hadoop.mapred.TestSkipBadRecords
[INFO] Tests run: 1, Failures: 0, Errors: 0, Skipped: 0, Time elapsed: 0.145 s - in org.apache.hadoop.mapred.TestSkipBadRecords
[INFO] Running org.apache.hadoop.mapred.TestLineRecordReaderBZip2
[INFO] Tests run: 15, Failures: 0, Errors: 0, Skipped: 0, Time elapsed: 5.251 s - in org.apache.hadoop.mapred.TestLineRecordReaderBZip2
[INFO] Running org.apache.hadoop.mapred.TestQueue
[INFO] Tests run: 3, Failures: 0, Errors: 0, Skipped: 0, Time elapsed: 0.442 s - in org.apache.hadoop.mapred.TestQueue
[INFO] Running org.apache.hadoop.mapred.TestIndexCache
[INFO] Tests run: 5, Failures: 0, Errors: 0, Skipped: 0, Time elapsed: 0.401 s - in org.apache.hadoop.mapred.TestIndexCache
[INFO] Running org.apache.hadoop.mapred.TestClock
[INFO] Tests run: 1, Failures: 0, Errors: 0, Skipped: 0, Time elapsed: 0.04 s - in org.apache.hadoop.mapred.TestClock
[INFO] Running org.apache.hadoop.mapred.TestLocatedFileStatusFetcher
[INFO] Tests run: 1, Failures: 0, Errors: 0, Skipped: 0, Time elapsed: 0.224 s - in org.apache.hadoop.mapred.TestLocatedFileStatusFetcher
[INFO] Running org.apache.hadoop.mapred.TestTaskLog
[INFO] Tests run: 2, Failures: 0, Errors: 0, Skipped: 0, Time elapsed: 0.442 s - in org.apache.hadoop.mapred.TestTaskLog
[INFO] Running org.apache.hadoop.mapred.lib.db.TestDBInputFormat
[INFO] Tests run: 3, Failures: 0, Errors: 0, Skipped: 0, Time elapsed: 0.615 s - in org.apache.hadoop.mapred.lib.db.TestDBInputFormat
[INFO] Running org.apache.hadoop.mapred.lib.TestCombineFileRecordReader
[INFO] Tests run: 1, Failures: 0, Errors: 0, Skipped: 0, Time elapsed: 0.384 s - in org.apache.hadoop.mapred.lib.TestCombineFileRecordReader
[INFO] Running org.apache.hadoop.mapred.TestCounters
[INFO] Tests run: 13, Failures: 0, Errors: 0, Skipped: 0, Time elapsed: 0.17 s - in org.apache.hadoop.mapred.TestCounters
[INFO] Running org.apache.hadoop.mapred.TestTask
[INFO] Tests run: 2, Failures: 0, Errors: 0, Skipped: 0, Time elapsed: 0.319 s - in org.apache.hadoop.mapred.TestTask
[INFO] Running org.apache.hadoop.mapred.TestJobEndNotifier
[INFO] Tests run: 3, Failures: 0, Errors: 0, Skipped: 0, Time elapsed: 16.513 s - in org.apache.hadoop.mapred.TestJobEndNotifier
[INFO] Running org.apache.hadoop.mapred.TestMapTask
[INFO] Tests run: 1, Failures: 0, Errors: 0, Skipped: 0, Time elapsed: 0.479 s - in org.apache.hadoop.mapred.TestMapTask
[INFO] Running org.apache.hadoop.mapred.TestMapFileOutputFormat
[INFO] Tests run: 1, Failures: 0, Errors: 0, Skipped: 0, Time elapsed: 0.27 s - in org.apache.hadoop.mapred.TestMapFileOutputFormat
[INFO] Running org.apache.hadoop.mapred.TestJobAclsManager
[INFO] Tests run: 4, Failures: 0, Errors: 0, Skipped: 0, Time elapsed: 0.204 s - in org.apache.hadoop.mapred.TestJobAclsManager
[INFO] Running org.apache.hadoop.mapred.TestFileInputFormat
[INFO] Tests run: 14, Failures: 0, Errors: 0, Skipped: 0, Time elapsed: 0.548 s - in org.apache.hadoop.mapred.TestFileInputFormat
[INFO] Running org.apache.hadoop.mapred.TestJobInfo
[INFO] Tests run: 2, Failures: 0, Errors: 0, Skipped: 0, Time elapsed: 0.154 s - in org.apache.hadoop.mapred.TestJobInfo
[INFO] Running org.apache.hadoop.mapred.TestTaskLogAppender
[INFO] Tests run: 1, Failures: 0, Errors: 0, Skipped: 0, Time elapsed: 0.111 s - in org.apache.hadoop.mapred.TestTaskLogAppender
[INFO] Running org.apache.hadoop.mapred.TestMaster
[INFO] Tests run: 1, Failures: 0, Errors: 0, Skipped: 0, Time elapsed: 0.17 s - in org.apache.hadoop.mapred.TestMaster
[INFO] Running org.apache.hadoop.mapred.TestLineRecordReader
[INFO] Tests run: 14, Failures: 0, Errors: 0, Skipped: 0, Time elapsed: 10.013 s - in org.apache.hadoop.mapred.TestLineRecordReader
[INFO] Running org.apache.hadoop.mapred.TestJobConf
[INFO] Tests run: 12, Failures: 0, Errors: 0, Skipped: 0, Time elapsed: 0.355 s - in org.apache.hadoop.mapred.TestJobConf
[INFO] Running org.apache.hadoop.mapred.TestClusterStatus
[INFO] Tests run: 2, Failures: 0, Errors: 0, Skipped: 0, Time elapsed: 0.043 s - in org.apache.hadoop.mapred.TestClusterStatus
[INFO] Running org.apache.hadoop.mapred.TestFileOutputCommitter
[INFO] Tests run: 17, Failures: 0, Errors: 0, Skipped: 0, Time elapsed: 0.563 s - in org.apache.hadoop.mapred.TestFileOutputCommitter
[INFO] Running org.apache.hadoop.mapred.TestJobQueueClient
[INFO] Tests run: 1, Failures: 0, Errors: 0, Skipped: 0, Time elapsed: 0.042 s - in org.apache.hadoop.mapred.TestJobQueueClient
[INFO] Running org.apache.hadoop.mapred.TestTaskProgressReporter
[INFO] Tests run: 4, Failures: 0, Errors: 0, Skipped: 0, Time elapsed: 44.435 s - in org.apache.hadoop.mapred.TestTaskProgressReporter
[INFO] Running org.apache.hadoop.mapred.TestOldMethodsJobID
[INFO] Tests run: 6, Failures: 0, Errors: 0, Skipped: 0, Time elapsed: 0.117 s - in org.apache.hadoop.mapred.TestOldMethodsJobID
[INFO] 
[INFO] Results:
[INFO] 
[INFO] Tests run: 411, Failures: 0, Errors: 0, Skipped: 0
[INFO] 
[INFO] ------------------------------------------------------------------------
[INFO] BUILD SUCCESS
[INFO] ------------------------------------------------------------------------
[INFO] Total time:  03:22 min
[INFO] Finished at: 2023-12-24T17:11:32Z
[INFO] ------------------------------------------------------------------------
Picked up _JAVA_OPTIONS: -Xmx7g
[INFO] Scanning for projects...
[INFO] ------------------------------------------------------------------------
[INFO] Detecting the operating system and CPU architecture
[INFO] ------------------------------------------------------------------------
[INFO] os.detected.name: linux
[INFO] os.detected.arch: x86_64
[INFO] os.detected.bitness: 64
[INFO] os.detected.version: 5.15
[INFO] os.detected.version.major: 5
[INFO] os.detected.version.minor: 15
[INFO] os.detected.release: ubuntu
[INFO] os.detected.release.version: 18.04
[INFO] os.detected.release.like.ubuntu: true
[INFO] os.detected.release.like.debian: true
[INFO] os.detected.classifier: linux-x86_64
[INFO] 
[INFO] -----------< org.apache.hadoop:hadoop-mapreduce-client-core >-----------
[INFO] Building Apache Hadoop MapReduce Core 3.3.6
[INFO] --------------------------------[ jar ]---------------------------------
[INFO] 
[INFO] --- maven-clean-plugin:3.1.0:clean (default-clean) @ hadoop-mapreduce-client-core ---
[INFO] Deleting /home/ctestrunner/hadoop/hadoop-mapreduce-project/hadoop-mapreduce-client/hadoop-mapreduce-client-core/target
[INFO] Deleting /home/ctestrunner/hadoop/hadoop-mapreduce-project/hadoop-mapreduce-client/hadoop-mapreduce-client-core/src/site/resources (includes = [configuration.xsl, mapred-default.xml], excludes = [])
[INFO] 
[INFO] --- maven-antrun-plugin:1.7:run (create-testdirs) @ hadoop-mapreduce-client-core ---
[INFO] Executing tasks

main:
    [mkdir] Created dir: /home/ctestrunner/hadoop/hadoop-mapreduce-project/hadoop-mapreduce-client/hadoop-mapreduce-client-core/target/test-dir
[INFO] Executed tasks
[INFO] 
[INFO] --- avro-maven-plugin:1.7.7:protocol (default) @ hadoop-mapreduce-client-core ---
[INFO] 
[INFO] --- maven-enforcer-plugin:3.0.0-M1:enforce (banned-illegal-imports) @ hadoop-mapreduce-client-core ---
[INFO] 
[INFO] --- replacer:1.5.3:replace (replace-generated-sources) @ hadoop-mapreduce-client-core ---
[INFO] Skipping
[INFO] 
[INFO] --- replacer:1.5.3:replace (replace-sources) @ hadoop-mapreduce-client-core ---
[INFO] Skipping
[INFO] 
[INFO] --- replacer:1.5.3:replace (replace-guava) @ hadoop-mapreduce-client-core ---
[INFO] Replacement run on 627 files.
[INFO] 
[INFO] --- maven-resources-plugin:2.6:resources (default-resources) @ hadoop-mapreduce-client-core ---
[INFO] Using 'UTF-8' encoding to copy filtered resources.
[INFO] Copying 8 resources
[INFO] 
[INFO] --- maven-compiler-plugin:3.1:compile (default-compile) @ hadoop-mapreduce-client-core ---
[INFO] Compiling 564 source files to /home/ctestrunner/hadoop/hadoop-mapreduce-project/hadoop-mapreduce-client/hadoop-mapreduce-client-core/target/classes
[WARNING] /home/ctestrunner/hadoop/hadoop-mapreduce-project/hadoop-mapreduce-client/hadoop-mapreduce-client-core/src/main/java/org/apache/hadoop/mapred/Mapper.java: Some input files use or override a deprecated API.
[WARNING] /home/ctestrunner/hadoop/hadoop-mapreduce-project/hadoop-mapreduce-client/hadoop-mapreduce-client-core/src/main/java/org/apache/hadoop/mapred/Mapper.java: Recompile with -Xlint:deprecation for details.
[WARNING] /home/ctestrunner/hadoop/hadoop-mapreduce-project/hadoop-mapreduce-client/hadoop-mapreduce-client-core/target/generated-sources/avro/org/apache/hadoop/mapreduce/jobhistory/MapAttemptFinished.java: Some input files use unchecked or unsafe operations.
[WARNING] /home/ctestrunner/hadoop/hadoop-mapreduce-project/hadoop-mapreduce-client/hadoop-mapreduce-client-core/target/generated-sources/avro/org/apache/hadoop/mapreduce/jobhistory/MapAttemptFinished.java: Recompile with -Xlint:unchecked for details.
[INFO] 
[INFO] --- replacer:1.5.3:replace (replace-test-sources) @ hadoop-mapreduce-client-core ---
[INFO] Skipping
[INFO] 
[INFO] --- maven-resources-plugin:2.6:testResources (default-testResources) @ hadoop-mapreduce-client-core ---
[INFO] Using 'UTF-8' encoding to copy filtered resources.
[INFO] Copying 11 resources
[INFO] 
[INFO] --- replacer:1.5.3:replace (replace-generated-test-sources) @ hadoop-mapreduce-client-core ---
[INFO] Skipping
[INFO] 
[INFO] --- maven-compiler-plugin:3.1:testCompile (default-testCompile) @ hadoop-mapreduce-client-core ---
[INFO] Compiling 87 source files to /home/ctestrunner/hadoop/hadoop-mapreduce-project/hadoop-mapreduce-client/hadoop-mapreduce-client-core/target/test-classes
[WARNING] /home/ctestrunner/hadoop/hadoop-mapreduce-project/hadoop-mapreduce-client/hadoop-mapreduce-client-core/src/test/java/org/apache/hadoop/mapreduce/task/reduce/TestMergeManager.java: Some input files use or override a deprecated API.
[WARNING] /home/ctestrunner/hadoop/hadoop-mapreduce-project/hadoop-mapreduce-client/hadoop-mapreduce-client-core/src/test/java/org/apache/hadoop/mapreduce/task/reduce/TestMergeManager.java: Recompile with -Xlint:deprecation for details.
[INFO] 
[INFO] --- maven-jar-plugin:2.5:test-jar (default) @ hadoop-mapreduce-client-core ---
[INFO] Building jar: /home/ctestrunner/hadoop/hadoop-mapreduce-project/hadoop-mapreduce-client/hadoop-mapreduce-client-core/target/hadoop-mapreduce-client-core-3.3.6-tests.jar
[INFO] 
[INFO] --- maven-surefire-plugin:3.0.0-M1:test (default-test) @ hadoop-mapreduce-client-core ---
[INFO] Tests are skipped.
[INFO] 
[INFO] --- maven-jar-plugin:2.5:jar (default-jar) @ hadoop-mapreduce-client-core ---
[INFO] Building jar: /home/ctestrunner/hadoop/hadoop-mapreduce-project/hadoop-mapreduce-client/hadoop-mapreduce-client-core/target/hadoop-mapreduce-client-core-3.3.6.jar
[INFO] 
[INFO] --- maven-site-plugin:3.9.1:attach-descriptor (attach-descriptor) @ hadoop-mapreduce-client-core ---
[INFO] Skipping because packaging 'jar' is not pom.
[INFO] 
[INFO] --- maven-enforcer-plugin:3.0.0-M1:enforce (depcheck) @ hadoop-mapreduce-client-core ---
[INFO] 
[INFO] --- maven-install-plugin:2.5.1:install (default-install) @ hadoop-mapreduce-client-core ---
[INFO] Installing /home/ctestrunner/hadoop/hadoop-mapreduce-project/hadoop-mapreduce-client/hadoop-mapreduce-client-core/target/hadoop-mapreduce-client-core-3.3.6.jar to /root/.m2/repository/org/apache/hadoop/hadoop-mapreduce-client-core/3.3.6/hadoop-mapreduce-client-core-3.3.6.jar
[INFO] Installing /home/ctestrunner/hadoop/hadoop-mapreduce-project/hadoop-mapreduce-client/hadoop-mapreduce-client-core/pom.xml to /root/.m2/repository/org/apache/hadoop/hadoop-mapreduce-client-core/3.3.6/hadoop-mapreduce-client-core-3.3.6.pom
[INFO] Installing /home/ctestrunner/hadoop/hadoop-mapreduce-project/hadoop-mapreduce-client/hadoop-mapreduce-client-core/target/hadoop-mapreduce-client-core-3.3.6-tests.jar to /root/.m2/repository/org/apache/hadoop/hadoop-mapreduce-client-core/3.3.6/hadoop-mapreduce-client-core-3.3.6-tests.jar
[INFO] ------------------------------------------------------------------------
[INFO] BUILD SUCCESS
[INFO] ------------------------------------------------------------------------
[INFO] Total time:  5.600 s
[INFO] Finished at: 2023-12-24T17:11:38Z
[INFO] ------------------------------------------------------------------------
Picked up _JAVA_OPTIONS: -Xmx7g
[INFO] Scanning for projects...
[INFO] ------------------------------------------------------------------------
[INFO] Detecting the operating system and CPU architecture
[INFO] ------------------------------------------------------------------------
[INFO] os.detected.name: linux
[INFO] os.detected.arch: x86_64
[INFO] os.detected.bitness: 64
[INFO] os.detected.version: 5.15
[INFO] os.detected.version.major: 5
[INFO] os.detected.version.minor: 15
[INFO] os.detected.release: ubuntu
[INFO] os.detected.release.version: 18.04
[INFO] os.detected.release.like.ubuntu: true
[INFO] os.detected.release.like.debian: true
[INFO] os.detected.classifier: linux-x86_64
[INFO] 
[INFO] -----------< org.apache.hadoop:hadoop-mapreduce-client-core >-----------
[INFO] Building Apache Hadoop MapReduce Core 3.3.6
[INFO] --------------------------------[ jar ]---------------------------------
[INFO] 
[INFO] --- maven-surefire-plugin:3.0.0-M1:test (default-cli) @ hadoop-mapreduce-client-core ---
[INFO] 
[INFO] -------------------------------------------------------
[INFO]  T E S T S
[INFO] -------------------------------------------------------
[INFO] Running org.apache.hadoop.mapreduce.checkpoint.TestFSCheckpointService
[INFO] Tests run: 3, Failures: 0, Errors: 0, Skipped: 0, Time elapsed: 0.427 s - in org.apache.hadoop.mapreduce.checkpoint.TestFSCheckpointService
[INFO] Running org.apache.hadoop.mapreduce.checkpoint.TestFSCheckpointID
[INFO] Tests run: 1, Failures: 0, Errors: 0, Skipped: 0, Time elapsed: 0.086 s - in org.apache.hadoop.mapreduce.checkpoint.TestFSCheckpointID
[INFO] Running org.apache.hadoop.mapreduce.TestJobMonitorAndPrint
[INFO] Tests run: 1, Failures: 0, Errors: 0, Skipped: 0, Time elapsed: 0.454 s - in org.apache.hadoop.mapreduce.TestJobMonitorAndPrint
[INFO] Running org.apache.hadoop.mapreduce.filecache.TestClientDistributedCacheManager
[INFO] Tests run: 2, Failures: 0, Errors: 0, Skipped: 0, Time elapsed: 0.322 s - in org.apache.hadoop.mapreduce.filecache.TestClientDistributedCacheManager
[INFO] Running org.apache.hadoop.mapreduce.filecache.TestDistributedCache
[INFO] Tests run: 1, Failures: 0, Errors: 0, Skipped: 0, Time elapsed: 0.199 s - in org.apache.hadoop.mapreduce.filecache.TestDistributedCache
[INFO] Running org.apache.hadoop.mapreduce.split.TestJobSplitWriter
[INFO] Tests run: 2, Failures: 0, Errors: 0, Skipped: 0, Time elapsed: 0.263 s - in org.apache.hadoop.mapreduce.split.TestJobSplitWriter
[INFO] Running org.apache.hadoop.mapreduce.split.TestJobSplitWriterWithEC
[INFO] Tests run: 2, Failures: 0, Errors: 0, Skipped: 0, Time elapsed: 6.442 s - in org.apache.hadoop.mapreduce.split.TestJobSplitWriterWithEC
[INFO] Running org.apache.hadoop.mapreduce.lib.input.TestLineRecordReaderBZip2
[INFO] Tests run: 15, Failures: 0, Errors: 0, Skipped: 0, Time elapsed: 5.342 s - in org.apache.hadoop.mapreduce.lib.input.TestLineRecordReaderBZip2
[INFO] Running org.apache.hadoop.mapreduce.lib.input.TestFileInputFormat
[INFO] Tests run: 18, Failures: 0, Errors: 0, Skipped: 0, Time elapsed: 0.63 s - in org.apache.hadoop.mapreduce.lib.input.TestFileInputFormat
[INFO] Running org.apache.hadoop.mapreduce.lib.input.TestLineRecordReader
[INFO] Tests run: 12, Failures: 0, Errors: 0, Skipped: 0, Time elapsed: 13.258 s - in org.apache.hadoop.mapreduce.lib.input.TestLineRecordReader
[INFO] Running org.apache.hadoop.mapreduce.lib.input.TestCombineFileRecordReader
[INFO] Tests run: 1, Failures: 0, Errors: 0, Skipped: 0, Time elapsed: 0.428 s - in org.apache.hadoop.mapreduce.lib.input.TestCombineFileRecordReader
[INFO] Running org.apache.hadoop.mapreduce.lib.db.TestDbClasses
[INFO] Tests run: 4, Failures: 0, Errors: 0, Skipped: 0, Time elapsed: 0.511 s - in org.apache.hadoop.mapreduce.lib.db.TestDbClasses
[INFO] Running org.apache.hadoop.mapreduce.lib.db.TestSplitters
[INFO] Tests run: 5, Failures: 0, Errors: 0, Skipped: 0, Time elapsed: 0.351 s - in org.apache.hadoop.mapreduce.lib.db.TestSplitters
[INFO] Running org.apache.hadoop.mapreduce.lib.output.committer.manifest.TestTaskManifestFileIO
[INFO] Tests run: 6, Failures: 0, Errors: 0, Skipped: 0, Time elapsed: 0.471 s - in org.apache.hadoop.mapreduce.lib.output.committer.manifest.TestTaskManifestFileIO
[INFO] Running org.apache.hadoop.mapreduce.lib.output.committer.manifest.TestLoadManifestsStage
[INFO] Tests run: 1, Failures: 0, Errors: 0, Skipped: 0, Time elapsed: 5.191 s - in org.apache.hadoop.mapreduce.lib.output.committer.manifest.TestLoadManifestsStage
[INFO] Running org.apache.hadoop.mapreduce.lib.output.committer.manifest.impl.TestEntryFileIO
[INFO] Tests run: 7, Failures: 0, Errors: 0, Skipped: 0, Time elapsed: 0.649 s - in org.apache.hadoop.mapreduce.lib.output.committer.manifest.impl.TestEntryFileIO
[INFO] Running org.apache.hadoop.mapreduce.lib.output.committer.manifest.TestRenameStageFailure
[INFO] Tests run: 5, Failures: 0, Errors: 0, Skipped: 0, Time elapsed: 0.757 s - in org.apache.hadoop.mapreduce.lib.output.committer.manifest.TestRenameStageFailure
[INFO] Running org.apache.hadoop.mapreduce.lib.output.committer.manifest.TestJobThroughManifestCommitter
[INFO] Tests run: 20, Failures: 0, Errors: 0, Skipped: 0, Time elapsed: 1.461 s - in org.apache.hadoop.mapreduce.lib.output.committer.manifest.TestJobThroughManifestCommitter
[INFO] Running org.apache.hadoop.mapreduce.lib.output.committer.manifest.TestCreateOutputDirectoriesStage
[INFO] Tests run: 2, Failures: 0, Errors: 0, Skipped: 0, Time elapsed: 0.497 s - in org.apache.hadoop.mapreduce.lib.output.committer.manifest.TestCreateOutputDirectoriesStage
[INFO] Running org.apache.hadoop.mapreduce.lib.output.committer.manifest.TestCommitTaskStage
[INFO] Tests run: 2, Failures: 0, Errors: 0, Skipped: 0, Time elapsed: 0.521 s - in org.apache.hadoop.mapreduce.lib.output.committer.manifest.TestCommitTaskStage
[INFO] Running org.apache.hadoop.mapreduce.lib.output.committer.manifest.TestCleanupStage
[INFO] Tests run: 5, Failures: 0, Errors: 0, Skipped: 0, Time elapsed: 0.67 s - in org.apache.hadoop.mapreduce.lib.output.committer.manifest.TestCleanupStage
[INFO] Running org.apache.hadoop.mapreduce.lib.output.committer.manifest.TestManifestCommitProtocol
[INFO] Tests run: 17, Failures: 0, Errors: 0, Skipped: 0, Time elapsed: 1.397 s - in org.apache.hadoop.mapreduce.lib.output.committer.manifest.TestManifestCommitProtocol
[INFO] Running org.apache.hadoop.mapreduce.lib.output.TestPathOutputCommitter
[INFO] Tests run: 2, Failures: 0, Errors: 0, Skipped: 0, Time elapsed: 0.087 s - in org.apache.hadoop.mapreduce.lib.output.TestPathOutputCommitter
[INFO] Running org.apache.hadoop.mapreduce.lib.output.TestMapFileOutputFormat
[INFO] Tests run: 1, Failures: 0, Errors: 0, Skipped: 0, Time elapsed: 0.263 s - in org.apache.hadoop.mapreduce.lib.output.TestMapFileOutputFormat
[INFO] Running org.apache.hadoop.mapreduce.lib.output.TestFileOutputFormat
[INFO] Tests run: 2, Failures: 0, Errors: 0, Skipped: 0, Time elapsed: 0.254 s - in org.apache.hadoop.mapreduce.lib.output.TestFileOutputFormat
[INFO] Running org.apache.hadoop.mapreduce.lib.output.TestPreemptableFileOutputCommitter
[INFO] Tests run: 1, Failures: 0, Errors: 0, Skipped: 0, Time elapsed: 0.427 s - in org.apache.hadoop.mapreduce.lib.output.TestPreemptableFileOutputCommitter
[INFO] Running org.apache.hadoop.mapreduce.lib.output.TestFileOutputCommitter
[INFO] Tests run: 22, Failures: 0, Errors: 0, Skipped: 0, Time elapsed: 1.097 s - in org.apache.hadoop.mapreduce.lib.output.TestFileOutputCommitter
[INFO] Running org.apache.hadoop.mapreduce.lib.output.TestPathOutputCommitterFactory
[INFO] Tests run: 16, Failures: 0, Errors: 0, Skipped: 0, Time elapsed: 0.464 s - in org.apache.hadoop.mapreduce.lib.output.TestPathOutputCommitterFactory
[INFO] Running org.apache.hadoop.mapreduce.lib.partition.TestRehashPartitioner
[INFO] Tests run: 1, Failures: 0, Errors: 0, Skipped: 0, Time elapsed: 0.09 s - in org.apache.hadoop.mapreduce.lib.partition.TestRehashPartitioner
[INFO] Running org.apache.hadoop.mapreduce.lib.jobcontrol.TestJobControl
[INFO] Tests run: 1, Failures: 0, Errors: 0, Skipped: 0, Time elapsed: 0.191 s - in org.apache.hadoop.mapreduce.lib.jobcontrol.TestJobControl
[INFO] Running org.apache.hadoop.mapreduce.TestJobSubmissionFiles
[INFO] Tests run: 5, Failures: 0, Errors: 0, Skipped: 0, Time elapsed: 2.08 s - in org.apache.hadoop.mapreduce.TestJobSubmissionFiles
[INFO] Running org.apache.hadoop.mapreduce.TestJobResourceUploader
[INFO] Tests run: 21, Failures: 0, Errors: 0, Skipped: 0, Time elapsed: 0.758 s - in org.apache.hadoop.mapreduce.TestJobResourceUploader
[INFO] Running org.apache.hadoop.mapreduce.jobhistory.TestHistoryViewerPrinter
[INFO] Tests run: 6, Failures: 0, Errors: 0, Skipped: 0, Time elapsed: 0.179 s - in org.apache.hadoop.mapreduce.jobhistory.TestHistoryViewerPrinter
[INFO] Running org.apache.hadoop.mapreduce.TestTaskID
[INFO] Tests run: 14, Failures: 0, Errors: 0, Skipped: 0, Time elapsed: 0.092 s - in org.apache.hadoop.mapreduce.TestTaskID
[INFO] Running org.apache.hadoop.mapreduce.security.TestTokenCache
[INFO] Tests run: 6, Failures: 0, Errors: 0, Skipped: 0, Time elapsed: 0.677 s - in org.apache.hadoop.mapreduce.security.TestTokenCache
[INFO] Running org.apache.hadoop.mapreduce.TestJobResourceUploaderWithSharedCache
[INFO] Tests run: 4, Failures: 0, Errors: 0, Skipped: 0, Time elapsed: 7.278 s - in org.apache.hadoop.mapreduce.TestJobResourceUploaderWithSharedCache
[INFO] Running org.apache.hadoop.mapreduce.TestCluster
[INFO] Tests run: 1, Failures: 0, Errors: 0, Skipped: 0, Time elapsed: 0.365 s - in org.apache.hadoop.mapreduce.TestCluster
[INFO] Running org.apache.hadoop.mapreduce.TestContextFactory
[INFO] Tests run: 2, Failures: 0, Errors: 0, Skipped: 0, Time elapsed: 0.19 s - in org.apache.hadoop.mapreduce.TestContextFactory
[INFO] Running org.apache.hadoop.mapreduce.task.reduce.TestShuffleScheduler
[INFO] Tests run: 4, Failures: 0, Errors: 0, Skipped: 0, Time elapsed: 0.538 s - in org.apache.hadoop.mapreduce.task.reduce.TestShuffleScheduler
[INFO] Running org.apache.hadoop.mapreduce.task.reduce.TestShuffleClientMetrics
[INFO] Tests run: 1, Failures: 0, Errors: 0, Skipped: 0, Time elapsed: 0.48 s - in org.apache.hadoop.mapreduce.task.reduce.TestShuffleClientMetrics
[INFO] Running org.apache.hadoop.mapreduce.task.reduce.TestMerger
[INFO] Tests run: 4, Failures: 0, Errors: 0, Skipped: 0, Time elapsed: 0.511 s - in org.apache.hadoop.mapreduce.task.reduce.TestMerger
[INFO] Running org.apache.hadoop.mapreduce.task.reduce.TestEventFetcher
[INFO] Tests run: 1, Failures: 0, Errors: 0, Skipped: 0, Time elapsed: 0.273 s - in org.apache.hadoop.mapreduce.task.reduce.TestEventFetcher
[INFO] Running org.apache.hadoop.mapreduce.task.reduce.TestMergeManager
[INFO] Tests run: 5, Failures: 0, Errors: 0, Skipped: 0, Time elapsed: 0.575 s - in org.apache.hadoop.mapreduce.task.reduce.TestMergeManager
[INFO] Running org.apache.hadoop.mapreduce.task.reduce.TestFetcher
[INFO] Tests run: 16, Failures: 0, Errors: 0, Skipped: 0, Time elapsed: 0.829 s - in org.apache.hadoop.mapreduce.task.reduce.TestFetcher
[INFO] Running org.apache.hadoop.mapreduce.TestShufflePlugin
[INFO] Tests run: 3, Failures: 0, Errors: 0, Skipped: 0, Time elapsed: 0.591 s - in org.apache.hadoop.mapreduce.TestShufflePlugin
[INFO] Running org.apache.hadoop.mapreduce.TestJob
[INFO] Tests run: 3, Failures: 0, Errors: 0, Skipped: 0, Time elapsed: 0.419 s - in org.apache.hadoop.mapreduce.TestJob
[INFO] Running org.apache.hadoop.mapreduce.tools.TestCLI
[INFO] Tests run: 7, Failures: 0, Errors: 0, Skipped: 0, Time elapsed: 20.508 s - in org.apache.hadoop.mapreduce.tools.TestCLI
[INFO] Running org.apache.hadoop.mapred.TestSkipBadRecords
[INFO] Tests run: 1, Failures: 0, Errors: 0, Skipped: 0, Time elapsed: 0.15 s - in org.apache.hadoop.mapred.TestSkipBadRecords
[INFO] Running org.apache.hadoop.mapred.TestLineRecordReaderBZip2
[INFO] Tests run: 15, Failures: 0, Errors: 0, Skipped: 0, Time elapsed: 5.239 s - in org.apache.hadoop.mapred.TestLineRecordReaderBZip2
[INFO] Running org.apache.hadoop.mapred.TestQueue
[INFO] Tests run: 3, Failures: 0, Errors: 0, Skipped: 0, Time elapsed: 0.455 s - in org.apache.hadoop.mapred.TestQueue
[INFO] Running org.apache.hadoop.mapred.TestIndexCache
[INFO] Tests run: 5, Failures: 0, Errors: 0, Skipped: 0, Time elapsed: 0.405 s - in org.apache.hadoop.mapred.TestIndexCache
[INFO] Running org.apache.hadoop.mapred.TestClock
[INFO] Tests run: 1, Failures: 0, Errors: 0, Skipped: 0, Time elapsed: 0.041 s - in org.apache.hadoop.mapred.TestClock
[INFO] Running org.apache.hadoop.mapred.TestLocatedFileStatusFetcher
[INFO] Tests run: 1, Failures: 0, Errors: 0, Skipped: 0, Time elapsed: 0.222 s - in org.apache.hadoop.mapred.TestLocatedFileStatusFetcher
[INFO] Running org.apache.hadoop.mapred.TestTaskLog
[INFO] Tests run: 2, Failures: 0, Errors: 0, Skipped: 0, Time elapsed: 0.44 s - in org.apache.hadoop.mapred.TestTaskLog
[INFO] Running org.apache.hadoop.mapred.lib.db.TestDBInputFormat
[INFO] Tests run: 3, Failures: 0, Errors: 0, Skipped: 0, Time elapsed: 0.605 s - in org.apache.hadoop.mapred.lib.db.TestDBInputFormat
[INFO] Running org.apache.hadoop.mapred.lib.TestCombineFileRecordReader
[INFO] Tests run: 1, Failures: 0, Errors: 0, Skipped: 0, Time elapsed: 0.396 s - in org.apache.hadoop.mapred.lib.TestCombineFileRecordReader
[INFO] Running org.apache.hadoop.mapred.TestCounters
[INFO] Tests run: 13, Failures: 0, Errors: 0, Skipped: 0, Time elapsed: 0.18 s - in org.apache.hadoop.mapred.TestCounters
[INFO] Running org.apache.hadoop.mapred.TestTask
[INFO] Tests run: 2, Failures: 0, Errors: 0, Skipped: 0, Time elapsed: 0.323 s - in org.apache.hadoop.mapred.TestTask
[INFO] Running org.apache.hadoop.mapred.TestJobEndNotifier
[INFO] Tests run: 3, Failures: 0, Errors: 0, Skipped: 0, Time elapsed: 16.531 s - in org.apache.hadoop.mapred.TestJobEndNotifier
[INFO] Running org.apache.hadoop.mapred.TestMapTask
[INFO] Tests run: 1, Failures: 0, Errors: 0, Skipped: 0, Time elapsed: 0.482 s - in org.apache.hadoop.mapred.TestMapTask
[INFO] Running org.apache.hadoop.mapred.TestMapFileOutputFormat
[INFO] Tests run: 1, Failures: 0, Errors: 0, Skipped: 0, Time elapsed: 0.262 s - in org.apache.hadoop.mapred.TestMapFileOutputFormat
[INFO] Running org.apache.hadoop.mapred.TestJobAclsManager
[INFO] Tests run: 4, Failures: 0, Errors: 0, Skipped: 0, Time elapsed: 0.204 s - in org.apache.hadoop.mapred.TestJobAclsManager
[INFO] Running org.apache.hadoop.mapred.TestFileInputFormat
[INFO] Tests run: 14, Failures: 0, Errors: 0, Skipped: 0, Time elapsed: 0.553 s - in org.apache.hadoop.mapred.TestFileInputFormat
[INFO] Running org.apache.hadoop.mapred.TestJobInfo
[INFO] Tests run: 2, Failures: 0, Errors: 0, Skipped: 0, Time elapsed: 0.161 s - in org.apache.hadoop.mapred.TestJobInfo
[INFO] Running org.apache.hadoop.mapred.TestTaskLogAppender
[INFO] Tests run: 1, Failures: 0, Errors: 0, Skipped: 0, Time elapsed: 0.111 s - in org.apache.hadoop.mapred.TestTaskLogAppender
[INFO] Running org.apache.hadoop.mapred.TestMaster
[INFO] Tests run: 1, Failures: 0, Errors: 0, Skipped: 0, Time elapsed: 0.175 s - in org.apache.hadoop.mapred.TestMaster
[INFO] Running org.apache.hadoop.mapred.TestLineRecordReader
[INFO] Tests run: 14, Failures: 0, Errors: 0, Skipped: 0, Time elapsed: 9.838 s - in org.apache.hadoop.mapred.TestLineRecordReader
[INFO] Running org.apache.hadoop.mapred.TestJobConf
[INFO] Tests run: 12, Failures: 0, Errors: 0, Skipped: 0, Time elapsed: 0.359 s - in org.apache.hadoop.mapred.TestJobConf
[INFO] Running org.apache.hadoop.mapred.TestClusterStatus
[INFO] Tests run: 2, Failures: 0, Errors: 0, Skipped: 0, Time elapsed: 0.042 s - in org.apache.hadoop.mapred.TestClusterStatus
[INFO] Running org.apache.hadoop.mapred.TestFileOutputCommitter
[INFO] Tests run: 17, Failures: 0, Errors: 0, Skipped: 0, Time elapsed: 0.562 s - in org.apache.hadoop.mapred.TestFileOutputCommitter
[INFO] Running org.apache.hadoop.mapred.TestJobQueueClient
[INFO] Tests run: 1, Failures: 0, Errors: 0, Skipped: 0, Time elapsed: 0.041 s - in org.apache.hadoop.mapred.TestJobQueueClient
[INFO] Running org.apache.hadoop.mapred.TestTaskProgressReporter
[INFO] Tests run: 4, Failures: 0, Errors: 0, Skipped: 0, Time elapsed: 44.443 s - in org.apache.hadoop.mapred.TestTaskProgressReporter
[INFO] Running org.apache.hadoop.mapred.TestOldMethodsJobID
[INFO] Tests run: 6, Failures: 0, Errors: 0, Skipped: 0, Time elapsed: 0.115 s - in org.apache.hadoop.mapred.TestOldMethodsJobID
[INFO] 
[INFO] Results:
[INFO] 
[INFO] Tests run: 411, Failures: 0, Errors: 0, Skipped: 0
[INFO] 
[INFO] ------------------------------------------------------------------------
[INFO] BUILD SUCCESS
[INFO] ------------------------------------------------------------------------
[INFO] Total time:  03:24 min
[INFO] Finished at: 2023-12-24T17:15:03Z
[INFO] ------------------------------------------------------------------------

<<<ctest-runner-script>>> normal import and @RunWith added for /home/ctestrunner/hadoop/hadoop-mapreduce-project/hadoop-mapreduce-client/hadoop-mapreduce-client-core/src/test/java/org/apache/hadoop/mapred/lib/TestCombineFileRecordReader.java
<<<ctest-runner-script>>> normal import and @RunWith added for /home/ctestrunner/hadoop/hadoop-mapreduce-project/hadoop-mapreduce-client/hadoop-mapreduce-client-core/src/test/java/org/apache/hadoop/mapred/lib/db/TestDBInputFormat.java
[CTEST-RUNNER-EVAL] [CTEST-RND-COLLECTION] mvn clean and build
[CTEST-RUNNER-EVAL] [CTEST-RND-COLLECTION] Run the collection phase
[CTEST-RUNNER-EVAL] [CTEST-RND] mvn clean and build
[CTEST-RUNNER-EVAL] [CTEST-RND] Run the test with ctest runner
