/home/ctestrunner/hadoop/hadoop-yarn-project/hadoop-yarn/hadoop-yarn-common
Note: checking out 'rel/release-3.3.6'.

You are in 'detached HEAD' state. You can look around, make experimental
changes and commit them, and you can discard any commits you make in this
state without impacting any branches by performing another checkout.

If you want to create a new branch to retain commits you create, you may
do so (now or later) by using -b with the checkout command again. Example:

  git checkout -b <new-branch-name>

HEAD is now at 1be78238728 3.3.6 Release LICENSE file update.
Picked up _JAVA_OPTIONS: -Xmx7g
[INFO] Scanning for projects...
[INFO] ------------------------------------------------------------------------
[INFO] Detecting the operating system and CPU architecture
[INFO] ------------------------------------------------------------------------
[INFO] os.detected.name: linux
[INFO] os.detected.arch: x86_64
[INFO] os.detected.bitness: 64
[INFO] os.detected.version: 5.15
[INFO] os.detected.version.major: 5
[INFO] os.detected.version.minor: 15
[INFO] os.detected.release: ubuntu
[INFO] os.detected.release.version: 18.04
[INFO] os.detected.release.like.ubuntu: true
[INFO] os.detected.release.like.debian: true
[INFO] os.detected.classifier: linux-x86_64
[INFO] 
[INFO] ----------------< org.apache.hadoop:hadoop-yarn-common >----------------
[INFO] Building Apache Hadoop YARN Common 3.3.6
[INFO] --------------------------------[ jar ]---------------------------------
[INFO] Downloading from apache.snapshots.https: https://repository.apache.org/content/repositories/snapshots/edu/illinois/ctest-runner-junit4/1.0-SNAPSHOT/maven-metadata.xml
[INFO] Downloading from apache.snapshots.https: https://repository.apache.org/content/repositories/snapshots/edu/illinois/ctest-runner/1.0-SNAPSHOT/maven-metadata.xml
[INFO] 
[INFO] --- maven-clean-plugin:3.1.0:clean (default-clean) @ hadoop-yarn-common ---
[INFO] Deleting /home/ctestrunner/hadoop/hadoop-yarn-project/hadoop-yarn/hadoop-yarn-common/target
[INFO] 
[INFO] --- maven-antrun-plugin:1.7:run (create-testdirs) @ hadoop-yarn-common ---
[INFO] Executing tasks

main:
    [mkdir] Created dir: /home/ctestrunner/hadoop/hadoop-yarn-project/hadoop-yarn/hadoop-yarn-common/target/test-dir
[INFO] Executed tasks
[INFO] 
[INFO] --- protobuf-maven-plugin:0.5.1:compile (src-compile-protoc) @ hadoop-yarn-common ---
[INFO] Compiling 1 proto file(s) to /home/ctestrunner/hadoop/hadoop-yarn-project/hadoop-yarn/hadoop-yarn-common/target/generated-sources/java
[INFO] 
[INFO] --- maven-enforcer-plugin:3.0.0-M1:enforce (banned-illegal-imports) @ hadoop-yarn-common ---
[INFO] 
[INFO] --- replacer:1.5.3:replace (replace-generated-sources) @ hadoop-yarn-common ---
[INFO] Replacement run on 1 file.
[INFO] 
[INFO] --- replacer:1.5.3:replace (replace-sources) @ hadoop-yarn-common ---
[INFO] Replacement run on 494 files.
[INFO] 
[INFO] --- replacer:1.5.3:replace (replace-guava) @ hadoop-yarn-common ---
[INFO] Replacement run on 595 files.
[INFO] 
[INFO] --- hadoop-maven-plugins:3.3.6:version-info (version-info) @ hadoop-yarn-common ---
[INFO] SCM: GIT
[INFO] Computed MD5: d42eb795a5eadb0febf5e44a7f87a9
[INFO] 
[INFO] --- hadoop-maven-plugins:3.3.6:resource-gz (resource-gz) @ hadoop-yarn-common ---
[INFO] Compressing /home/ctestrunner/hadoop/hadoop-yarn-project/hadoop-yarn/hadoop-yarn-common/src/main/resources/webapps/static/dt-1.10.18/css/jui-dt.css to /home/ctestrunner/hadoop/hadoop-yarn-project/hadoop-yarn/hadoop-yarn-common/target/classes/webapps/static/dt-1.10.18/css/jui-dt.css.gz
[INFO] Compressing /home/ctestrunner/hadoop/hadoop-yarn-project/hadoop-yarn/hadoop-yarn-common/src/main/resources/webapps/static/dt-1.10.18/css/custom_datatable.css to /home/ctestrunner/hadoop/hadoop-yarn-project/hadoop-yarn/hadoop-yarn-common/target/classes/webapps/static/dt-1.10.18/css/custom_datatable.css.gz
[INFO] Compressing /home/ctestrunner/hadoop/hadoop-yarn-project/hadoop-yarn/hadoop-yarn-common/src/main/resources/webapps/static/dt-1.10.18/css/demo_table.css to /home/ctestrunner/hadoop/hadoop-yarn-project/hadoop-yarn/hadoop-yarn-common/target/classes/webapps/static/dt-1.10.18/css/demo_table.css.gz
[INFO] Compressing /home/ctestrunner/hadoop/hadoop-yarn-project/hadoop-yarn/hadoop-yarn-common/src/main/resources/webapps/static/dt-1.10.18/css/demo_page.css to /home/ctestrunner/hadoop/hadoop-yarn-project/hadoop-yarn/hadoop-yarn-common/target/classes/webapps/static/dt-1.10.18/css/demo_page.css.gz
[INFO] Compressing /home/ctestrunner/hadoop/hadoop-yarn-project/hadoop-yarn/hadoop-yarn-common/src/main/resources/webapps/static/dt-1.10.18/css/jquery.dataTables.css to /home/ctestrunner/hadoop/hadoop-yarn-project/hadoop-yarn/hadoop-yarn-common/target/classes/webapps/static/dt-1.10.18/css/jquery.dataTables.css.gz
[INFO] Compressing /home/ctestrunner/hadoop/hadoop-yarn-project/hadoop-yarn/hadoop-yarn-common/src/main/resources/webapps/static/dt-1.10.18/js/jquery.dataTables.min.js to /home/ctestrunner/hadoop/hadoop-yarn-project/hadoop-yarn/hadoop-yarn-common/target/classes/webapps/static/dt-1.10.18/js/jquery.dataTables.min.js.gz
[INFO] Compressing /home/ctestrunner/hadoop/hadoop-yarn-project/hadoop-yarn/hadoop-yarn-common/src/main/resources/webapps/static/jquery/jquery-3.6.0.min.js to /home/ctestrunner/hadoop/hadoop-yarn-project/hadoop-yarn/hadoop-yarn-common/target/classes/webapps/static/jquery/jquery-3.6.0.min.js.gz
[INFO] Compressing /home/ctestrunner/hadoop/hadoop-yarn-project/hadoop-yarn/hadoop-yarn-common/src/main/resources/webapps/static/jquery/jquery-ui-1.13.2.custom.min.js to /home/ctestrunner/hadoop/hadoop-yarn-project/hadoop-yarn/hadoop-yarn-common/target/classes/webapps/static/jquery/jquery-ui-1.13.2.custom.min.js.gz
[INFO] Compressing /home/ctestrunner/hadoop/hadoop-yarn-project/hadoop-yarn/hadoop-yarn-common/src/main/resources/webapps/static/jquery/themes-1.9.1/base/jquery-ui.css to /home/ctestrunner/hadoop/hadoop-yarn-project/hadoop-yarn/hadoop-yarn-common/target/classes/webapps/static/jquery/themes-1.9.1/base/jquery-ui.css.gz
[INFO] Compressing /home/ctestrunner/hadoop/hadoop-yarn-project/hadoop-yarn/hadoop-yarn-common/src/main/resources/webapps/static/yarn.dt.plugins.js to /home/ctestrunner/hadoop/hadoop-yarn-project/hadoop-yarn/hadoop-yarn-common/target/classes/webapps/static/yarn.dt.plugins.js.gz
[INFO] Compressing /home/ctestrunner/hadoop/hadoop-yarn-project/hadoop-yarn/hadoop-yarn-common/src/main/resources/webapps/static/dt-sorting/natural.js to /home/ctestrunner/hadoop/hadoop-yarn-project/hadoop-yarn/hadoop-yarn-common/target/classes/webapps/static/dt-sorting/natural.js.gz
[INFO] Compressing /home/ctestrunner/hadoop/hadoop-yarn-project/hadoop-yarn/hadoop-yarn-common/src/main/resources/webapps/static/jt/jquery.jstree.js to /home/ctestrunner/hadoop/hadoop-yarn-project/hadoop-yarn/hadoop-yarn-common/target/classes/webapps/static/jt/jquery.jstree.js.gz
[INFO] Compressing /home/ctestrunner/hadoop/hadoop-yarn-project/hadoop-yarn/hadoop-yarn-common/src/main/resources/webapps/static/yarn.css to /home/ctestrunner/hadoop/hadoop-yarn-project/hadoop-yarn/hadoop-yarn-common/target/classes/webapps/static/yarn.css.gz
[INFO] 
[INFO] --- maven-resources-plugin:2.6:resources (default-resources) @ hadoop-yarn-common ---
[INFO] Using 'UTF-8' encoding to copy filtered resources.
[INFO] Copying 53 resources
[INFO] Copying 1 resource
[INFO] 
[INFO] --- maven-compiler-plugin:3.1:compile (default-compile) @ hadoop-yarn-common ---
[INFO] Compiling 490 source files to /home/ctestrunner/hadoop/hadoop-yarn-project/hadoop-yarn/hadoop-yarn-common/target/classes
[WARNING] /home/ctestrunner/hadoop/hadoop-yarn-project/hadoop-yarn/hadoop-yarn-common/src/main/java/org/apache/hadoop/yarn/util/ProcfsBasedProcessTree.java: Some input files use or override a deprecated API.
[WARNING] /home/ctestrunner/hadoop/hadoop-yarn-project/hadoop-yarn/hadoop-yarn-common/src/main/java/org/apache/hadoop/yarn/util/ProcfsBasedProcessTree.java: Recompile with -Xlint:deprecation for details.
[WARNING] /home/ctestrunner/hadoop/hadoop-yarn-project/hadoop-yarn/hadoop-yarn-common/src/main/java/org/apache/hadoop/yarn/util/timeline/TimelineEntityV2Converter.java: Some input files use unchecked or unsafe operations.
[WARNING] /home/ctestrunner/hadoop/hadoop-yarn-project/hadoop-yarn/hadoop-yarn-common/src/main/java/org/apache/hadoop/yarn/util/timeline/TimelineEntityV2Converter.java: Recompile with -Xlint:unchecked for details.
[INFO] 
[INFO] --- protobuf-maven-plugin:0.5.1:test-compile (src-test-compile-protoc) @ hadoop-yarn-common ---
[INFO] Skipping mojo execution
[INFO] 
[INFO] --- replacer:1.5.3:replace (replace-test-sources) @ hadoop-yarn-common ---
[INFO] Replacement run on 101 files.
[INFO] 
[INFO] --- maven-resources-plugin:2.6:testResources (default-testResources) @ hadoop-yarn-common ---
[INFO] Using 'UTF-8' encoding to copy filtered resources.
[INFO] Copying 26 resources
[INFO] Copying 16 resources
[INFO] 
[INFO] --- replacer:1.5.3:replace (replace-generated-test-sources) @ hadoop-yarn-common ---
[INFO] Skipping
[INFO] 
[INFO] --- maven-compiler-plugin:3.1:testCompile (default-testCompile) @ hadoop-yarn-common ---
[INFO] Compiling 98 source files to /home/ctestrunner/hadoop/hadoop-yarn-project/hadoop-yarn/hadoop-yarn-common/target/test-classes
[WARNING] /home/ctestrunner/hadoop/hadoop-yarn-project/hadoop-yarn/hadoop-yarn-common/src/test/java/org/apache/hadoop/yarn/conf/TestHAUtil.java: Some input files use or override a deprecated API.
[WARNING] /home/ctestrunner/hadoop/hadoop-yarn-project/hadoop-yarn/hadoop-yarn-common/src/test/java/org/apache/hadoop/yarn/conf/TestHAUtil.java: Recompile with -Xlint:deprecation for details.
[WARNING] /home/ctestrunner/hadoop/hadoop-yarn-project/hadoop-yarn/hadoop-yarn-common/src/test/java/org/apache/hadoop/yarn/event/TestAsyncDispatcher.java: Some input files use unchecked or unsafe operations.
[WARNING] /home/ctestrunner/hadoop/hadoop-yarn-project/hadoop-yarn/hadoop-yarn-common/src/test/java/org/apache/hadoop/yarn/event/TestAsyncDispatcher.java: Recompile with -Xlint:unchecked for details.
[INFO] 
[INFO] --- maven-jar-plugin:2.5:test-jar (default) @ hadoop-yarn-common ---
[INFO] Building jar: /home/ctestrunner/hadoop/hadoop-yarn-project/hadoop-yarn/hadoop-yarn-common/target/hadoop-yarn-common-3.3.6-tests.jar
[INFO] 
[INFO] --- maven-surefire-plugin:3.0.0-M1:test (default-test) @ hadoop-yarn-common ---
[INFO] Tests are skipped.
[INFO] 
[INFO] --- maven-jar-plugin:2.5:jar (default-jar) @ hadoop-yarn-common ---
[INFO] Building jar: /home/ctestrunner/hadoop/hadoop-yarn-project/hadoop-yarn/hadoop-yarn-common/target/hadoop-yarn-common-3.3.6.jar
[INFO] 
[INFO] --- maven-site-plugin:3.9.1:attach-descriptor (attach-descriptor) @ hadoop-yarn-common ---
[INFO] Skipping because packaging 'jar' is not pom.
[INFO] 
[INFO] --- maven-enforcer-plugin:3.0.0-M1:enforce (depcheck) @ hadoop-yarn-common ---
[INFO] 
[INFO] --- maven-install-plugin:2.5.1:install (default-install) @ hadoop-yarn-common ---
[INFO] Installing /home/ctestrunner/hadoop/hadoop-yarn-project/hadoop-yarn/hadoop-yarn-common/target/hadoop-yarn-common-3.3.6.jar to /root/.m2/repository/org/apache/hadoop/hadoop-yarn-common/3.3.6/hadoop-yarn-common-3.3.6.jar
[INFO] Installing /home/ctestrunner/hadoop/hadoop-yarn-project/hadoop-yarn/hadoop-yarn-common/pom.xml to /root/.m2/repository/org/apache/hadoop/hadoop-yarn-common/3.3.6/hadoop-yarn-common-3.3.6.pom
[INFO] Installing /home/ctestrunner/hadoop/hadoop-yarn-project/hadoop-yarn/hadoop-yarn-common/target/hadoop-yarn-common-3.3.6-tests.jar to /root/.m2/repository/org/apache/hadoop/hadoop-yarn-common/3.3.6/hadoop-yarn-common-3.3.6-tests.jar
[INFO] ------------------------------------------------------------------------
[INFO] BUILD SUCCESS
[INFO] ------------------------------------------------------------------------
[INFO] Total time:  31.593 s
[INFO] Finished at: 2023-12-24T14:35:40Z
[INFO] ------------------------------------------------------------------------
Picked up _JAVA_OPTIONS: -Xmx7g
[INFO] Scanning for projects...
[INFO] ------------------------------------------------------------------------
[INFO] Detecting the operating system and CPU architecture
[INFO] ------------------------------------------------------------------------
[INFO] os.detected.name: linux
[INFO] os.detected.arch: x86_64
[INFO] os.detected.bitness: 64
[INFO] os.detected.version: 5.15
[INFO] os.detected.version.major: 5
[INFO] os.detected.version.minor: 15
[INFO] os.detected.release: ubuntu
[INFO] os.detected.release.version: 18.04
[INFO] os.detected.release.like.ubuntu: true
[INFO] os.detected.release.like.debian: true
[INFO] os.detected.classifier: linux-x86_64
[INFO] 
[INFO] ----------------< org.apache.hadoop:hadoop-yarn-common >----------------
[INFO] Building Apache Hadoop YARN Common 3.3.6
[INFO] --------------------------------[ jar ]---------------------------------
[INFO] 
[INFO] --- maven-surefire-plugin:3.0.0-M1:test (default-cli) @ hadoop-yarn-common ---
[INFO] 
[INFO] -------------------------------------------------------
[INFO]  T E S T S
[INFO] -------------------------------------------------------
[INFO] Running org.apache.hadoop.yarn.TestYarnUncaughtExceptionHandler
[INFO] Tests run: 3, Failures: 0, Errors: 0, Skipped: 0, Time elapsed: 0.224 s - in org.apache.hadoop.yarn.TestYarnUncaughtExceptionHandler
[INFO] Running org.apache.hadoop.yarn.TestRpcFactoryProvider
[INFO] Tests run: 1, Failures: 0, Errors: 0, Skipped: 0, Time elapsed: 0.097 s - in org.apache.hadoop.yarn.TestRpcFactoryProvider
[INFO] Running org.apache.hadoop.yarn.event.TestAsyncDispatcher
[INFO] Tests run: 7, Failures: 0, Errors: 0, Skipped: 0, Time elapsed: 37.363 s - in org.apache.hadoop.yarn.event.TestAsyncDispatcher
[INFO] Running org.apache.hadoop.yarn.TestContainerLogAppender
[INFO] Tests run: 1, Failures: 0, Errors: 0, Skipped: 0, Time elapsed: 0.055 s - in org.apache.hadoop.yarn.TestContainerLogAppender
[INFO] Running org.apache.hadoop.yarn.TestRPCFactories
[INFO] Tests run: 1, Failures: 0, Errors: 0, Skipped: 0, Time elapsed: 0.208 s - in org.apache.hadoop.yarn.TestRPCFactories
[INFO] Running org.apache.hadoop.yarn.server.security.TestApplicationACLsManager
[INFO] Tests run: 3, Failures: 0, Errors: 0, Skipped: 0, Time elapsed: 0.166 s - in org.apache.hadoop.yarn.server.security.TestApplicationACLsManager
[INFO] Running org.apache.hadoop.yarn.TestContainerResourceIncreaseRPC
[INFO] Tests run: 1, Failures: 0, Errors: 0, Skipped: 0, Time elapsed: 3.279 s - in org.apache.hadoop.yarn.TestContainerResourceIncreaseRPC
[INFO] Running org.apache.hadoop.yarn.conf.TestYarnConfiguration
[INFO] Tests run: 5, Failures: 0, Errors: 0, Skipped: 0, Time elapsed: 0.201 s - in org.apache.hadoop.yarn.conf.TestYarnConfiguration
[INFO] Running org.apache.hadoop.yarn.conf.TestHAUtil
[INFO] Tests run: 4, Failures: 0, Errors: 0, Skipped: 0, Time elapsed: 0.142 s - in org.apache.hadoop.yarn.conf.TestHAUtil
[INFO] Running org.apache.hadoop.yarn.ipc.TestRPCUtil
[INFO] Tests run: 11, Failures: 0, Errors: 0, Skipped: 0, Time elapsed: 0.021 s - in org.apache.hadoop.yarn.ipc.TestRPCUtil
[INFO] Running org.apache.hadoop.yarn.util.TestTimes
[INFO] Tests run: 6, Failures: 0, Errors: 0, Skipped: 0, Time elapsed: 0.079 s - in org.apache.hadoop.yarn.util.TestTimes
[INFO] Running org.apache.hadoop.yarn.util.TestLRUCacheHashMap
[INFO] Tests run: 1, Failures: 0, Errors: 0, Skipped: 0, Time elapsed: 0.018 s - in org.apache.hadoop.yarn.util.TestLRUCacheHashMap
[INFO] Running org.apache.hadoop.yarn.util.TestLog4jWarningErrorMetricsAppender
[INFO] Tests run: 6, Failures: 0, Errors: 0, Skipped: 0, Time elapsed: 9.076 s - in org.apache.hadoop.yarn.util.TestLog4jWarningErrorMetricsAppender
[INFO] Running org.apache.hadoop.yarn.util.TestYarnVersionInfo
[INFO] Tests run: 1, Failures: 0, Errors: 0, Skipped: 0, Time elapsed: 0.058 s - in org.apache.hadoop.yarn.util.TestYarnVersionInfo
[INFO] Running org.apache.hadoop.yarn.util.TestTimelineServiceHelper
[INFO] Tests run: 1, Failures: 0, Errors: 0, Skipped: 0, Time elapsed: 0.035 s - in org.apache.hadoop.yarn.util.TestTimelineServiceHelper
[INFO] Running org.apache.hadoop.yarn.util.TestConverterUtils
[INFO] Tests run: 9, Failures: 0, Errors: 0, Skipped: 0, Time elapsed: 0.12 s - in org.apache.hadoop.yarn.util.TestConverterUtils
[INFO] Running org.apache.hadoop.yarn.util.TestFSDownload
[INFO] Tests run: 11, Failures: 0, Errors: 0, Skipped: 0, Time elapsed: 0.546 s - in org.apache.hadoop.yarn.util.TestFSDownload
[INFO] Running org.apache.hadoop.yarn.util.timeline.TestShortenedFlowName
[INFO] Tests run: 2, Failures: 0, Errors: 0, Skipped: 0, Time elapsed: 0.167 s - in org.apache.hadoop.yarn.util.timeline.TestShortenedFlowName
[INFO] Running org.apache.hadoop.yarn.util.TestApps
[INFO] Tests run: 6, Failures: 0, Errors: 0, Skipped: 0, Time elapsed: 0.091 s - in org.apache.hadoop.yarn.util.TestApps
[INFO] Running org.apache.hadoop.yarn.util.TestProcfsBasedProcessTree
[INFO] Tests run: 5, Failures: 0, Errors: 0, Skipped: 0, Time elapsed: 7.756 s - in org.apache.hadoop.yarn.util.TestProcfsBasedProcessTree
[INFO] Running org.apache.hadoop.yarn.util.TestBoundedAppender
[INFO] Tests run: 6, Failures: 0, Errors: 0, Skipped: 0, Time elapsed: 0.025 s - in org.apache.hadoop.yarn.util.TestBoundedAppender
[INFO] Running org.apache.hadoop.yarn.util.TestWindowsBasedProcessTree
[WARNING] Tests run: 1, Failures: 0, Errors: 0, Skipped: 1, Time elapsed: 0.062 s - in org.apache.hadoop.yarn.util.TestWindowsBasedProcessTree
[INFO] Running org.apache.hadoop.yarn.util.resource.TestResourceUtils
[INFO] Tests run: 14, Failures: 0, Errors: 0, Skipped: 0, Time elapsed: 0.279 s - in org.apache.hadoop.yarn.util.resource.TestResourceUtils
[INFO] Running org.apache.hadoop.yarn.util.resource.TestResources
[INFO] Tests run: 17, Failures: 0, Errors: 0, Skipped: 0, Time elapsed: 0.19 s - in org.apache.hadoop.yarn.util.resource.TestResources
[INFO] Running org.apache.hadoop.yarn.util.resource.TestResourceCalculator
[INFO] Tests run: 20, Failures: 0, Errors: 0, Skipped: 0, Time elapsed: 0.268 s - in org.apache.hadoop.yarn.util.resource.TestResourceCalculator
[INFO] Running org.apache.hadoop.yarn.util.TestAdHocLogDumper
[INFO] Tests run: 1, Failures: 0, Errors: 0, Skipped: 0, Time elapsed: 2.067 s - in org.apache.hadoop.yarn.util.TestAdHocLogDumper
[INFO] Running org.apache.hadoop.yarn.util.TestRackResolver
[INFO] Tests run: 2, Failures: 0, Errors: 0, Skipped: 0, Time elapsed: 16.092 s - in org.apache.hadoop.yarn.util.TestRackResolver
[INFO] Running org.apache.hadoop.yarn.util.TestResourceCalculatorProcessTree
[INFO] Tests run: 2, Failures: 0, Errors: 0, Skipped: 0, Time elapsed: 0.072 s - in org.apache.hadoop.yarn.util.TestResourceCalculatorProcessTree
[INFO] Running org.apache.hadoop.yarn.util.TestRackResolverScriptBasedMapping
[INFO] Tests run: 1, Failures: 0, Errors: 0, Skipped: 0, Time elapsed: 0.103 s - in org.apache.hadoop.yarn.util.TestRackResolverScriptBasedMapping
[INFO] Running org.apache.hadoop.yarn.TestContainerLaunchRPC
[INFO] Tests run: 1, Failures: 0, Errors: 0, Skipped: 0, Time elapsed: 3.28 s - in org.apache.hadoop.yarn.TestContainerLaunchRPC
[INFO] Running org.apache.hadoop.yarn.client.TestClientRMProxy
[INFO] Tests run: 3, Failures: 0, Errors: 0, Skipped: 0, Time elapsed: 0.297 s - in org.apache.hadoop.yarn.client.TestClientRMProxy
[INFO] Running org.apache.hadoop.yarn.client.api.impl.TestTimelineClientV2Impl
[INFO] Tests run: 8, Failures: 0, Errors: 0, Skipped: 0, Time elapsed: 3.674 s - in org.apache.hadoop.yarn.client.api.impl.TestTimelineClientV2Impl
[INFO] Running org.apache.hadoop.yarn.client.api.impl.TestTimelineReaderClientImpl
[INFO] Tests run: 6, Failures: 0, Errors: 0, Skipped: 0, Time elapsed: 0.62 s - in org.apache.hadoop.yarn.client.api.impl.TestTimelineReaderClientImpl
[INFO] Running org.apache.hadoop.yarn.client.api.impl.TestTimelineClient
[INFO] Tests run: 11, Failures: 0, Errors: 0, Skipped: 0, Time elapsed: 17.678 s - in org.apache.hadoop.yarn.client.api.impl.TestTimelineClient
[INFO] Running org.apache.hadoop.yarn.client.api.impl.TestTimelineClientForATS1_5
[INFO] Tests run: 4, Failures: 0, Errors: 0, Skipped: 0, Time elapsed: 0.843 s - in org.apache.hadoop.yarn.client.api.impl.TestTimelineClientForATS1_5
[INFO] Running org.apache.hadoop.yarn.security.TestDockerClientConfigHandler
[INFO] Tests run: 3, Failures: 0, Errors: 0, Skipped: 0, Time elapsed: 0.325 s - in org.apache.hadoop.yarn.security.TestDockerClientConfigHandler
[INFO] Running org.apache.hadoop.yarn.security.TestYARNTokenIdentifier
[INFO] Tests run: 13, Failures: 0, Errors: 0, Skipped: 0, Time elapsed: 0.199 s - in org.apache.hadoop.yarn.security.TestYARNTokenIdentifier
[INFO] Running org.apache.hadoop.yarn.factories.impl.pb.TestRpcClientFactoryPBImpl
[INFO] Tests run: 1, Failures: 0, Errors: 0, Skipped: 0, Time elapsed: 0.354 s - in org.apache.hadoop.yarn.factories.impl.pb.TestRpcClientFactoryPBImpl
[INFO] Running org.apache.hadoop.yarn.factories.impl.pb.TestRpcServerFactoryPBImpl
[INFO] Tests run: 1, Failures: 0, Errors: 0, Skipped: 0, Time elapsed: 0.343 s - in org.apache.hadoop.yarn.factories.impl.pb.TestRpcServerFactoryPBImpl
[INFO] Running org.apache.hadoop.yarn.TestRecordFactory
[INFO] Tests run: 1, Failures: 0, Errors: 0, Skipped: 0, Time elapsed: 0.091 s - in org.apache.hadoop.yarn.TestRecordFactory
[INFO] Running org.apache.hadoop.yarn.nodelabels.TestFileSystemNodeLabelsStore
[INFO] Tests run: 10, Failures: 0, Errors: 0, Skipped: 0, Time elapsed: 0.799 s - in org.apache.hadoop.yarn.nodelabels.TestFileSystemNodeLabelsStore
[INFO] Running org.apache.hadoop.yarn.nodelabels.TestCommonNodeLabelsManager
[INFO] Tests run: 17, Failures: 0, Errors: 0, Skipped: 0, Time elapsed: 0.296 s - in org.apache.hadoop.yarn.nodelabels.TestCommonNodeLabelsManager
[INFO] Running org.apache.hadoop.yarn.nodelabels.TestNodeLabelUtil
[INFO] Tests run: 2, Failures: 0, Errors: 0, Skipped: 0, Time elapsed: 0.128 s - in org.apache.hadoop.yarn.nodelabels.TestNodeLabelUtil
[INFO] Running org.apache.hadoop.yarn.webapp.TestParseRoute
[INFO] Tests run: 10, Failures: 0, Errors: 0, Skipped: 0, Time elapsed: 0.09 s - in org.apache.hadoop.yarn.webapp.TestParseRoute
[INFO] Running org.apache.hadoop.yarn.webapp.TestSubViews
[INFO] Tests run: 1, Failures: 0, Errors: 0, Skipped: 0, Time elapsed: 0.454 s - in org.apache.hadoop.yarn.webapp.TestSubViews
[INFO] Running org.apache.hadoop.yarn.webapp.TestWebApp
[INFO] Tests run: 12, Failures: 0, Errors: 0, Skipped: 0, Time elapsed: 1.509 s - in org.apache.hadoop.yarn.webapp.TestWebApp
[INFO] Running org.apache.hadoop.yarn.webapp.util.TestWebAppUtils
[INFO] Tests run: 5, Failures: 0, Errors: 0, Skipped: 0, Time elapsed: 1.472 s - in org.apache.hadoop.yarn.webapp.util.TestWebAppUtils
[INFO] Running org.apache.hadoop.yarn.webapp.util.TestWebServiceClient
[INFO] Tests run: 2, Failures: 0, Errors: 0, Skipped: 0, Time elapsed: 0.609 s - in org.apache.hadoop.yarn.webapp.util.TestWebServiceClient
[INFO] Running org.apache.hadoop.yarn.webapp.test.TestWebAppTests
[INFO] Tests run: 4, Failures: 0, Errors: 0, Skipped: 0, Time elapsed: 0.383 s - in org.apache.hadoop.yarn.webapp.test.TestWebAppTests
[INFO] Running org.apache.hadoop.yarn.webapp.view.TestHtmlPage
[INFO] Tests run: 2, Failures: 0, Errors: 0, Skipped: 0, Time elapsed: 0.405 s - in org.apache.hadoop.yarn.webapp.view.TestHtmlPage
[INFO] Running org.apache.hadoop.yarn.webapp.view.TestHtmlBlock
[INFO] Tests run: 3, Failures: 0, Errors: 0, Skipped: 0, Time elapsed: 0.404 s - in org.apache.hadoop.yarn.webapp.view.TestHtmlBlock
[INFO] Running org.apache.hadoop.yarn.webapp.view.TestCommonViews
[INFO] Tests run: 5, Failures: 0, Errors: 0, Skipped: 0, Time elapsed: 0.452 s - in org.apache.hadoop.yarn.webapp.view.TestCommonViews
[INFO] Running org.apache.hadoop.yarn.webapp.view.TestTwoColumnCssPage
[INFO] Tests run: 1, Failures: 0, Errors: 0, Skipped: 0, Time elapsed: 0.441 s - in org.apache.hadoop.yarn.webapp.view.TestTwoColumnCssPage
[INFO] Running org.apache.hadoop.yarn.webapp.view.TestInfoBlock
[INFO] Tests run: 2, Failures: 0, Errors: 0, Skipped: 0, Time elapsed: 0.421 s - in org.apache.hadoop.yarn.webapp.view.TestInfoBlock
[INFO] Running org.apache.hadoop.yarn.webapp.view.TestTwoColumnLayout
[INFO] Tests run: 1, Failures: 0, Errors: 0, Skipped: 0, Time elapsed: 0.443 s - in org.apache.hadoop.yarn.webapp.view.TestTwoColumnLayout
[INFO] Running org.apache.hadoop.yarn.logaggregation.TestAggregatedLogFormat
[WARNING] Tests run: 4, Failures: 0, Errors: 0, Skipped: 1, Time elapsed: 0.465 s - in org.apache.hadoop.yarn.logaggregation.TestAggregatedLogFormat
[INFO] Running org.apache.hadoop.yarn.logaggregation.TestAggregatedLogDeletionService
[INFO] Tests run: 4, Failures: 0, Errors: 0, Skipped: 0, Time elapsed: 1.561 s - in org.apache.hadoop.yarn.logaggregation.TestAggregatedLogDeletionService
[INFO] Running org.apache.hadoop.yarn.logaggregation.filecontroller.ifile.TestLogAggregationIndexedFileController
[INFO] Tests run: 3, Failures: 0, Errors: 0, Skipped: 0, Time elapsed: 0.681 s - in org.apache.hadoop.yarn.logaggregation.filecontroller.ifile.TestLogAggregationIndexedFileController
[INFO] Running org.apache.hadoop.yarn.logaggregation.filecontroller.TestLogAggregationFileController
[INFO] Tests run: 3, Failures: 0, Errors: 0, Skipped: 0, Time elapsed: 0.483 s - in org.apache.hadoop.yarn.logaggregation.filecontroller.TestLogAggregationFileController
[INFO] Running org.apache.hadoop.yarn.logaggregation.filecontroller.TestLogAggregationFileControllerFactory
[INFO] Tests run: 6, Failures: 0, Errors: 0, Skipped: 0, Time elapsed: 0.287 s - in org.apache.hadoop.yarn.logaggregation.filecontroller.TestLogAggregationFileControllerFactory
[INFO] Running org.apache.hadoop.yarn.logaggregation.TestAggregatedLogsBlock
[INFO] Tests run: 6, Failures: 0, Errors: 0, Skipped: 0, Time elapsed: 0.59 s - in org.apache.hadoop.yarn.logaggregation.TestAggregatedLogsBlock
[INFO] Running org.apache.hadoop.yarn.api.TestGetApplicationsRequest
[INFO] Tests run: 1, Failures: 0, Errors: 0, Skipped: 0, Time elapsed: 0.133 s - in org.apache.hadoop.yarn.api.TestGetApplicationsRequest
[INFO] Running org.apache.hadoop.yarn.api.TestResourcePBImpl
[INFO] Tests run: 8, Failures: 0, Errors: 0, Skipped: 0, Time elapsed: 0.217 s - in org.apache.hadoop.yarn.api.TestResourcePBImpl
[INFO] Running org.apache.hadoop.yarn.api.TestTimelineEntityGroupId
[INFO] Tests run: 1, Failures: 0, Errors: 0, Skipped: 0, Time elapsed: 0.14 s - in org.apache.hadoop.yarn.api.TestTimelineEntityGroupId
[INFO] Running org.apache.hadoop.yarn.api.records.TestResourceUtilization
[INFO] Tests run: 2, Failures: 0, Errors: 0, Skipped: 0, Time elapsed: 0.124 s - in org.apache.hadoop.yarn.api.records.TestResourceUtilization
[INFO] Running org.apache.hadoop.yarn.api.records.impl.pb.TestProtoUtils
[INFO] Tests run: 1, Failures: 0, Errors: 0, Skipped: 0, Time elapsed: 0.028 s - in org.apache.hadoop.yarn.api.records.impl.pb.TestProtoUtils
[INFO] Running org.apache.hadoop.yarn.api.records.impl.pb.TestApplicationClientProtocolRecords
[INFO] Tests run: 4, Failures: 0, Errors: 0, Skipped: 0, Time elapsed: 0.153 s - in org.apache.hadoop.yarn.api.records.impl.pb.TestApplicationClientProtocolRecords
[INFO] Running org.apache.hadoop.yarn.api.records.impl.pb.TestSerializedExceptionPBImpl
[INFO] Tests run: 5, Failures: 0, Errors: 0, Skipped: 0, Time elapsed: 0.031 s - in org.apache.hadoop.yarn.api.records.impl.pb.TestSerializedExceptionPBImpl
[INFO] Running org.apache.hadoop.yarn.api.records.timeline.TestTimelineRecords
[INFO] Tests run: 5, Failures: 0, Errors: 0, Skipped: 0, Time elapsed: 0.172 s - in org.apache.hadoop.yarn.api.records.timeline.TestTimelineRecords
[INFO] Running org.apache.hadoop.yarn.api.records.timelineservice.TestTimelineServiceRecords
[INFO] Tests run: 4, Failures: 0, Errors: 0, Skipped: 0, Time elapsed: 0.225 s - in org.apache.hadoop.yarn.api.records.timelineservice.TestTimelineServiceRecords
[INFO] Running org.apache.hadoop.yarn.api.TestPBImplRecords
[WARNING] Tests run: 145, Failures: 0, Errors: 0, Skipped: 5, Time elapsed: 0.56 s - in org.apache.hadoop.yarn.api.TestPBImplRecords
[INFO] Running org.apache.hadoop.yarn.api.TestApplicationAttemptId
[INFO] Tests run: 1, Failures: 0, Errors: 0, Skipped: 0, Time elapsed: 0.111 s - in org.apache.hadoop.yarn.api.TestApplicationAttemptId
[INFO] Running org.apache.hadoop.yarn.api.TestNodeId
[INFO] Tests run: 1, Failures: 0, Errors: 0, Skipped: 0, Time elapsed: 0.117 s - in org.apache.hadoop.yarn.api.TestNodeId
[INFO] Running org.apache.hadoop.yarn.api.TestResourceRequest
[INFO] Tests run: 1, Failures: 0, Errors: 0, Skipped: 0, Time elapsed: 0.151 s - in org.apache.hadoop.yarn.api.TestResourceRequest
[INFO] Running org.apache.hadoop.yarn.api.TestPlacementConstraintPBConversion
[INFO] Tests run: 3, Failures: 0, Errors: 0, Skipped: 0, Time elapsed: 0.041 s - in org.apache.hadoop.yarn.api.TestPlacementConstraintPBConversion
[INFO] Running org.apache.hadoop.yarn.api.resource.TestPlacementConstraintTransformations
[INFO] Tests run: 4, Failures: 0, Errors: 0, Skipped: 0, Time elapsed: 0.024 s - in org.apache.hadoop.yarn.api.resource.TestPlacementConstraintTransformations
[INFO] Running org.apache.hadoop.yarn.api.TestContainerId
[INFO] Tests run: 1, Failures: 0, Errors: 0, Skipped: 0, Time elapsed: 0.112 s - in org.apache.hadoop.yarn.api.TestContainerId
[INFO] Running org.apache.hadoop.yarn.api.TestApplicationId
[INFO] Tests run: 1, Failures: 0, Errors: 0, Skipped: 0, Time elapsed: 0.116 s - in org.apache.hadoop.yarn.api.TestApplicationId
[INFO] Running org.apache.hadoop.yarn.api.TestApplicatonReport
[INFO] Tests run: 1, Failures: 0, Errors: 0, Skipped: 0, Time elapsed: 0.122 s - in org.apache.hadoop.yarn.api.TestApplicatonReport
[INFO] 
[INFO] Results:
[INFO] 
[WARNING] Tests run: 493, Failures: 0, Errors: 0, Skipped: 7
[INFO] 
[INFO] ------------------------------------------------------------------------
[INFO] BUILD SUCCESS
[INFO] ------------------------------------------------------------------------
[INFO] Total time:  02:46 min
[INFO] Finished at: 2023-12-24T14:38:26Z
[INFO] ------------------------------------------------------------------------
Previous HEAD position was 1be78238728 3.3.6 Release LICENSE file update.
Switched to branch 'ctest-eval'
Your branch is up to date with 'origin/ctest-eval'.
[CTEST-RUNNER-EVAL] [VANILLA-RND] Checkout to branch rel/release-3.3.6
[CTEST-RUNNER-EVAL] [CHECKOUT] Checkout to branch rel/release-3.3.6
[CTEST-RUNNER-EVAL] [VANILLA-RND] mvn clean and build
[CTEST-RUNNER-EVAL] [VANILLA-RND] Run the test
[CTEST-RUNNER-EVAL] [ANNOTATION] Checkout to branch ctest-eval
[CTEST-RUNNER-EVAL] [CHECKOUT] Checkout to branch ctest-eval
[CTEST-RUNNER-EVAL] [ANNOTATION] Add annotation
<<<ctest-runner-script>>> ======================================================================
<<<ctest-runner-script>>> project: yarn
<<<ctest-runner-script>>> change working directory: /home/ctestrunner/hadoop/hadoop-yarn-project/hadoop-yarn/hadoop-yarn-common -> /home/ctestrunner/hadoop/hadoop-yarn-project/hadoop-yarn/hadoop-yarn-common
<<<ctest-runner-script>>> add import and runwith to all test classes
<<<ctest-runner-script>>> add import information and @RunWith in /home/ctestrunner/hadoop/hadoop-yarn-project/hadoop-yarn/hadoop-yarn-common/src/test
<<<ctest-runner-script>>> normal import and @RunWith added for /home/ctestrunner/hadoop/hadoop-yarn-project/hadoop-yarn/hadoop-yarn-common/src/test/java/org/apache/hadoop/yarn/TestContainerResourceIncreaseRPC.java
<<<ctest-runner-script>>> normal import and @RunWith added for /home/ctestrunner/hadoop/hadoop-yarn-project/hadoop-yarn/hadoop-yarn-common/src/test/java/org/apache/hadoop/yarn/TestRPCFactories.java
<<<ctest-runner-script>>> normal import and @RunWith added for /home/ctestrunner/hadoop/hadoop-yarn-project/hadoop-yarn/hadoop-yarn-common/src/test/java/org/apache/hadoop/yarn/TestContainerLaunchRPC.java
<<<ctest-runner-script>>> normal import and @RunWith added for /home/ctestrunner/hadoop/hadoop-yarn-project/hadoop-yarn/hadoop-yarn-common/src/test/java/org/apache/hadoop/yarn/TestRecordFactory.java
<<<ctest-runner-script>>> normal import and @RunWith added for /home/ctestrunner/hadoop/hadoop-yarn-project/hadoop-yarn/hadoop-yarn-common/src/test/java/org/apache/hadoop/yarn/TestRpcFactoryProvider.java
<<<ctest-runner-script>>> normal import and @RunWith added for /home/ctestrunner/hadoop/hadoop-yarn-project/hadoop-yarn/hadoop-yarn-common/src/test/java/org/apache/hadoop/yarn/TestYarnUncaughtExceptionHandler.java
<<<ctest-runner-script>>> normal import and @RunWith added for /home/ctestrunner/hadoop/hadoop-yarn-project/hadoop-yarn/hadoop-yarn-common/src/test/java/org/apache/hadoop/yarn/TestContainerLogAppender.java
<<<ctest-runner-script>>> normal import and @RunWith added for /home/ctestrunner/hadoop/hadoop-yarn-project/hadoop-yarn/hadoop-yarn-common/src/test/java/org/apache/hadoop/yarn/event/TestAsyncDispatcher.java
<<<ctest-runner-script>>> normal import and @RunWith added for /home/ctestrunner/hadoop/hadoop-yarn-project/hadoop-yarn/hadoop-yarn-common/src/test/java/org/apache/hadoop/yarn/server/security/TestApplicationACLsManager.java
<<<ctest-runner-script>>> normal import and @RunWith added for /home/ctestrunner/hadoop/hadoop-yarn-project/hadoop-yarn/hadoop-yarn-common/src/test/java/org/apache/hadoop/yarn/conf/TestHAUtil.java
<<<ctest-runner-script>>> normal import and @RunWith added for /home/ctestrunner/hadoop/hadoop-yarn-project/hadoop-yarn/hadoop-yarn-common/src/test/java/org/apache/hadoop/yarn/conf/TestYarnConfiguration.java
<<<ctest-runner-script>>> normal import and @RunWith added for /home/ctestrunner/hadoop/hadoop-yarn-project/hadoop-yarn/hadoop-yarn-common/src/test/java/org/apache/hadoop/yarn/ipc/TestRPCUtil.java
<<<ctest-runner-script>>> normal import and @RunWith added for /home/ctestrunner/hadoop/hadoop-yarn-project/hadoop-yarn/hadoop-yarn-common/src/test/java/org/apache/hadoop/yarn/util/TestConverterUtils.java
<<<ctest-runner-script>>> normal import and @RunWith added for /home/ctestrunner/hadoop/hadoop-yarn-project/hadoop-yarn/hadoop-yarn-common/src/test/java/org/apache/hadoop/yarn/util/TestLRUCacheHashMap.java
<<<ctest-runner-script>>> normal import and @RunWith added for /home/ctestrunner/hadoop/hadoop-yarn-project/hadoop-yarn/hadoop-yarn-common/src/test/java/org/apache/hadoop/yarn/util/TestResourceCalculatorProcessTree.java
<<<ctest-runner-script>>> normal import and @RunWith added for /home/ctestrunner/hadoop/hadoop-yarn-project/hadoop-yarn/hadoop-yarn-common/src/test/java/org/apache/hadoop/yarn/util/TestRackResolverScriptBasedMapping.java
<<<ctest-runner-script>>> normal import and @RunWith added for /home/ctestrunner/hadoop/hadoop-yarn-project/hadoop-yarn/hadoop-yarn-common/src/test/java/org/apache/hadoop/yarn/util/TestBoundedAppender.java
<<<ctest-runner-script>>> normal import and @RunWith added for /home/ctestrunner/hadoop/hadoop-yarn-project/hadoop-yarn/hadoop-yarn-common/src/test/java/org/apache/hadoop/yarn/util/TestApps.java
<<<ctest-runner-script>>> normal import and @RunWith added for /home/ctestrunner/hadoop/hadoop-yarn-project/hadoop-yarn/hadoop-yarn-common/src/test/java/org/apache/hadoop/yarn/util/TestRackResolver.java
<<<ctest-runner-script>>> normal import and @RunWith added for /home/ctestrunner/hadoop/hadoop-yarn-project/hadoop-yarn/hadoop-yarn-common/src/test/java/org/apache/hadoop/yarn/util/TestLog4jWarningErrorMetricsAppender.java
<<<ctest-runner-script>>> normal import and @RunWith added for /home/ctestrunner/hadoop/hadoop-yarn-project/hadoop-yarn/hadoop-yarn-common/src/test/java/org/apache/hadoop/yarn/util/TestProcfsBasedProcessTree.java
<<<ctest-runner-script>>> normal import and @RunWith added for /home/ctestrunner/hadoop/hadoop-yarn-project/hadoop-yarn/hadoop-yarn-common/src/test/java/org/apache/hadoop/yarn/util/TestTimelineServiceHelper.java
<<<ctest-runner-script>>> normal import and @RunWith added for /home/ctestrunner/hadoop/hadoop-yarn-project/hadoop-yarn/hadoop-yarn-common/src/test/java/org/apache/hadoop/yarn/util/TestFSDownload.java
<<<ctest-runner-script>>> normal import and @RunWith added for /home/ctestrunner/hadoop/hadoop-yarn-project/hadoop-yarn/hadoop-yarn-common/src/test/java/org/apache/hadoop/yarn/util/TestTimes.java
<<<ctest-runner-script>>> normal import and @RunWith added for /home/ctestrunner/hadoop/hadoop-yarn-project/hadoop-yarn/hadoop-yarn-common/src/test/java/org/apache/hadoop/yarn/util/TestWindowsBasedProcessTree.java
<<<ctest-runner-script>>> normal import and @RunWith added for /home/ctestrunner/hadoop/hadoop-yarn-project/hadoop-yarn/hadoop-yarn-common/src/test/java/org/apache/hadoop/yarn/util/TestAdHocLogDumper.java
<<<ctest-runner-script>>> normal import and @RunWith added for /home/ctestrunner/hadoop/hadoop-yarn-project/hadoop-yarn/hadoop-yarn-common/src/test/java/org/apache/hadoop/yarn/util/TestYarnVersionInfo.java
<<<ctest-runner-script>>> normal import and @RunWith added for /home/ctestrunner/hadoop/hadoop-yarn-project/hadoop-yarn/hadoop-yarn-common/src/test/java/org/apache/hadoop/yarn/util/timeline/TestShortenedFlowName.java
<<<ctest-runner-script>>> normal import and @RunWith added for /home/ctestrunner/hadoop/hadoop-yarn-project/hadoop-yarn/hadoop-yarn-common/src/test/java/org/apache/hadoop/yarn/util/resource/TestResources.java
<<<ctest-runner-script>>> normal import and @RunWith added for /home/ctestrunner/hadoop/hadoop-yarn-project/hadoop-yarn/hadoop-yarn-common/src/test/java/org/apache/hadoop/yarn/util/resource/TestResourceUtils.java
<<<ctest-runner-script>>> normal import and @RunWith added for /home/ctestrunner/hadoop/hadoop-yarn-project/hadoop-yarn/hadoop-yarn-common/src/test/java/org/apache/hadoop/yarn/client/TestClientRMProxy.java
<<<ctest-runner-script>>> normal import and @RunWith added for /home/ctestrunner/hadoop/hadoop-yarn-project/hadoop-yarn/hadoop-yarn-common/src/test/java/org/apache/hadoop/yarn/client/api/impl/TestTimelineClientV2Impl.java
<<<ctest-runner-script>>> normal import and @RunWith added for /home/ctestrunner/hadoop/hadoop-yarn-project/hadoop-yarn/hadoop-yarn-common/src/test/java/org/apache/hadoop/yarn/client/api/impl/TestTimelineClient.java
<<<ctest-runner-script>>> normal import and @RunWith added for /home/ctestrunner/hadoop/hadoop-yarn-project/hadoop-yarn/hadoop-yarn-common/src/test/java/org/apache/hadoop/yarn/client/api/impl/TestTimelineReaderClientImpl.java
<<<ctest-runner-script>>> normal import and @RunWith added for /home/ctestrunner/hadoop/hadoop-yarn-project/hadoop-yarn/hadoop-yarn-common/src/test/java/org/apache/hadoop/yarn/client/api/impl/TestTimelineClientForATS1_5.java
<<<ctest-runner-script>>> normal import and @RunWith added for /home/ctestrunner/hadoop/hadoop-yarn-project/hadoop-yarn/hadoop-yarn-common/src/test/java/org/apache/hadoop/yarn/security/TestYARNTokenIdentifier.java
<<<ctest-runner-script>>> normal import and @RunWith added for /home/ctestrunner/hadoop/hadoop-yarn-project/hadoop-yarn/hadoop-yarn-common/src/test/java/org/apache/hadoop/yarn/security/TestDockerClientConfigHandler.java
<<<ctest-runner-script>>> normal import and @RunWith added for /home/ctestrunner/hadoop/hadoop-yarn-project/hadoop-yarn/hadoop-yarn-common/src/test/java/org/apache/hadoop/yarn/factories/impl/pb/TestRpcClientFactoryPBImpl.java
<<<ctest-runner-script>>> normal import and @RunWith added for /home/ctestrunner/hadoop/hadoop-yarn-project/hadoop-yarn/hadoop-yarn-common/src/test/java/org/apache/hadoop/yarn/factories/impl/pb/TestRpcServerFactoryPBImpl.java
<<<ctest-runner-script>>> normal import and @RunWith added for /home/ctestrunner/hadoop/hadoop-yarn-project/hadoop-yarn/hadoop-yarn-common/src/test/java/org/apache/hadoop/yarn/nodelabels/TestCommonNodeLabelsManager.java
<<<ctest-runner-script>>> normal import and @RunWith added for /home/ctestrunner/hadoop/hadoop-yarn-project/hadoop-yarn/hadoop-yarn-common/src/test/java/org/apache/hadoop/yarn/nodelabels/TestNodeLabelUtil.java
<<<ctest-runner-script>>> normal import and @RunWith added for /home/ctestrunner/hadoop/hadoop-yarn-project/hadoop-yarn/hadoop-yarn-common/src/test/java/org/apache/hadoop/yarn/webapp/TestSubViews.java
<<<ctest-runner-script>>> normal import and @RunWith added for /home/ctestrunner/hadoop/hadoop-yarn-project/hadoop-yarn/hadoop-yarn-common/src/test/java/org/apache/hadoop/yarn/webapp/TestWebApp.java
<<<ctest-runner-script>>> normal import and @RunWith added for /home/ctestrunner/hadoop/hadoop-yarn-project/hadoop-yarn/hadoop-yarn-common/src/test/java/org/apache/hadoop/yarn/webapp/TestParseRoute.java
<<<ctest-runner-script>>> normal import and @RunWith added for /home/ctestrunner/hadoop/hadoop-yarn-project/hadoop-yarn/hadoop-yarn-common/src/test/java/org/apache/hadoop/yarn/webapp/util/TestWebAppUtils.java
<<<ctest-runner-script>>> normal import and @RunWith added for /home/ctestrunner/hadoop/hadoop-yarn-project/hadoop-yarn/hadoop-yarn-common/src/test/java/org/apache/hadoop/yarn/webapp/util/TestWebServiceClient.java
<<<ctest-runner-script>>> normal import and @RunWith added for /home/ctestrunner/hadoop/hadoop-yarn-project/hadoop-yarn/hadoop-yarn-common/src/test/java/org/apache/hadoop/yarn/webapp/test/TestWebAppTests.java
<<<ctest-runner-script>>> normal import and @RunWith added for /home/ctestrunner/hadoop/hadoop-yarn-project/hadoop-yarn/hadoop-yarn-common/src/test/java/org/apache/hadoop/yarn/webapp/hamlet/TestHamlet.java
<<<ctest-runner-script>>> normal import and @RunWith added for /home/ctestrunner/hadoop/hadoop-yarn-project/hadoop-yarn/hadoop-yarn-common/src/test/java/org/apache/hadoop/yarn/webapp/hamlet/TestParseSelector.java
<<<ctest-runner-script>>> normal import and @RunWith added for /home/ctestrunner/hadoop/hadoop-yarn-project/hadoop-yarn/hadoop-yarn-common/src/test/java/org/apache/hadoop/yarn/webapp/hamlet/TestHamletImpl.java
<<<ctest-runner-script>>> normal import and @RunWith added for /home/ctestrunner/hadoop/hadoop-yarn-project/hadoop-yarn/hadoop-yarn-common/src/test/java/org/apache/hadoop/yarn/webapp/view/TestTwoColumnLayout.java
<<<ctest-runner-script>>> normal import and @RunWith added for /home/ctestrunner/hadoop/hadoop-yarn-project/hadoop-yarn/hadoop-yarn-common/src/test/java/org/apache/hadoop/yarn/webapp/view/TestHtmlPage.java
<<<ctest-runner-script>>> normal import and @RunWith added for /home/ctestrunner/hadoop/hadoop-yarn-project/hadoop-yarn/hadoop-yarn-common/src/test/java/org/apache/hadoop/yarn/webapp/view/TestCommonViews.java
<<<ctest-runner-script>>> normal import and @RunWith added for /home/ctestrunner/hadoop/hadoop-yarn-project/hadoop-yarn/hadoop-yarn-common/src/test/java/org/apache/hadoop/yarn/webapp/view/TestTwoColumnCssPage.java
<<<ctest-runner-script>>> normal import and @RunWith added for /home/ctestrunner/hadoop/hadoop-yarn-project/hadoop-yarn/hadoop-yarn-common/src/test/java/org/apache/hadoop/yarn/webapp/view/TestInfoBlock.java
<<<ctest-runner-script>>> normal import and @RunWith added for /home/ctestrunner/hadoop/hadoop-yarn-project/hadoop-yarn/hadoop-yarn-common/src/test/java/org/apache/hadoop/yarn/webapp/view/TestHtmlBlock.java
<<<ctest-runner-script>>> normal import and @RunWith added for /home/ctestrunner/hadoop/hadoop-yarn-project/hadoop-yarn/hadoop-yarn-common/src/test/java/org/apache/hadoop/yarn/logaggregation/TestAggregatedLogFormat.java
<<<ctest-runner-script>>> normal import and @RunWith added for /home/ctestrunner/hadoop/hadoop-yarn-project/hadoop-yarn/hadoop-yarn-common/src/test/java/org/apache/hadoop/yarn/logaggregation/TestAggregatedLogsBlock.java
<<<ctest-runner-script>>> normal import and @RunWith added for /home/ctestrunner/hadoop/hadoop-yarn-project/hadoop-yarn/hadoop-yarn-common/src/test/java/org/apache/hadoop/yarn/logaggregation/TestAggregatedLogDeletionService.java
<<<ctest-runner-script>>> normal import and @RunWith added for /home/ctestrunner/hadoop/hadoop-yarn-project/hadoop-yarn/hadoop-yarn-common/src/test/java/org/apache/hadoop/yarn/logaggregation/filecontroller/TestLogAggregationFileControllerFactory.java
<<<ctest-runner-script>>> normal import and @RunWith added for /home/ctestrunner/hadoop/hadoop-yarn-project/hadoop-yarn/hadoop-yarn-common/src/test/java/org/apache/hadoop/yarn/logaggregation/filecontroller/TestLogAggregationFileController.java
<<<ctest-runner-script>>> normal import and @RunWith added for /home/ctestrunner/hadoop/hadoop-yarn-project/hadoop-yarn/hadoop-yarn-common/src/test/java/org/apache/hadoop/yarn/api/TestResourceRequest.java
<<<ctest-runner-script>>> normal import and @RunWith added for /home/ctestrunner/hadoop/hadoop-yarn-project/hadoop-yarn/hadoop-yarn-common/src/test/java/org/apache/hadoop/yarn/api/TestResourcePBImpl.java
<<<ctest-runner-script>>> normal import and @RunWith added for /home/ctestrunner/hadoop/hadoop-yarn-project/hadoop-yarn/hadoop-yarn-common/src/test/java/org/apache/hadoop/yarn/api/TestNodeId.java
<<<ctest-runner-script>>> normal import and @RunWith added for /home/ctestrunner/hadoop/hadoop-yarn-project/hadoop-yarn/hadoop-yarn-common/src/test/java/org/apache/hadoop/yarn/api/TestTimelineEntityGroupId.java
<<<ctest-runner-script>>> normal import and @RunWith added for /home/ctestrunner/hadoop/hadoop-yarn-project/hadoop-yarn/hadoop-yarn-common/src/test/java/org/apache/hadoop/yarn/api/TestPBImplRecords.java
<<<ctest-runner-script>>> normal import and @RunWith added for /home/ctestrunner/hadoop/hadoop-yarn-project/hadoop-yarn/hadoop-yarn-common/src/test/java/org/apache/hadoop/yarn/api/TestContainerId.java
<<<ctest-runner-script>>> normal import and @RunWith added for /home/ctestrunner/hadoop/hadoop-yarn-project/hadoop-yarn/hadoop-yarn-common/src/test/java/org/apache/hadoop/yarn/api/TestPlacementConstraintPBConversion.java
<<<ctest-runner-script>>> normal import and @RunWith added for /home/ctestrunner/hadoop/hadoop-yarn-project/hadoop-yarn/hadoop-yarn-common/src/test/java/org/apache/hadoop/yarn/api/TestGetApplicationsRequest.java
<<<ctest-runner-script>>> normal import and @RunWith added for /home/ctestrunner/hadoop/hadoop-yarn-project/hadoop-yarn/hadoop-yarn-common/src/test/java/org/apache/hadoop/yarn/api/TestApplicationId.java
<<<ctest-runner-script>>> normal import and @RunWith added for /home/ctestrunner/hadoop/hadoop-yarn-project/hadoop-yarn/hadoop-yarn-common/src/test/java/org/apache/hadoop/yarn/api/TestApplicatonReport.java
<<<ctest-runner-script>>> normal import and @RunWith added for /home/ctestrunner/hadoop/hadoop-yarn-project/hadoop-yarn/hadoop-yarn-common/src/test/java/org/apache/hadoop/yarn/api/TestApplicationAttemptId.java
<<<ctest-runner-script>>> normal import and @RunWith added for /home/ctestrunner/hadoop/hadoop-yarn-project/hadoop-yarn/hadoop-yarn-common/src/test/java/org/apache/hadoop/yarn/api/records/TestResourceUtilization.java
<<<ctest-runner-script>>> normal import and @RunWith added for /home/ctestrunner/hadoop/hadoop-yarn-project/hadoop-yarn/hadoop-yarn-common/src/test/java/org/apache/hadoop/yarn/api/records/impl/pb/TestApplicationClientProtocolRecords.javaPicked up _JAVA_OPTIONS: -Xmx7g
[INFO] Scanning for projects...
[INFO] ------------------------------------------------------------------------
[INFO] Detecting the operating system and CPU architecture
[INFO] ------------------------------------------------------------------------
[INFO] os.detected.name: linux
[INFO] os.detected.arch: x86_64
[INFO] os.detected.bitness: 64
[INFO] os.detected.version: 5.15
[INFO] os.detected.version.major: 5
[INFO] os.detected.version.minor: 15
[INFO] os.detected.release: ubuntu
[INFO] os.detected.release.version: 18.04
[INFO] os.detected.release.like.ubuntu: true
[INFO] os.detected.release.like.debian: true
[INFO] os.detected.classifier: linux-x86_64
[INFO] 
[INFO] ----------------< org.apache.hadoop:hadoop-yarn-common >----------------
[INFO] Building Apache Hadoop YARN Common 3.3.6
[INFO] --------------------------------[ jar ]---------------------------------
[INFO] 
[INFO] --- maven-clean-plugin:3.1.0:clean (default-clean) @ hadoop-yarn-common ---
[INFO] Deleting /home/ctestrunner/hadoop/hadoop-yarn-project/hadoop-yarn/hadoop-yarn-common/target
[INFO] 
[INFO] --- maven-antrun-plugin:1.7:run (create-testdirs) @ hadoop-yarn-common ---
[INFO] Executing tasks

main:
    [mkdir] Created dir: /home/ctestrunner/hadoop/hadoop-yarn-project/hadoop-yarn/hadoop-yarn-common/target/test-dir
[INFO] Executed tasks
[INFO] 
[INFO] --- protobuf-maven-plugin:0.5.1:compile (src-compile-protoc) @ hadoop-yarn-common ---
[INFO] Compiling 1 proto file(s) to /home/ctestrunner/hadoop/hadoop-yarn-project/hadoop-yarn/hadoop-yarn-common/target/generated-sources/java
[INFO] 
[INFO] --- maven-enforcer-plugin:3.0.0-M1:enforce (banned-illegal-imports) @ hadoop-yarn-common ---
[INFO] 
[INFO] --- replacer:1.5.3:replace (replace-generated-sources) @ hadoop-yarn-common ---
[INFO] Replacement run on 1 file.
[INFO] 
[INFO] --- replacer:1.5.3:replace (replace-sources) @ hadoop-yarn-common ---
[INFO] Replacement run on 494 files.
[INFO] 
[INFO] --- replacer:1.5.3:replace (replace-guava) @ hadoop-yarn-common ---
[INFO] Replacement run on 595 files.
[INFO] 
[INFO] --- hadoop-maven-plugins:3.3.6:version-info (version-info) @ hadoop-yarn-common ---
[INFO] SCM: GIT
[INFO] Computed MD5: d42eb795a5eadb0febf5e44a7f87a9
[INFO] 
[INFO] --- hadoop-maven-plugins:3.3.6:resource-gz (resource-gz) @ hadoop-yarn-common ---
[INFO] Compressing /home/ctestrunner/hadoop/hadoop-yarn-project/hadoop-yarn/hadoop-yarn-common/src/main/resources/webapps/static/dt-1.10.18/css/jui-dt.css to /home/ctestrunner/hadoop/hadoop-yarn-project/hadoop-yarn/hadoop-yarn-common/target/classes/webapps/static/dt-1.10.18/css/jui-dt.css.gz
[INFO] Compressing /home/ctestrunner/hadoop/hadoop-yarn-project/hadoop-yarn/hadoop-yarn-common/src/main/resources/webapps/static/dt-1.10.18/css/custom_datatable.css to /home/ctestrunner/hadoop/hadoop-yarn-project/hadoop-yarn/hadoop-yarn-common/target/classes/webapps/static/dt-1.10.18/css/custom_datatable.css.gz
[INFO] Compressing /home/ctestrunner/hadoop/hadoop-yarn-project/hadoop-yarn/hadoop-yarn-common/src/main/resources/webapps/static/dt-1.10.18/css/demo_table.css to /home/ctestrunner/hadoop/hadoop-yarn-project/hadoop-yarn/hadoop-yarn-common/target/classes/webapps/static/dt-1.10.18/css/demo_table.css.gz
[INFO] Compressing /home/ctestrunner/hadoop/hadoop-yarn-project/hadoop-yarn/hadoop-yarn-common/src/main/resources/webapps/static/dt-1.10.18/css/demo_page.css to /home/ctestrunner/hadoop/hadoop-yarn-project/hadoop-yarn/hadoop-yarn-common/target/classes/webapps/static/dt-1.10.18/css/demo_page.css.gz
[INFO] Compressing /home/ctestrunner/hadoop/hadoop-yarn-project/hadoop-yarn/hadoop-yarn-common/src/main/resources/webapps/static/dt-1.10.18/css/jquery.dataTables.css to /home/ctestrunner/hadoop/hadoop-yarn-project/hadoop-yarn/hadoop-yarn-common/target/classes/webapps/static/dt-1.10.18/css/jquery.dataTables.css.gz
[INFO] Compressing /home/ctestrunner/hadoop/hadoop-yarn-project/hadoop-yarn/hadoop-yarn-common/src/main/resources/webapps/static/dt-1.10.18/js/jquery.dataTables.min.js to /home/ctestrunner/hadoop/hadoop-yarn-project/hadoop-yarn/hadoop-yarn-common/target/classes/webapps/static/dt-1.10.18/js/jquery.dataTables.min.js.gz
[INFO] Compressing /home/ctestrunner/hadoop/hadoop-yarn-project/hadoop-yarn/hadoop-yarn-common/src/main/resources/webapps/static/jquery/jquery-3.6.0.min.js to /home/ctestrunner/hadoop/hadoop-yarn-project/hadoop-yarn/hadoop-yarn-common/target/classes/webapps/static/jquery/jquery-3.6.0.min.js.gz
[INFO] Compressing /home/ctestrunner/hadoop/hadoop-yarn-project/hadoop-yarn/hadoop-yarn-common/src/main/resources/webapps/static/jquery/jquery-ui-1.13.2.custom.min.js to /home/ctestrunner/hadoop/hadoop-yarn-project/hadoop-yarn/hadoop-yarn-common/target/classes/webapps/static/jquery/jquery-ui-1.13.2.custom.min.js.gz
[INFO] Compressing /home/ctestrunner/hadoop/hadoop-yarn-project/hadoop-yarn/hadoop-yarn-common/src/main/resources/webapps/static/jquery/themes-1.9.1/base/jquery-ui.css to /home/ctestrunner/hadoop/hadoop-yarn-project/hadoop-yarn/hadoop-yarn-common/target/classes/webapps/static/jquery/themes-1.9.1/base/jquery-ui.css.gz
[INFO] Compressing /home/ctestrunner/hadoop/hadoop-yarn-project/hadoop-yarn/hadoop-yarn-common/src/main/resources/webapps/static/yarn.dt.plugins.js to /home/ctestrunner/hadoop/hadoop-yarn-project/hadoop-yarn/hadoop-yarn-common/target/classes/webapps/static/yarn.dt.plugins.js.gz
[INFO] Compressing /home/ctestrunner/hadoop/hadoop-yarn-project/hadoop-yarn/hadoop-yarn-common/src/main/resources/webapps/static/dt-sorting/natural.js to /home/ctestrunner/hadoop/hadoop-yarn-project/hadoop-yarn/hadoop-yarn-common/target/classes/webapps/static/dt-sorting/natural.js.gz
[INFO] Compressing /home/ctestrunner/hadoop/hadoop-yarn-project/hadoop-yarn/hadoop-yarn-common/src/main/resources/webapps/static/jt/jquery.jstree.js to /home/ctestrunner/hadoop/hadoop-yarn-project/hadoop-yarn/hadoop-yarn-common/target/classes/webapps/static/jt/jquery.jstree.js.gz
[INFO] Compressing /home/ctestrunner/hadoop/hadoop-yarn-project/hadoop-yarn/hadoop-yarn-common/src/main/resources/webapps/static/yarn.css to /home/ctestrunner/hadoop/hadoop-yarn-project/hadoop-yarn/hadoop-yarn-common/target/classes/webapps/static/yarn.css.gz
[INFO] 
[INFO] --- maven-resources-plugin:2.6:resources (default-resources) @ hadoop-yarn-common ---
[INFO] Using 'UTF-8' encoding to copy filtered resources.
[INFO] Copying 53 resources
[INFO] Copying 1 resource
[INFO] 
[INFO] --- maven-compiler-plugin:3.1:compile (default-compile) @ hadoop-yarn-common ---
[INFO] Compiling 490 source files to /home/ctestrunner/hadoop/hadoop-yarn-project/hadoop-yarn/hadoop-yarn-common/target/classes
[WARNING] /home/ctestrunner/hadoop/hadoop-yarn-project/hadoop-yarn/hadoop-yarn-common/src/main/java/org/apache/hadoop/yarn/util/ProcfsBasedProcessTree.java: Some input files use or override a deprecated API.
[WARNING] /home/ctestrunner/hadoop/hadoop-yarn-project/hadoop-yarn/hadoop-yarn-common/src/main/java/org/apache/hadoop/yarn/util/ProcfsBasedProcessTree.java: Recompile with -Xlint:deprecation for details.
[WARNING] /home/ctestrunner/hadoop/hadoop-yarn-project/hadoop-yarn/hadoop-yarn-common/src/main/java/org/apache/hadoop/yarn/util/timeline/TimelineEntityV2Converter.java: Some input files use unchecked or unsafe operations.
[WARNING] /home/ctestrunner/hadoop/hadoop-yarn-project/hadoop-yarn/hadoop-yarn-common/src/main/java/org/apache/hadoop/yarn/util/timeline/TimelineEntityV2Converter.java: Recompile with -Xlint:unchecked for details.
[INFO] 
[INFO] --- protobuf-maven-plugin:0.5.1:test-compile (src-test-compile-protoc) @ hadoop-yarn-common ---
[INFO] Skipping mojo execution
[INFO] 
[INFO] --- replacer:1.5.3:replace (replace-test-sources) @ hadoop-yarn-common ---
[INFO] Replacement run on 101 files.
[INFO] 
[INFO] --- maven-resources-plugin:2.6:testResources (default-testResources) @ hadoop-yarn-common ---
[INFO] Using 'UTF-8' encoding to copy filtered resources.
[INFO] Copying 26 resources
[INFO] Copying 16 resources
[INFO] 
[INFO] --- replacer:1.5.3:replace (replace-generated-test-sources) @ hadoop-yarn-common ---
[INFO] Skipping
[INFO] 
[INFO] --- maven-compiler-plugin:3.1:testCompile (default-testCompile) @ hadoop-yarn-common ---
[INFO] Compiling 98 source files to /home/ctestrunner/hadoop/hadoop-yarn-project/hadoop-yarn/hadoop-yarn-common/target/test-classes
[WARNING] /home/ctestrunner/hadoop/hadoop-yarn-project/hadoop-yarn/hadoop-yarn-common/src/test/java/org/apache/hadoop/yarn/conf/TestHAUtil.java: Some input files use or override a deprecated API.
[WARNING] /home/ctestrunner/hadoop/hadoop-yarn-project/hadoop-yarn/hadoop-yarn-common/src/test/java/org/apache/hadoop/yarn/conf/TestHAUtil.java: Recompile with -Xlint:deprecation for details.
[WARNING] /home/ctestrunner/hadoop/hadoop-yarn-project/hadoop-yarn/hadoop-yarn-common/src/test/java/org/apache/hadoop/yarn/event/TestAsyncDispatcher.java: Some input files use unchecked or unsafe operations.
[WARNING] /home/ctestrunner/hadoop/hadoop-yarn-project/hadoop-yarn/hadoop-yarn-common/src/test/java/org/apache/hadoop/yarn/event/TestAsyncDispatcher.java: Recompile with -Xlint:unchecked for details.
[INFO] 
[INFO] --- maven-jar-plugin:2.5:test-jar (default) @ hadoop-yarn-common ---
[INFO] Building jar: /home/ctestrunner/hadoop/hadoop-yarn-project/hadoop-yarn/hadoop-yarn-common/target/hadoop-yarn-common-3.3.6-tests.jar
[INFO] 
[INFO] --- maven-surefire-plugin:3.0.0-M1:test (default-test) @ hadoop-yarn-common ---
[INFO] Tests are skipped.
[INFO] 
[INFO] --- maven-jar-plugin:2.5:jar (default-jar) @ hadoop-yarn-common ---
[INFO] Building jar: /home/ctestrunner/hadoop/hadoop-yarn-project/hadoop-yarn/hadoop-yarn-common/target/hadoop-yarn-common-3.3.6.jar
[INFO] 
[INFO] --- maven-site-plugin:3.9.1:attach-descriptor (attach-descriptor) @ hadoop-yarn-common ---
[INFO] Skipping because packaging 'jar' is not pom.
[INFO] 
[INFO] --- maven-enforcer-plugin:3.0.0-M1:enforce (depcheck) @ hadoop-yarn-common ---
[INFO] 
[INFO] --- maven-install-plugin:2.5.1:install (default-install) @ hadoop-yarn-common ---
[INFO] Installing /home/ctestrunner/hadoop/hadoop-yarn-project/hadoop-yarn/hadoop-yarn-common/target/hadoop-yarn-common-3.3.6.jar to /root/.m2/repository/org/apache/hadoop/hadoop-yarn-common/3.3.6/hadoop-yarn-common-3.3.6.jar
[INFO] Installing /home/ctestrunner/hadoop/hadoop-yarn-project/hadoop-yarn/hadoop-yarn-common/pom.xml to /root/.m2/repository/org/apache/hadoop/hadoop-yarn-common/3.3.6/hadoop-yarn-common-3.3.6.pom
[INFO] Installing /home/ctestrunner/hadoop/hadoop-yarn-project/hadoop-yarn/hadoop-yarn-common/target/hadoop-yarn-common-3.3.6-tests.jar to /root/.m2/repository/org/apache/hadoop/hadoop-yarn-common/3.3.6/hadoop-yarn-common-3.3.6-tests.jar
[INFO] ------------------------------------------------------------------------
[INFO] BUILD SUCCESS
[INFO] ------------------------------------------------------------------------
[INFO] Total time:  7.262 s
[INFO] Finished at: 2023-12-24T14:38:34Z
[INFO] ------------------------------------------------------------------------
Picked up _JAVA_OPTIONS: -Xmx7g
[INFO] Scanning for projects...
[INFO] ------------------------------------------------------------------------
[INFO] Detecting the operating system and CPU architecture
[INFO] ------------------------------------------------------------------------
[INFO] os.detected.name: linux
[INFO] os.detected.arch: x86_64
[INFO] os.detected.bitness: 64
[INFO] os.detected.version: 5.15
[INFO] os.detected.version.major: 5
[INFO] os.detected.version.minor: 15
[INFO] os.detected.release: ubuntu
[INFO] os.detected.release.version: 18.04
[INFO] os.detected.release.like.ubuntu: true
[INFO] os.detected.release.like.debian: true
[INFO] os.detected.classifier: linux-x86_64
[INFO] 
[INFO] ----------------< org.apache.hadoop:hadoop-yarn-common >----------------
[INFO] Building Apache Hadoop YARN Common 3.3.6
[INFO] --------------------------------[ jar ]---------------------------------
[INFO] 
[INFO] --- maven-surefire-plugin:3.0.0-M1:test (default-cli) @ hadoop-yarn-common ---
[INFO] 
[INFO] -------------------------------------------------------
[INFO]  T E S T S
[INFO] -------------------------------------------------------
[INFO] Running org.apache.hadoop.yarn.TestYarnUncaughtExceptionHandler
[INFO] Tests run: 3, Failures: 0, Errors: 0, Skipped: 0, Time elapsed: 0.285 s - in org.apache.hadoop.yarn.TestYarnUncaughtExceptionHandler
[INFO] Running org.apache.hadoop.yarn.TestRpcFactoryProvider
[INFO] Tests run: 1, Failures: 0, Errors: 0, Skipped: 0, Time elapsed: 0.147 s - in org.apache.hadoop.yarn.TestRpcFactoryProvider
[INFO] Running org.apache.hadoop.yarn.event.TestAsyncDispatcher
[INFO] Tests run: 7, Failures: 0, Errors: 0, Skipped: 0, Time elapsed: 37.33 s - in org.apache.hadoop.yarn.event.TestAsyncDispatcher
[INFO] Running org.apache.hadoop.yarn.TestContainerLogAppender
[INFO] Tests run: 1, Failures: 0, Errors: 0, Skipped: 0, Time elapsed: 0.085 s - in org.apache.hadoop.yarn.TestContainerLogAppender
[INFO] Running org.apache.hadoop.yarn.TestRPCFactories
[INFO] Tests run: 1, Failures: 0, Errors: 0, Skipped: 0, Time elapsed: 0.233 s - in org.apache.hadoop.yarn.TestRPCFactories
[INFO] Running org.apache.hadoop.yarn.server.security.TestApplicationACLsManager
[INFO] Tests run: 3, Failures: 0, Errors: 0, Skipped: 0, Time elapsed: 0.199 s - in org.apache.hadoop.yarn.server.security.TestApplicationACLsManager
[INFO] Running org.apache.hadoop.yarn.TestContainerResourceIncreaseRPC
[INFO] Tests run: 1, Failures: 0, Errors: 0, Skipped: 0, Time elapsed: 3.32 s - in org.apache.hadoop.yarn.TestContainerResourceIncreaseRPC
[INFO] Running org.apache.hadoop.yarn.conf.TestYarnConfiguration
[INFO] Tests run: 5, Failures: 0, Errors: 0, Skipped: 0, Time elapsed: 0.207 s - in org.apache.hadoop.yarn.conf.TestYarnConfiguration
[INFO] Running org.apache.hadoop.yarn.conf.TestHAUtil
[INFO] Tests run: 4, Failures: 0, Errors: 0, Skipped: 0, Time elapsed: 0.169 s - in org.apache.hadoop.yarn.conf.TestHAUtil
[INFO] Running org.apache.hadoop.yarn.ipc.TestRPCUtil
[INFO] Tests run: 11, Failures: 0, Errors: 0, Skipped: 0, Time elapsed: 0.052 s - in org.apache.hadoop.yarn.ipc.TestRPCUtil
[INFO] Running org.apache.hadoop.yarn.util.TestTimes
[INFO] Tests run: 6, Failures: 0, Errors: 0, Skipped: 0, Time elapsed: 0.113 s - in org.apache.hadoop.yarn.util.TestTimes
[INFO] Running org.apache.hadoop.yarn.util.TestLRUCacheHashMap
[INFO] Tests run: 1, Failures: 0, Errors: 0, Skipped: 0, Time elapsed: 0.02 s - in org.apache.hadoop.yarn.util.TestLRUCacheHashMap
[INFO] Running org.apache.hadoop.yarn.util.TestLog4jWarningErrorMetricsAppender
[INFO] Tests run: 6, Failures: 0, Errors: 0, Skipped: 0, Time elapsed: 9.097 s - in org.apache.hadoop.yarn.util.TestLog4jWarningErrorMetricsAppender
[INFO] Running org.apache.hadoop.yarn.util.TestYarnVersionInfo
[INFO] Tests run: 1, Failures: 0, Errors: 0, Skipped: 0, Time elapsed: 0.092 s - in org.apache.hadoop.yarn.util.TestYarnVersionInfo
[INFO] Running org.apache.hadoop.yarn.util.TestTimelineServiceHelper
[INFO] Tests run: 1, Failures: 0, Errors: 0, Skipped: 0, Time elapsed: 0.069 s - in org.apache.hadoop.yarn.util.TestTimelineServiceHelper
[INFO] Running org.apache.hadoop.yarn.util.TestConverterUtils
[INFO] Tests run: 9, Failures: 0, Errors: 0, Skipped: 0, Time elapsed: 0.154 s - in org.apache.hadoop.yarn.util.TestConverterUtils
[INFO] Running org.apache.hadoop.yarn.util.TestFSDownload
[INFO] Tests run: 11, Failures: 0, Errors: 0, Skipped: 0, Time elapsed: 0.658 s - in org.apache.hadoop.yarn.util.TestFSDownload
[INFO] Running org.apache.hadoop.yarn.util.timeline.TestShortenedFlowName
[INFO] Tests run: 2, Failures: 0, Errors: 0, Skipped: 0, Time elapsed: 0.207 s - in org.apache.hadoop.yarn.util.timeline.TestShortenedFlowName
[INFO] Running org.apache.hadoop.yarn.util.TestApps
[INFO] Tests run: 6, Failures: 0, Errors: 0, Skipped: 0, Time elapsed: 0.121 s - in org.apache.hadoop.yarn.util.TestApps
[INFO] Running org.apache.hadoop.yarn.util.TestProcfsBasedProcessTree
[INFO] Tests run: 5, Failures: 0, Errors: 0, Skipped: 0, Time elapsed: 7.792 s - in org.apache.hadoop.yarn.util.TestProcfsBasedProcessTree
[INFO] Running org.apache.hadoop.yarn.util.TestBoundedAppender
[INFO] Tests run: 6, Failures: 0, Errors: 0, Skipped: 0, Time elapsed: 0.025 s - in org.apache.hadoop.yarn.util.TestBoundedAppender
[INFO] Running org.apache.hadoop.yarn.util.TestWindowsBasedProcessTree
[WARNING] Tests run: 1, Failures: 0, Errors: 0, Skipped: 1, Time elapsed: 0.081 s - in org.apache.hadoop.yarn.util.TestWindowsBasedProcessTree
[INFO] Running org.apache.hadoop.yarn.util.resource.TestResourceUtils
[INFO] Tests run: 14, Failures: 0, Errors: 0, Skipped: 0, Time elapsed: 0.307 s - in org.apache.hadoop.yarn.util.resource.TestResourceUtils
[INFO] Running org.apache.hadoop.yarn.util.resource.TestResources
[INFO] Tests run: 17, Failures: 0, Errors: 0, Skipped: 0, Time elapsed: 0.198 s - in org.apache.hadoop.yarn.util.resource.TestResources
[INFO] Running org.apache.hadoop.yarn.util.resource.TestResourceCalculator
[INFO] Tests run: 20, Failures: 0, Errors: 0, Skipped: 0, Time elapsed: 0.244 s - in org.apache.hadoop.yarn.util.resource.TestResourceCalculator
[INFO] Running org.apache.hadoop.yarn.util.TestAdHocLogDumper
[INFO] Tests run: 1, Failures: 0, Errors: 0, Skipped: 0, Time elapsed: 2.087 s - in org.apache.hadoop.yarn.util.TestAdHocLogDumper
[INFO] Running org.apache.hadoop.yarn.util.TestRackResolver
[INFO] Tests run: 2, Failures: 0, Errors: 0, Skipped: 0, Time elapsed: 16.083 s - in org.apache.hadoop.yarn.util.TestRackResolver
[INFO] Running org.apache.hadoop.yarn.util.TestResourceCalculatorProcessTree
[INFO] Tests run: 2, Failures: 0, Errors: 0, Skipped: 0, Time elapsed: 0.101 s - in org.apache.hadoop.yarn.util.TestResourceCalculatorProcessTree
[INFO] Running org.apache.hadoop.yarn.util.TestRackResolverScriptBasedMapping
[INFO] Tests run: 1, Failures: 0, Errors: 0, Skipped: 0, Time elapsed: 0.13 s - in org.apache.hadoop.yarn.util.TestRackResolverScriptBasedMapping
[INFO] Running org.apache.hadoop.yarn.TestContainerLaunchRPC
[INFO] Tests run: 1, Failures: 0, Errors: 0, Skipped: 0, Time elapsed: 3.312 s - in org.apache.hadoop.yarn.TestContainerLaunchRPC
[INFO] Running org.apache.hadoop.yarn.client.TestClientRMProxy
[INFO] Tests run: 3, Failures: 0, Errors: 0, Skipped: 0, Time elapsed: 0.297 s - in org.apache.hadoop.yarn.client.TestClientRMProxy
[INFO] Running org.apache.hadoop.yarn.client.api.impl.TestTimelineClientV2Impl
[INFO] Tests run: 8, Failures: 0, Errors: 0, Skipped: 0, Time elapsed: 3.69 s - in org.apache.hadoop.yarn.client.api.impl.TestTimelineClientV2Impl
[INFO] Running org.apache.hadoop.yarn.client.api.impl.TestTimelineReaderClientImpl
[INFO] Tests run: 6, Failures: 0, Errors: 0, Skipped: 0, Time elapsed: 0.665 s - in org.apache.hadoop.yarn.client.api.impl.TestTimelineReaderClientImpl
[INFO] Running org.apache.hadoop.yarn.client.api.impl.TestTimelineClient
[INFO] Tests run: 11, Failures: 0, Errors: 0, Skipped: 0, Time elapsed: 17.674 s - in org.apache.hadoop.yarn.client.api.impl.TestTimelineClient
[INFO] Running org.apache.hadoop.yarn.client.api.impl.TestTimelineClientForATS1_5
[INFO] Tests run: 4, Failures: 0, Errors: 0, Skipped: 0, Time elapsed: 0.857 s - in org.apache.hadoop.yarn.client.api.impl.TestTimelineClientForATS1_5
[INFO] Running org.apache.hadoop.yarn.security.TestDockerClientConfigHandler
[INFO] Tests run: 3, Failures: 0, Errors: 0, Skipped: 0, Time elapsed: 0.334 s - in org.apache.hadoop.yarn.security.TestDockerClientConfigHandler
[INFO] Running org.apache.hadoop.yarn.security.TestYARNTokenIdentifier
[INFO] Tests run: 13, Failures: 0, Errors: 0, Skipped: 0, Time elapsed: 0.206 s - in org.apache.hadoop.yarn.security.TestYARNTokenIdentifier
[INFO] Running org.apache.hadoop.yarn.factories.impl.pb.TestRpcClientFactoryPBImpl
[INFO] Tests run: 1, Failures: 0, Errors: 0, Skipped: 0, Time elapsed: 0.365 s - in org.apache.hadoop.yarn.factories.impl.pb.TestRpcClientFactoryPBImpl
[INFO] Running org.apache.hadoop.yarn.factories.impl.pb.TestRpcServerFactoryPBImpl
[INFO] Tests run: 1, Failures: 0, Errors: 0, Skipped: 0, Time elapsed: 0.366 s - in org.apache.hadoop.yarn.factories.impl.pb.TestRpcServerFactoryPBImpl
[INFO] Running org.apache.hadoop.yarn.TestRecordFactory
[INFO] Tests run: 1, Failures: 0, Errors: 0, Skipped: 0, Time elapsed: 0.116 s - in org.apache.hadoop.yarn.TestRecordFactory
[INFO] Running org.apache.hadoop.yarn.nodelabels.TestFileSystemNodeLabelsStore
[INFO] Tests run: 10, Failures: 0, Errors: 0, Skipped: 0, Time elapsed: 0.813 s - in org.apache.hadoop.yarn.nodelabels.TestFileSystemNodeLabelsStore
[INFO] Running org.apache.hadoop.yarn.nodelabels.TestCommonNodeLabelsManager
[INFO] Tests run: 17, Failures: 0, Errors: 0, Skipped: 0, Time elapsed: 0.31 s - in org.apache.hadoop.yarn.nodelabels.TestCommonNodeLabelsManager
[INFO] Running org.apache.hadoop.yarn.nodelabels.TestNodeLabelUtil
[INFO] Tests run: 2, Failures: 0, Errors: 0, Skipped: 0, Time elapsed: 0.135 s - in org.apache.hadoop.yarn.nodelabels.TestNodeLabelUtil
[INFO] Running org.apache.hadoop.yarn.webapp.TestParseRoute
[INFO] Tests run: 10, Failures: 0, Errors: 0, Skipped: 0, Time elapsed: 0.102 s - in org.apache.hadoop.yarn.webapp.TestParseRoute
[INFO] Running org.apache.hadoop.yarn.webapp.TestSubViews
[INFO] Tests run: 1, Failures: 0, Errors: 0, Skipped: 0, Time elapsed: 0.472 s - in org.apache.hadoop.yarn.webapp.TestSubViews
[INFO] Running org.apache.hadoop.yarn.webapp.TestWebApp
[INFO] Tests run: 12, Failures: 0, Errors: 0, Skipped: 0, Time elapsed: 1.581 s - in org.apache.hadoop.yarn.webapp.TestWebApp
[INFO] Running org.apache.hadoop.yarn.webapp.util.TestWebAppUtils
[INFO] Tests run: 5, Failures: 0, Errors: 0, Skipped: 0, Time elapsed: 1.542 s - in org.apache.hadoop.yarn.webapp.util.TestWebAppUtils
[INFO] Running org.apache.hadoop.yarn.webapp.util.TestWebServiceClient
[INFO] Tests run: 2, Failures: 0, Errors: 0, Skipped: 0, Time elapsed: 0.7 s - in org.apache.hadoop.yarn.webapp.util.TestWebServiceClient
[INFO] Running org.apache.hadoop.yarn.webapp.test.TestWebAppTests
[INFO] Tests run: 4, Failures: 0, Errors: 0, Skipped: 0, Time elapsed: 0.427 s - in org.apache.hadoop.yarn.webapp.test.TestWebAppTests
[INFO] Running org.apache.hadoop.yarn.webapp.view.TestHtmlPage
[INFO] Tests run: 2, Failures: 0, Errors: 0, Skipped: 0, Time elapsed: 0.45 s - in org.apache.hadoop.yarn.webapp.view.TestHtmlPage
[INFO] Running org.apache.hadoop.yarn.webapp.view.TestHtmlBlock
[INFO] Tests run: 3, Failures: 0, Errors: 0, Skipped: 0, Time elapsed: 0.466 s - in org.apache.hadoop.yarn.webapp.view.TestHtmlBlock
[INFO] Running org.apache.hadoop.yarn.webapp.view.TestCommonViews
[INFO] Tests run: 5, Failures: 0, Errors: 0, Skipped: 0, Time elapsed: 0.473 s - in org.apache.hadoop.yarn.webapp.view.TestCommonViews
[INFO] Running org.apache.hadoop.yarn.webapp.view.TestTwoColumnCssPage
[INFO] Tests run: 1, Failures: 0, Errors: 0, Skipped: 0, Time elapsed: 0.513 s - in org.apache.hadoop.yarn.webapp.view.TestTwoColumnCssPage
[INFO] Running org.apache.hadoop.yarn.webapp.view.TestInfoBlock
[INFO] Tests run: 2, Failures: 0, Errors: 0, Skipped: 0, Time elapsed: 0.463 s - in org.apache.hadoop.yarn.webapp.view.TestInfoBlock
[INFO] Running org.apache.hadoop.yarn.webapp.view.TestTwoColumnLayout
[INFO] Tests run: 1, Failures: 0, Errors: 0, Skipped: 0, Time elapsed: 0.5 s - in org.apache.hadoop.yarn.webapp.view.TestTwoColumnLayout
[INFO] Running org.apache.hadoop.yarn.logaggregation.TestAggregatedLogFormat
[WARNING] Tests run: 4, Failures: 0, Errors: 0, Skipped: 1, Time elapsed: 0.517 s - in org.apache.hadoop.yarn.logaggregation.TestAggregatedLogFormat
[INFO] Running org.apache.hadoop.yarn.logaggregation.TestAggregatedLogDeletionService
[INFO] Tests run: 4, Failures: 0, Errors: 0, Skipped: 0, Time elapsed: 1.626 s - in org.apache.hadoop.yarn.logaggregation.TestAggregatedLogDeletionService
[INFO] Running org.apache.hadoop.yarn.logaggregation.filecontroller.ifile.TestLogAggregationIndexedFileController
[INFO] Tests run: 3, Failures: 0, Errors: 0, Skipped: 0, Time elapsed: 0.676 s - in org.apache.hadoop.yarn.logaggregation.filecontroller.ifile.TestLogAggregationIndexedFileController
[INFO] Running org.apache.hadoop.yarn.logaggregation.filecontroller.TestLogAggregationFileController
[INFO] Tests run: 3, Failures: 0, Errors: 0, Skipped: 0, Time elapsed: 0.535 s - in org.apache.hadoop.yarn.logaggregation.filecontroller.TestLogAggregationFileController
[INFO] Running org.apache.hadoop.yarn.logaggregation.filecontroller.TestLogAggregationFileControllerFactory
[INFO] Tests run: 6, Failures: 0, Errors: 0, Skipped: 0, Time elapsed: 0.291 s - in org.apache.hadoop.yarn.logaggregation.filecontroller.TestLogAggregationFileControllerFactory
[INFO] Running org.apache.hadoop.yarn.logaggregation.TestAggregatedLogsBlock
[INFO] Tests run: 6, Failures: 0, Errors: 0, Skipped: 0, Time elapsed: 0.585 s - in org.apache.hadoop.yarn.logaggregation.TestAggregatedLogsBlock
[INFO] Running org.apache.hadoop.yarn.api.TestGetApplicationsRequest
[INFO] Tests run: 1, Failures: 0, Errors: 0, Skipped: 0, Time elapsed: 0.138 s - in org.apache.hadoop.yarn.api.TestGetApplicationsRequest
[INFO] Running org.apache.hadoop.yarn.api.TestResourcePBImpl
[INFO] Tests run: 8, Failures: 0, Errors: 0, Skipped: 0, Time elapsed: 0.241 s - in org.apache.hadoop.yarn.api.TestResourcePBImpl
[INFO] Running org.apache.hadoop.yarn.api.TestTimelineEntityGroupId
[INFO] Tests run: 1, Failures: 0, Errors: 0, Skipped: 0, Time elapsed: 0.134 s - in org.apache.hadoop.yarn.api.TestTimelineEntityGroupId
[INFO] Running org.apache.hadoop.yarn.api.records.TestResourceUtilization
[INFO] Tests run: 2, Failures: 0, Errors: 0, Skipped: 0, Time elapsed: 0.135 s - in org.apache.hadoop.yarn.api.records.TestResourceUtilization
[INFO] Running org.apache.hadoop.yarn.api.records.impl.pb.TestProtoUtils
[INFO] Tests run: 1, Failures: 0, Errors: 0, Skipped: 0, Time elapsed: 0.059 s - in org.apache.hadoop.yarn.api.records.impl.pb.TestProtoUtils
[INFO] Running org.apache.hadoop.yarn.api.records.impl.pb.TestApplicationClientProtocolRecords
[INFO] Tests run: 4, Failures: 0, Errors: 0, Skipped: 0, Time elapsed: 0.174 s - in org.apache.hadoop.yarn.api.records.impl.pb.TestApplicationClientProtocolRecords
[INFO] Running org.apache.hadoop.yarn.api.records.impl.pb.TestSerializedExceptionPBImpl
[INFO] Tests run: 5, Failures: 0, Errors: 0, Skipped: 0, Time elapsed: 0.053 s - in org.apache.hadoop.yarn.api.records.impl.pb.TestSerializedExceptionPBImpl
[INFO] Running org.apache.hadoop.yarn.api.records.timeline.TestTimelineRecords
[INFO] Tests run: 5, Failures: 0, Errors: 0, Skipped: 0, Time elapsed: 0.185 s - in org.apache.hadoop.yarn.api.records.timeline.TestTimelineRecords
[INFO] Running org.apache.hadoop.yarn.api.records.timelineservice.TestTimelineServiceRecords
[INFO] Tests run: 4, Failures: 0, Errors: 0, Skipped: 0, Time elapsed: 0.25 s - in org.apache.hadoop.yarn.api.records.timelineservice.TestTimelineServiceRecords
[INFO] Running org.apache.hadoop.yarn.api.TestPBImplRecords
[WARNING] Tests run: 145, Failures: 0, Errors: 0, Skipped: 5, Time elapsed: 0.592 s - in org.apache.hadoop.yarn.api.TestPBImplRecords
[INFO] Running org.apache.hadoop.yarn.api.TestApplicationAttemptId
[INFO] Tests run: 1, Failures: 0, Errors: 0, Skipped: 0, Time elapsed: 0.135 s - in org.apache.hadoop.yarn.api.TestApplicationAttemptId
[INFO] Running org.apache.hadoop.yarn.api.TestNodeId
[INFO] Tests run: 1, Failures: 0, Errors: 0, Skipped: 0, Time elapsed: 0.13 s - in org.apache.hadoop.yarn.api.TestNodeId
[INFO] Running org.apache.hadoop.yarn.api.TestResourceRequest
[INFO] Tests run: 1, Failures: 0, Errors: 0, Skipped: 0, Time elapsed: 0.147 s - in org.apache.hadoop.yarn.api.TestResourceRequest
[INFO] Running org.apache.hadoop.yarn.api.TestPlacementConstraintPBConversion
[INFO] Tests run: 3, Failures: 0, Errors: 0, Skipped: 0, Time elapsed: 0.047 s - in org.apache.hadoop.yarn.api.TestPlacementConstraintPBConversion
[INFO] Running org.apache.hadoop.yarn.api.resource.TestPlacementConstraintTransformations
[INFO] Tests run: 4, Failures: 0, Errors: 0, Skipped: 0, Time elapsed: 0.024 s - in org.apache.hadoop.yarn.api.resource.TestPlacementConstraintTransformations
[INFO] Running org.apache.hadoop.yarn.api.TestContainerId
[INFO] Tests run: 1, Failures: 0, Errors: 0, Skipped: 0, Time elapsed: 0.135 s - in org.apache.hadoop.yarn.api.TestContainerId
[INFO] Running org.apache.hadoop.yarn.api.TestApplicationId
[INFO] Tests run: 1, Failures: 0, Errors: 0, Skipped: 0, Time elapsed: 0.129 s - in org.apache.hadoop.yarn.api.TestApplicationId
[INFO] Running org.apache.hadoop.yarn.api.TestApplicatonReport
[INFO] Tests run: 1, Failures: 0, Errors: 0, Skipped: 0, Time elapsed: 0.143 s - in org.apache.hadoop.yarn.api.TestApplicatonReport
[INFO] 
[INFO] Results:
[INFO] 
[WARNING] Tests run: 493, Failures: 0, Errors: 0, Skipped: 7
[INFO] 
[INFO] ------------------------------------------------------------------------
[INFO] BUILD SUCCESS
[INFO] ------------------------------------------------------------------------
[INFO] Total time:  02:48 min
[INFO] Finished at: 2023-12-24T14:41:24Z
[INFO] ------------------------------------------------------------------------
Picked up _JAVA_OPTIONS: -Xmx7g
[INFO] Scanning for projects...
[INFO] ------------------------------------------------------------------------
[INFO] Detecting the operating system and CPU architecture
[INFO] ------------------------------------------------------------------------
[INFO] os.detected.name: linux
[INFO] os.detected.arch: x86_64
[INFO] os.detected.bitness: 64
[INFO] os.detected.version: 5.15
[INFO] os.detected.version.major: 5
[INFO] os.detected.version.minor: 15
[INFO] os.detected.release: ubuntu
[INFO] os.detected.release.version: 18.04
[INFO] os.detected.release.like.ubuntu: true
[INFO] os.detected.release.like.debian: true
[INFO] os.detected.classifier: linux-x86_64
[INFO] 
[INFO] ----------------< org.apache.hadoop:hadoop-yarn-common >----------------
[INFO] Building Apache Hadoop YARN Common 3.3.6
[INFO] --------------------------------[ jar ]---------------------------------
[INFO] 
[INFO] --- maven-clean-plugin:3.1.0:clean (default-clean) @ hadoop-yarn-common ---
[INFO] Deleting /home/ctestrunner/hadoop/hadoop-yarn-project/hadoop-yarn/hadoop-yarn-common/target
[INFO] 
[INFO] --- maven-antrun-plugin:1.7:run (create-testdirs) @ hadoop-yarn-common ---
[INFO] Executing tasks

main:
    [mkdir] Created dir: /home/ctestrunner/hadoop/hadoop-yarn-project/hadoop-yarn/hadoop-yarn-common/target/test-dir
[INFO] Executed tasks
[INFO] 
[INFO] --- protobuf-maven-plugin:0.5.1:compile (src-compile-protoc) @ hadoop-yarn-common ---
[INFO] Compiling 1 proto file(s) to /home/ctestrunner/hadoop/hadoop-yarn-project/hadoop-yarn/hadoop-yarn-common/target/generated-sources/java
[INFO] 
[INFO] --- maven-enforcer-plugin:3.0.0-M1:enforce (banned-illegal-imports) @ hadoop-yarn-common ---
[INFO] 
[INFO] --- replacer:1.5.3:replace (replace-generated-sources) @ hadoop-yarn-common ---
[INFO] Replacement run on 1 file.
[INFO] 
[INFO] --- replacer:1.5.3:replace (replace-sources) @ hadoop-yarn-common ---
[INFO] Replacement run on 494 files.
[INFO] 
[INFO] --- replacer:1.5.3:replace (replace-guava) @ hadoop-yarn-common ---
[INFO] Replacement run on 595 files.
[INFO] 
[INFO] --- hadoop-maven-plugins:3.3.6:version-info (version-info) @ hadoop-yarn-common ---
[INFO] SCM: GIT
[INFO] Computed MD5: d42eb795a5eadb0febf5e44a7f87a9
[INFO] 
[INFO] --- hadoop-maven-plugins:3.3.6:resource-gz (resource-gz) @ hadoop-yarn-common ---
[INFO] Compressing /home/ctestrunner/hadoop/hadoop-yarn-project/hadoop-yarn/hadoop-yarn-common/src/main/resources/webapps/static/dt-1.10.18/css/jui-dt.css to /home/ctestrunner/hadoop/hadoop-yarn-project/hadoop-yarn/hadoop-yarn-common/target/classes/webapps/static/dt-1.10.18/css/jui-dt.css.gz
[INFO] Compressing /home/ctestrunner/hadoop/hadoop-yarn-project/hadoop-yarn/hadoop-yarn-common/src/main/resources/webapps/static/dt-1.10.18/css/custom_datatable.css to /home/ctestrunner/hadoop/hadoop-yarn-project/hadoop-yarn/hadoop-yarn-common/target/classes/webapps/static/dt-1.10.18/css/custom_datatable.css.gz
[INFO] Compressing /home/ctestrunner/hadoop/hadoop-yarn-project/hadoop-yarn/hadoop-yarn-common/src/main/resources/webapps/static/dt-1.10.18/css/demo_table.css to /home/ctestrunner/hadoop/hadoop-yarn-project/hadoop-yarn/hadoop-yarn-common/target/classes/webapps/static/dt-1.10.18/css/demo_table.css.gz
[INFO] Compressing /home/ctestrunner/hadoop/hadoop-yarn-project/hadoop-yarn/hadoop-yarn-common/src/main/resources/webapps/static/dt-1.10.18/css/demo_page.css to /home/ctestrunner/hadoop/hadoop-yarn-project/hadoop-yarn/hadoop-yarn-common/target/classes/webapps/static/dt-1.10.18/css/demo_page.css.gz
[INFO] Compressing /home/ctestrunner/hadoop/hadoop-yarn-project/hadoop-yarn/hadoop-yarn-common/src/main/resources/webapps/static/dt-1.10.18/css/jquery.dataTables.css to /home/ctestrunner/hadoop/hadoop-yarn-project/hadoop-yarn/hadoop-yarn-common/target/classes/webapps/static/dt-1.10.18/css/jquery.dataTables.css.gz
[INFO] Compressing /home/ctestrunner/hadoop/hadoop-yarn-project/hadoop-yarn/hadoop-yarn-common/src/main/resources/webapps/static/dt-1.10.18/js/jquery.dataTables.min.js to /home/ctestrunner/hadoop/hadoop-yarn-project/hadoop-yarn/hadoop-yarn-common/target/classes/webapps/static/dt-1.10.18/js/jquery.dataTables.min.js.gz
[INFO] Compressing /home/ctestrunner/hadoop/hadoop-yarn-project/hadoop-yarn/hadoop-yarn-common/src/main/resources/webapps/static/jquery/jquery-3.6.0.min.js to /home/ctestrunner/hadoop/hadoop-yarn-project/hadoop-yarn/hadoop-yarn-common/target/classes/webapps/static/jquery/jquery-3.6.0.min.js.gz
[INFO] Compressing /home/ctestrunner/hadoop/hadoop-yarn-project/hadoop-yarn/hadoop-yarn-common/src/main/resources/webapps/static/jquery/jquery-ui-1.13.2.custom.min.js to /home/ctestrunner/hadoop/hadoop-yarn-project/hadoop-yarn/hadoop-yarn-common/target/classes/webapps/static/jquery/jquery-ui-1.13.2.custom.min.js.gz
[INFO] Compressing /home/ctestrunner/hadoop/hadoop-yarn-project/hadoop-yarn/hadoop-yarn-common/src/main/resources/webapps/static/jquery/themes-1.9.1/base/jquery-ui.css to /home/ctestrunner/hadoop/hadoop-yarn-project/hadoop-yarn/hadoop-yarn-common/target/classes/webapps/static/jquery/themes-1.9.1/base/jquery-ui.css.gz
[INFO] Compressing /home/ctestrunner/hadoop/hadoop-yarn-project/hadoop-yarn/hadoop-yarn-common/src/main/resources/webapps/static/yarn.dt.plugins.js to /home/ctestrunner/hadoop/hadoop-yarn-project/hadoop-yarn/hadoop-yarn-common/target/classes/webapps/static/yarn.dt.plugins.js.gz
[INFO] Compressing /home/ctestrunner/hadoop/hadoop-yarn-project/hadoop-yarn/hadoop-yarn-common/src/main/resources/webapps/static/dt-sorting/natural.js to /home/ctestrunner/hadoop/hadoop-yarn-project/hadoop-yarn/hadoop-yarn-common/target/classes/webapps/static/dt-sorting/natural.js.gz
[INFO] Compressing /home/ctestrunner/hadoop/hadoop-yarn-project/hadoop-yarn/hadoop-yarn-common/src/main/resources/webapps/static/jt/jquery.jstree.js to /home/ctestrunner/hadoop/hadoop-yarn-project/hadoop-yarn/hadoop-yarn-common/target/classes/webapps/static/jt/jquery.jstree.js.gz
[INFO] Compressing /home/ctestrunner/hadoop/hadoop-yarn-project/hadoop-yarn/hadoop-yarn-common/src/main/resources/webapps/static/yarn.css to /home/ctestrunner/hadoop/hadoop-yarn-project/hadoop-yarn/hadoop-yarn-common/target/classes/webapps/static/yarn.css.gz
[INFO] 
[INFO] --- maven-resources-plugin:2.6:resources (default-resources) @ hadoop-yarn-common ---
[INFO] Using 'UTF-8' encoding to copy filtered resources.
[INFO] Copying 53 resources
[INFO] Copying 1 resource
[INFO] 
[INFO] --- maven-compiler-plugin:3.1:compile (default-compile) @ hadoop-yarn-common ---
[INFO] Compiling 490 source files to /home/ctestrunner/hadoop/hadoop-yarn-project/hadoop-yarn/hadoop-yarn-common/target/classes
[WARNING] /home/ctestrunner/hadoop/hadoop-yarn-project/hadoop-yarn/hadoop-yarn-common/src/main/java/org/apache/hadoop/yarn/util/ProcfsBasedProcessTree.java: Some input files use or override a deprecated API.
[WARNING] /home/ctestrunner/hadoop/hadoop-yarn-project/hadoop-yarn/hadoop-yarn-common/src/main/java/org/apache/hadoop/yarn/util/ProcfsBasedProcessTree.java: Recompile with -Xlint:deprecation for details.
[WARNING] /home/ctestrunner/hadoop/hadoop-yarn-project/hadoop-yarn/hadoop-yarn-common/src/main/java/org/apache/hadoop/yarn/util/timeline/TimelineEntityV2Converter.java: Some input files use unchecked or unsafe operations.
[WARNING] /home/ctestrunner/hadoop/hadoop-yarn-project/hadoop-yarn/hadoop-yarn-common/src/main/java/org/apache/hadoop/yarn/util/timeline/TimelineEntityV2Converter.java: Recompile with -Xlint:unchecked for details.
[INFO] 
[INFO] --- protobuf-maven-plugin:0.5.1:test-compile (src-test-compile-protoc) @ hadoop-yarn-common ---
[INFO] Skipping mojo execution
[INFO] 
[INFO] --- replacer:1.5.3:replace (replace-test-sources) @ hadoop-yarn-common ---
[INFO] Replacement run on 101 files.
[INFO] 
[INFO] --- maven-resources-plugin:2.6:testResources (default-testResources) @ hadoop-yarn-common ---
[INFO] Using 'UTF-8' encoding to copy filtered resources.
[INFO] Copying 26 resources
[INFO] Copying 16 resources
[INFO] 
[INFO] --- replacer:1.5.3:replace (replace-generated-test-sources) @ hadoop-yarn-common ---
[INFO] Skipping
[INFO] 
[INFO] --- maven-compiler-plugin:3.1:testCompile (default-testCompile) @ hadoop-yarn-common ---
[INFO] Compiling 98 source files to /home/ctestrunner/hadoop/hadoop-yarn-project/hadoop-yarn/hadoop-yarn-common/target/test-classes
[WARNING] /home/ctestrunner/hadoop/hadoop-yarn-project/hadoop-yarn/hadoop-yarn-common/src/test/java/org/apache/hadoop/yarn/conf/TestHAUtil.java: Some input files use or override a deprecated API.
[WARNING] /home/ctestrunner/hadoop/hadoop-yarn-project/hadoop-yarn/hadoop-yarn-common/src/test/java/org/apache/hadoop/yarn/conf/TestHAUtil.java: Recompile with -Xlint:deprecation for details.
[WARNING] /home/ctestrunner/hadoop/hadoop-yarn-project/hadoop-yarn/hadoop-yarn-common/src/test/java/org/apache/hadoop/yarn/event/TestAsyncDispatcher.java: Some input files use unchecked or unsafe operations.
[WARNING] /home/ctestrunner/hadoop/hadoop-yarn-project/hadoop-yarn/hadoop-yarn-common/src/test/java/org/apache/hadoop/yarn/event/TestAsyncDispatcher.java: Recompile with -Xlint:unchecked for details.
[INFO] 
[INFO] --- maven-jar-plugin:2.5:test-jar (default) @ hadoop-yarn-common ---
[INFO] Building jar: /home/ctestrunner/hadoop/hadoop-yarn-project/hadoop-yarn/hadoop-yarn-common/target/hadoop-yarn-common-3.3.6-tests.jar
[INFO] 
[INFO] --- maven-surefire-plugin:3.0.0-M1:test (default-test) @ hadoop-yarn-common ---
[INFO] Tests are skipped.
[INFO] 
[INFO] --- maven-jar-plugin:2.5:jar (default-jar) @ hadoop-yarn-common ---
[INFO] Building jar: /home/ctestrunner/hadoop/hadoop-yarn-project/hadoop-yarn/hadoop-yarn-common/target/hadoop-yarn-common-3.3.6.jar
[INFO] 
[INFO] --- maven-site-plugin:3.9.1:attach-descriptor (attach-descriptor) @ hadoop-yarn-common ---
[INFO] Skipping because packaging 'jar' is not pom.
[INFO] 
[INFO] --- maven-enforcer-plugin:3.0.0-M1:enforce (depcheck) @ hadoop-yarn-common ---
[INFO] 
[INFO] --- maven-install-plugin:2.5.1:install (default-install) @ hadoop-yarn-common ---
[INFO] Installing /home/ctestrunner/hadoop/hadoop-yarn-project/hadoop-yarn/hadoop-yarn-common/target/hadoop-yarn-common-3.3.6.jar to /root/.m2/repository/org/apache/hadoop/hadoop-yarn-common/3.3.6/hadoop-yarn-common-3.3.6.jar
[INFO] Installing /home/ctestrunner/hadoop/hadoop-yarn-project/hadoop-yarn/hadoop-yarn-common/pom.xml to /root/.m2/repository/org/apache/hadoop/hadoop-yarn-common/3.3.6/hadoop-yarn-common-3.3.6.pom
[INFO] Installing /home/ctestrunner/hadoop/hadoop-yarn-project/hadoop-yarn/hadoop-yarn-common/target/hadoop-yarn-common-3.3.6-tests.jar to /root/.m2/repository/org/apache/hadoop/hadoop-yarn-common/3.3.6/hadoop-yarn-common-3.3.6-tests.jar
[INFO] ------------------------------------------------------------------------
[INFO] BUILD SUCCESS
[INFO] ------------------------------------------------------------------------
[INFO] Total time:  7.673 s
[INFO] Finished at: 2023-12-24T14:41:32Z
[INFO] ------------------------------------------------------------------------
Picked up _JAVA_OPTIONS: -Xmx7g
[INFO] Scanning for projects...
[INFO] ------------------------------------------------------------------------
[INFO] Detecting the operating system and CPU architecture
[INFO] ------------------------------------------------------------------------
[INFO] os.detected.name: linux
[INFO] os.detected.arch: x86_64
[INFO] os.detected.bitness: 64
[INFO] os.detected.version: 5.15
[INFO] os.detected.version.major: 5
[INFO] os.detected.version.minor: 15
[INFO] os.detected.release: ubuntu
[INFO] os.detected.release.version: 18.04
[INFO] os.detected.release.like.ubuntu: true
[INFO] os.detected.release.like.debian: true
[INFO] os.detected.classifier: linux-x86_64
[INFO] 
[INFO] ----------------< org.apache.hadoop:hadoop-yarn-common >----------------
[INFO] Building Apache Hadoop YARN Common 3.3.6
[INFO] --------------------------------[ jar ]---------------------------------
[INFO] 
[INFO] --- maven-surefire-plugin:3.0.0-M1:test (default-cli) @ hadoop-yarn-common ---
[INFO] 
[INFO] -------------------------------------------------------
[INFO]  T E S T S
[INFO] -------------------------------------------------------
[INFO] Running org.apache.hadoop.yarn.TestYarnUncaughtExceptionHandler
[INFO] Tests run: 3, Failures: 0, Errors: 0, Skipped: 0, Time elapsed: 0.264 s - in org.apache.hadoop.yarn.TestYarnUncaughtExceptionHandler
[INFO] Running org.apache.hadoop.yarn.TestRpcFactoryProvider
[INFO] Tests run: 1, Failures: 0, Errors: 0, Skipped: 0, Time elapsed: 0.133 s - in org.apache.hadoop.yarn.TestRpcFactoryProvider
[INFO] Running org.apache.hadoop.yarn.event.TestAsyncDispatcher
[INFO] Tests run: 7, Failures: 0, Errors: 0, Skipped: 0, Time elapsed: 37.363 s - in org.apache.hadoop.yarn.event.TestAsyncDispatcher
[INFO] Running org.apache.hadoop.yarn.TestContainerLogAppender
[INFO] Tests run: 1, Failures: 0, Errors: 0, Skipped: 0, Time elapsed: 0.083 s - in org.apache.hadoop.yarn.TestContainerLogAppender
[INFO] Running org.apache.hadoop.yarn.TestRPCFactories
[INFO] Tests run: 1, Failures: 0, Errors: 0, Skipped: 0, Time elapsed: 0.245 s - in org.apache.hadoop.yarn.TestRPCFactories
[INFO] Running org.apache.hadoop.yarn.server.security.TestApplicationACLsManager
[INFO] Tests run: 3, Failures: 0, Errors: 0, Skipped: 0, Time elapsed: 0.194 s - in org.apache.hadoop.yarn.server.security.TestApplicationACLsManager
[INFO] Running org.apache.hadoop.yarn.TestContainerResourceIncreaseRPC
[INFO] Tests run: 1, Failures: 0, Errors: 0, Skipped: 0, Time elapsed: 3.304 s - in org.apache.hadoop.yarn.TestContainerResourceIncreaseRPC
[INFO] Running org.apache.hadoop.yarn.conf.TestYarnConfiguration
[INFO] Tests run: 5, Failures: 0, Errors: 0, Skipped: 0, Time elapsed: 0.222 s - in org.apache.hadoop.yarn.conf.TestYarnConfiguration
[INFO] Running org.apache.hadoop.yarn.conf.TestHAUtil
[INFO] Tests run: 4, Failures: 0, Errors: 0, Skipped: 0, Time elapsed: 0.174 s - in org.apache.hadoop.yarn.conf.TestHAUtil
[INFO] Running org.apache.hadoop.yarn.ipc.TestRPCUtil
[INFO] Tests run: 11, Failures: 0, Errors: 0, Skipped: 0, Time elapsed: 0.05 s - in org.apache.hadoop.yarn.ipc.TestRPCUtil
[INFO] Running org.apache.hadoop.yarn.util.TestTimes
[INFO] Tests run: 6, Failures: 0, Errors: 0, Skipped: 0, Time elapsed: 0.113 s - in org.apache.hadoop.yarn.util.TestTimes
[INFO] Running org.apache.hadoop.yarn.util.TestLRUCacheHashMap
[INFO] Tests run: 1, Failures: 0, Errors: 0, Skipped: 0, Time elapsed: 0.019 s - in org.apache.hadoop.yarn.util.TestLRUCacheHashMap
[INFO] Running org.apache.hadoop.yarn.util.TestLog4jWarningErrorMetricsAppender
[INFO] Tests run: 6, Failures: 0, Errors: 0, Skipped: 0, Time elapsed: 9.105 s - in org.apache.hadoop.yarn.util.TestLog4jWarningErrorMetricsAppender
[INFO] Running org.apache.hadoop.yarn.util.TestYarnVersionInfo
[INFO] Tests run: 1, Failures: 0, Errors: 0, Skipped: 0, Time elapsed: 0.095 s - in org.apache.hadoop.yarn.util.TestYarnVersionInfo
[INFO] Running org.apache.hadoop.yarn.util.TestTimelineServiceHelper
[INFO] Tests run: 1, Failures: 0, Errors: 0, Skipped: 0, Time elapsed: 0.071 s - in org.apache.hadoop.yarn.util.TestTimelineServiceHelper
[INFO] Running org.apache.hadoop.yarn.util.TestConverterUtils
[INFO] Tests run: 9, Failures: 0, Errors: 0, Skipped: 0, Time elapsed: 0.163 s - in org.apache.hadoop.yarn.util.TestConverterUtils
[INFO] Running org.apache.hadoop.yarn.util.TestFSDownload
[INFO] Tests run: 11, Failures: 0, Errors: 0, Skipped: 0, Time elapsed: 0.66 s - in org.apache.hadoop.yarn.util.TestFSDownload
[INFO] Running org.apache.hadoop.yarn.util.timeline.TestShortenedFlowName
[INFO] Tests run: 2, Failures: 0, Errors: 0, Skipped: 0, Time elapsed: 0.211 s - in org.apache.hadoop.yarn.util.timeline.TestShortenedFlowName
[INFO] Running org.apache.hadoop.yarn.util.TestApps
[INFO] Tests run: 6, Failures: 0, Errors: 0, Skipped: 0, Time elapsed: 0.13 s - in org.apache.hadoop.yarn.util.TestApps
[INFO] Running org.apache.hadoop.yarn.util.TestProcfsBasedProcessTree
[INFO] Tests run: 5, Failures: 0, Errors: 0, Skipped: 0, Time elapsed: 7.816 s - in org.apache.hadoop.yarn.util.TestProcfsBasedProcessTree
[INFO] Running org.apache.hadoop.yarn.util.TestBoundedAppender
[INFO] Tests run: 6, Failures: 0, Errors: 0, Skipped: 0, Time elapsed: 0.028 s - in org.apache.hadoop.yarn.util.TestBoundedAppender
[INFO] Running org.apache.hadoop.yarn.util.TestWindowsBasedProcessTree
[WARNING] Tests run: 1, Failures: 0, Errors: 0, Skipped: 1, Time elapsed: 0.096 s - in org.apache.hadoop.yarn.util.TestWindowsBasedProcessTree
[INFO] Running org.apache.hadoop.yarn.util.resource.TestResourceUtils
[INFO] Tests run: 14, Failures: 0, Errors: 0, Skipped: 0, Time elapsed: 0.327 s - in org.apache.hadoop.yarn.util.resource.TestResourceUtils
[INFO] Running org.apache.hadoop.yarn.util.resource.TestResources
[INFO] Tests run: 17, Failures: 0, Errors: 0, Skipped: 0, Time elapsed: 0.214 s - in org.apache.hadoop.yarn.util.resource.TestResources
[INFO] Running org.apache.hadoop.yarn.util.resource.TestResourceCalculator
[INFO] Tests run: 20, Failures: 0, Errors: 0, Skipped: 0, Time elapsed: 0.251 s - in org.apache.hadoop.yarn.util.resource.TestResourceCalculator
[INFO] Running org.apache.hadoop.yarn.util.TestAdHocLogDumper
[INFO] Tests run: 1, Failures: 0, Errors: 0, Skipped: 0, Time elapsed: 2.095 s - in org.apache.hadoop.yarn.util.TestAdHocLogDumper
[INFO] Running org.apache.hadoop.yarn.util.TestRackResolver
[INFO] Tests run: 2, Failures: 0, Errors: 0, Skipped: 0, Time elapsed: 16.1 s - in org.apache.hadoop.yarn.util.TestRackResolver
[INFO] Running org.apache.hadoop.yarn.util.TestResourceCalculatorProcessTree
[INFO] Tests run: 2, Failures: 0, Errors: 0, Skipped: 0, Time elapsed: 0.103 s - in org.apache.hadoop.yarn.util.TestResourceCalculatorProcessTree
[INFO] Running org.apache.hadoop.yarn.util.TestRackResolverScriptBasedMapping
[INFO] Tests run: 1, Failures: 0, Errors: 0, Skipped: 0, Time elapsed: 0.126 s - in org.apache.hadoop.yarn.util.TestRackResolverScriptBasedMapping
[INFO] Running org.apache.hadoop.yarn.TestContainerLaunchRPC
[INFO] Tests run: 1, Failures: 0, Errors: 0, Skipped: 0, Time elapsed: 3.315 s - in org.apache.hadoop.yarn.TestContainerLaunchRPC
[INFO] Running org.apache.hadoop.yarn.client.TestClientRMProxy
[INFO] Tests run: 3, Failures: 0, Errors: 0, Skipped: 0, Time elapsed: 0.306 s - in org.apache.hadoop.yarn.client.TestClientRMProxy
[INFO] Running org.apache.hadoop.yarn.client.api.impl.TestTimelineClientV2Impl
[INFO] Tests run: 8, Failures: 0, Errors: 0, Skipped: 0, Time elapsed: 3.716 s - in org.apache.hadoop.yarn.client.api.impl.TestTimelineClientV2Impl
[INFO] Running org.apache.hadoop.yarn.client.api.impl.TestTimelineReaderClientImpl
[INFO] Tests run: 6, Failures: 0, Errors: 0, Skipped: 0, Time elapsed: 0.678 s - in org.apache.hadoop.yarn.client.api.impl.TestTimelineReaderClientImpl
[INFO] Running org.apache.hadoop.yarn.client.api.impl.TestTimelineClient
[INFO] Tests run: 11, Failures: 0, Errors: 0, Skipped: 0, Time elapsed: 17.708 s - in org.apache.hadoop.yarn.client.api.impl.TestTimelineClient
[INFO] Running org.apache.hadoop.yarn.client.api.impl.TestTimelineClientForATS1_5
[INFO] Tests run: 4, Failures: 0, Errors: 0, Skipped: 0, Time elapsed: 0.809 s - in org.apache.hadoop.yarn.client.api.impl.TestTimelineClientForATS1_5
[INFO] Running org.apache.hadoop.yarn.security.TestDockerClientConfigHandler
[INFO] Tests run: 3, Failures: 0, Errors: 0, Skipped: 0, Time elapsed: 0.314 s - in org.apache.hadoop.yarn.security.TestDockerClientConfigHandler
[INFO] Running org.apache.hadoop.yarn.security.TestYARNTokenIdentifier
[INFO] Tests run: 13, Failures: 0, Errors: 0, Skipped: 0, Time elapsed: 0.216 s - in org.apache.hadoop.yarn.security.TestYARNTokenIdentifier
[INFO] Running org.apache.hadoop.yarn.factories.impl.pb.TestRpcClientFactoryPBImpl
[INFO] Tests run: 1, Failures: 0, Errors: 0, Skipped: 0, Time elapsed: 0.371 s - in org.apache.hadoop.yarn.factories.impl.pb.TestRpcClientFactoryPBImpl
[INFO] Running org.apache.hadoop.yarn.factories.impl.pb.TestRpcServerFactoryPBImpl
[INFO] Tests run: 1, Failures: 0, Errors: 0, Skipped: 0, Time elapsed: 0.374 s - in org.apache.hadoop.yarn.factories.impl.pb.TestRpcServerFactoryPBImpl
[INFO] Running org.apache.hadoop.yarn.TestRecordFactory
[INFO] Tests run: 1, Failures: 0, Errors: 0, Skipped: 0, Time elapsed: 0.118 s - in org.apache.hadoop.yarn.TestRecordFactory
[INFO] Running org.apache.hadoop.yarn.nodelabels.TestFileSystemNodeLabelsStore
[INFO] Tests run: 10, Failures: 0, Errors: 0, Skipped: 0, Time elapsed: 0.81 s - in org.apache.hadoop.yarn.nodelabels.TestFileSystemNodeLabelsStore
[INFO] Running org.apache.hadoop.yarn.nodelabels.TestCommonNodeLabelsManager
[INFO] Tests run: 17, Failures: 0, Errors: 0, Skipped: 0, Time elapsed: 0.319 s - in org.apache.hadoop.yarn.nodelabels.TestCommonNodeLabelsManager
[INFO] Running org.apache.hadoop.yarn.nodelabels.TestNodeLabelUtil
[INFO] Tests run: 2, Failures: 0, Errors: 0, Skipped: 0, Time elapsed: 0.134 s - in org.apache.hadoop.yarn.nodelabels.TestNodeLabelUtil
[INFO] Running org.apache.hadoop.yarn.webapp.TestParseRoute
[INFO] Tests run: 10, Failures: 0, Errors: 0, Skipped: 0, Time elapsed: 0.105 s - in org.apache.hadoop.yarn.webapp.TestParseRoute
[INFO] Running org.apache.hadoop.yarn.webapp.TestSubViews
[INFO] Tests run: 1, Failures: 0, Errors: 0, Skipped: 0, Time elapsed: 0.46 s - in org.apache.hadoop.yarn.webapp.TestSubViews
[INFO] Running org.apache.hadoop.yarn.webapp.TestWebApp
[INFO] Tests run: 12, Failures: 0, Errors: 0, Skipped: 0, Time elapsed: 1.557 s - in org.apache.hadoop.yarn.webapp.TestWebApp
[INFO] Running org.apache.hadoop.yarn.webapp.util.TestWebAppUtils
[INFO] Tests run: 5, Failures: 0, Errors: 0, Skipped: 0, Time elapsed: 1.527 s - in org.apache.hadoop.yarn.webapp.util.TestWebAppUtils
[INFO] Running org.apache.hadoop.yarn.webapp.util.TestWebServiceClient
[INFO] Tests run: 2, Failures: 0, Errors: 0, Skipped: 0, Time elapsed: 0.701 s - in org.apache.hadoop.yarn.webapp.util.TestWebServiceClient
[INFO] Running org.apache.hadoop.yarn.webapp.test.TestWebAppTests
[INFO] Tests run: 4, Failures: 0, Errors: 0, Skipped: 0, Time elapsed: 0.432 s - in org.apache.hadoop.yarn.webapp.test.TestWebAppTests
[INFO] Running org.apache.hadoop.yarn.webapp.view.TestHtmlPage
[INFO] Tests run: 2, Failures: 0, Errors: 0, Skipped: 0, Time elapsed: 0.462 s - in org.apache.hadoop.yarn.webapp.view.TestHtmlPage
[INFO] Running org.apache.hadoop.yarn.webapp.view.TestHtmlBlock
[INFO] Tests run: 3, Failures: 0, Errors: 0, Skipped: 0, Time elapsed: 0.478 s - in org.apache.hadoop.yarn.webapp.view.TestHtmlBlock
[INFO] Running org.apache.hadoop.yarn.webapp.view.TestCommonViews
[INFO] Tests run: 5, Failures: 0, Errors: 0, Skipped: 0, Time elapsed: 0.497 s - in org.apache.hadoop.yarn.webapp.view.TestCommonViews
[INFO] Running org.apache.hadoop.yarn.webapp.view.TestTwoColumnCssPage
[INFO] Tests run: 1, Failures: 0, Errors: 0, Skipped: 0, Time elapsed: 0.541 s - in org.apache.hadoop.yarn.webapp.view.TestTwoColumnCssPage
[INFO] Running org.apache.hadoop.yarn.webapp.view.TestInfoBlock
[INFO] Tests run: 2, Failures: 0, Errors: 0, Skipped: 0, Time elapsed: 0.467 s - in org.apache.hadoop.yarn.webapp.view.TestInfoBlock
[INFO] Running org.apache.hadoop.yarn.webapp.view.TestTwoColumnLayout
[INFO] Tests run: 1, Failures: 0, Errors: 0, Skipped: 0, Time elapsed: 0.547 s - in org.apache.hadoop.yarn.webapp.view.TestTwoColumnLayout
[INFO] Running org.apache.hadoop.yarn.logaggregation.TestAggregatedLogFormat
[WARNING] Tests run: 4, Failures: 0, Errors: 0, Skipped: 1, Time elapsed: 0.533 s - in org.apache.hadoop.yarn.logaggregation.TestAggregatedLogFormat
[INFO] Running org.apache.hadoop.yarn.logaggregation.TestAggregatedLogDeletionService
[INFO] Tests run: 4, Failures: 0, Errors: 0, Skipped: 0, Time elapsed: 1.627 s - in org.apache.hadoop.yarn.logaggregation.TestAggregatedLogDeletionService
[INFO] Running org.apache.hadoop.yarn.logaggregation.filecontroller.ifile.TestLogAggregationIndexedFileController
[INFO] Tests run: 3, Failures: 0, Errors: 0, Skipped: 0, Time elapsed: 0.682 s - in org.apache.hadoop.yarn.logaggregation.filecontroller.ifile.TestLogAggregationIndexedFileController
[INFO] Running org.apache.hadoop.yarn.logaggregation.filecontroller.TestLogAggregationFileController
[INFO] Tests run: 3, Failures: 0, Errors: 0, Skipped: 0, Time elapsed: 0.511 s - in org.apache.hadoop.yarn.logaggregation.filecontroller.TestLogAggregationFileController
[INFO] Running org.apache.hadoop.yarn.logaggregation.filecontroller.TestLogAggregationFileControllerFactory
[INFO] Tests run: 6, Failures: 0, Errors: 0, Skipped: 0, Time elapsed: 0.294 s - in org.apache.hadoop.yarn.logaggregation.filecontroller.TestLogAggregationFileControllerFactory
[INFO] Running org.apache.hadoop.yarn.logaggregation.TestAggregatedLogsBlock
[INFO] Tests run: 6, Failures: 0, Errors: 0, Skipped: 0, Time elapsed: 0.578 s - in org.apache.hadoop.yarn.logaggregation.TestAggregatedLogsBlock
[INFO] Running org.apache.hadoop.yarn.api.TestGetApplicationsRequest
[INFO] Tests run: 1, Failures: 0, Errors: 0, Skipped: 0, Time elapsed: 0.144 s - in org.apache.hadoop.yarn.api.TestGetApplicationsRequest
[INFO] Running org.apache.hadoop.yarn.api.TestResourcePBImpl
[INFO] Tests run: 8, Failures: 0, Errors: 0, Skipped: 0, Time elapsed: 0.232 s - in org.apache.hadoop.yarn.api.TestResourcePBImpl
[INFO] Running org.apache.hadoop.yarn.api.TestTimelineEntityGroupId
[INFO] Tests run: 1, Failures: 0, Errors: 0, Skipped: 0, Time elapsed: 0.137 s - in org.apache.hadoop.yarn.api.TestTimelineEntityGroupId
[INFO] Running org.apache.hadoop.yarn.api.records.TestResourceUtilization
[INFO] Tests run: 2, Failures: 0, Errors: 0, Skipped: 0, Time elapsed: 0.142 s - in org.apache.hadoop.yarn.api.records.TestResourceUtilization
[INFO] Running org.apache.hadoop.yarn.api.records.impl.pb.TestProtoUtils
[INFO] Tests run: 1, Failures: 0, Errors: 0, Skipped: 0, Time elapsed: 0.056 s - in org.apache.hadoop.yarn.api.records.impl.pb.TestProtoUtils
[INFO] Running org.apache.hadoop.yarn.api.records.impl.pb.TestApplicationClientProtocolRecords
[INFO] Tests run: 4, Failures: 0, Errors: 0, Skipped: 0, Time elapsed: 0.172 s - in org.apache.hadoop.yarn.api.records.impl.pb.TestApplicationClientProtocolRecords
[INFO] Running org.apache.hadoop.yarn.api.records.impl.pb.TestSerializedExceptionPBImpl
[INFO] Tests run: 5, Failures: 0, Errors: 0, Skipped: 0, Time elapsed: 0.058 s - in org.apache.hadoop.yarn.api.records.impl.pb.TestSerializedExceptionPBImpl
[INFO] Running org.apache.hadoop.yarn.api.records.timeline.TestTimelineRecords
[INFO] Tests run: 5, Failures: 0, Errors: 0, Skipped: 0, Time elapsed: 0.186 s - in org.apache.hadoop.yarn.api.records.timeline.TestTimelineRecords
[INFO] Running org.apache.hadoop.yarn.api.records.timelineservice.TestTimelineServiceRecords
[INFO] Tests run: 4, Failures: 0, Errors: 0, Skipped: 0, Time elapsed: 0.248 s - in org.apache.hadoop.yarn.api.records.timelineservice.TestTimelineServiceRecords
[INFO] Running org.apache.hadoop.yarn.api.TestPBImplRecords
[WARNING] Tests run: 145, Failures: 0, Errors: 0, Skipped: 5, Time elapsed: 0.586 s - in org.apache.hadoop.yarn.api.TestPBImplRecords
[INFO] Running org.apache.hadoop.yarn.api.TestApplicationAttemptId
[INFO] Tests run: 1, Failures: 0, Errors: 0, Skipped: 0, Time elapsed: 0.131 s - in org.apache.hadoop.yarn.api.TestApplicationAttemptId
[INFO] Running org.apache.hadoop.yarn.api.TestNodeId
[INFO] Tests run: 1, Failures: 0, Errors: 0, Skipped: 0, Time elapsed: 0.137 s - in org.apache.hadoop.yarn.api.TestNodeId
[INFO] Running org.apache.hadoop.yarn.api.TestResourceRequest
[INFO] Tests run: 1, Failures: 0, Errors: 0, Skipped: 0, Time elapsed: 0.16 s - in org.apache.hadoop.yarn.api.TestResourceRequest
[INFO] Running org.apache.hadoop.yarn.api.TestPlacementConstraintPBConversion
[INFO] Tests run: 3, Failures: 0, Errors: 0, Skipped: 0, Time elapsed: 0.043 s - in org.apache.hadoop.yarn.api.TestPlacementConstraintPBConversion
[INFO] Running org.apache.hadoop.yarn.api.resource.TestPlacementConstraintTransformations
[INFO] Tests run: 4, Failures: 0, Errors: 0, Skipped: 0, Time elapsed: 0.026 s - in org.apache.hadoop.yarn.api.resource.TestPlacementConstraintTransformations
[INFO] Running org.apache.hadoop.yarn.api.TestContainerId
[INFO] Tests run: 1, Failures: 0, Errors: 0, Skipped: 0, Time elapsed: 0.136 s - in org.apache.hadoop.yarn.api.TestContainerId
[INFO] Running org.apache.hadoop.yarn.api.TestApplicationId
[INFO] Tests run: 1, Failures: 0, Errors: 0, Skipped: 0, Time elapsed: 0.132 s - in org.apache.hadoop.yarn.api.TestApplicationId
[INFO] Running org.apache.hadoop.yarn.api.TestApplicatonReport
[INFO] Tests run: 1, Failures: 0, Errors: 0, Skipped: 0, Time elapsed: 0.146 s - in org.apache.hadoop.yarn.api.TestApplicatonReport
[INFO] 
[INFO] Results:
[INFO] 
[WARNING] Tests run: 493, Failures: 0, Errors: 0, Skipped: 7
[INFO] 
[INFO] ------------------------------------------------------------------------
[INFO] BUILD SUCCESS
[INFO] ------------------------------------------------------------------------
[INFO] Total time:  02:49 min
[INFO] Finished at: 2023-12-24T14:44:22Z
[INFO] ------------------------------------------------------------------------

<<<ctest-runner-script>>> normal import and @RunWith added for /home/ctestrunner/hadoop/hadoop-yarn-project/hadoop-yarn/hadoop-yarn-common/src/test/java/org/apache/hadoop/yarn/api/records/impl/pb/TestProtoUtils.java
<<<ctest-runner-script>>> normal import and @RunWith added for /home/ctestrunner/hadoop/hadoop-yarn-project/hadoop-yarn/hadoop-yarn-common/src/test/java/org/apache/hadoop/yarn/api/records/impl/pb/TestSerializedExceptionPBImpl.java
<<<ctest-runner-script>>> normal import and @RunWith added for /home/ctestrunner/hadoop/hadoop-yarn-project/hadoop-yarn/hadoop-yarn-common/src/test/java/org/apache/hadoop/yarn/api/records/timeline/TestTimelineRecords.java
<<<ctest-runner-script>>> normal import and @RunWith added for /home/ctestrunner/hadoop/hadoop-yarn-project/hadoop-yarn/hadoop-yarn-common/src/test/java/org/apache/hadoop/yarn/api/records/timelineservice/TestTimelineServiceRecords.java
<<<ctest-runner-script>>> normal import and @RunWith added for /home/ctestrunner/hadoop/hadoop-yarn-project/hadoop-yarn/hadoop-yarn-common/src/test/java/org/apache/hadoop/yarn/api/resource/TestPlacementConstraintTransformations.java
[CTEST-RUNNER-EVAL] [CTEST-RND-COLLECTION] mvn clean and build
[CTEST-RUNNER-EVAL] [CTEST-RND-COLLECTION] Run the collection phase
[CTEST-RUNNER-EVAL] [CTEST-RND] mvn clean and build
[CTEST-RUNNER-EVAL] [CTEST-RND] Run the test with ctest runner
